# JRE version: OpenJDK Runtime Environment (8.0_275-b01) (build 1.8.0_275-b01)
# Java VM: OpenJDK 64-Bit Server VM (25.275-b01 mixed mode linux-amd64 compressed oops)
Heap:
 PSYoungGen      total 556544K, used 32K [0x000000076cd80000, 0x0000000796e80000, 0x00000007c0000000)
  eden space 424448K, 0% used [0x000000076cd80000,0x000000076cd80000,0x0000000786c00000)
  from space 132096K, 0% used [0x0000000786c00000,0x0000000786c08000,0x000000078ed00000)
  to   space 126976K, 0% used [0x000000078f280000,0x000000078f280000,0x0000000796e80000)
 ParOldGen       total 243200K, used 108985K [0x00000006c6800000, 0x00000006d5580000, 0x000000076cd80000)
  object space 243200K, 44% used [0x00000006c6800000,0x00000006cd26e5d0,0x00000006d5580000)
 Metaspace       used 19377K, capacity 19630K, committed 19968K, reserved 1067008K
  class space    used 1879K, capacity 1949K, committed 2048K, reserved 1048576K
GC Heap History (250 events):
Event: 173,322 GC heap after
Heap after GC invocations=640 (full 317):
 PSYoungGen      total 556032K, used 79797K [0x000000076cd80000, 0x0000000797880000, 0x00000007c0000000)
  eden space 435200K, 0% used [0x000000076cd80000,0x000000076cd80000,0x0000000787680000)
  from space 120832K, 66% used [0x0000000787680000,0x000000078c46d588,0x000000078ec80000)
  to   space 132096K, 0% used [0x000000078f780000,0x000000078f780000,0x0000000797880000)
 ParOldGen       total 243200K, used 75816K [0x00000006c6800000, 0x00000006d5580000, 0x000000076cd80000)
  object space 243200K, 31% used [0x00000006c6800000,0x00000006cb20a0b0,0x00000006d5580000)
 Metaspace       used 19234K, capacity 19502K, committed 19712K, reserved 1067008K
  class space    used 1874K, capacity 1949K, committed 2048K, reserved 1048576K
}
Event: 173,322 GC heap before
{Heap before GC invocations=641 (full 318):
 PSYoungGen      total 556032K, used 79797K [0x000000076cd80000, 0x0000000797880000, 0x00000007c0000000)
  eden space 435200K, 0% used [0x000000076cd80000,0x000000076cd80000,0x0000000787680000)
  from space 120832K, 66% used [0x0000000787680000,0x000000078c46d588,0x000000078ec80000)
  to   space 132096K, 0% used [0x000000078f780000,0x000000078f780000,0x0000000797880000)
 ParOldGen       total 243200K, used 75816K [0x00000006c6800000, 0x00000006d5580000, 0x000000076cd80000)
  object space 243200K, 31% used [0x00000006c6800000,0x00000006cb20a0b0,0x00000006d5580000)
 Metaspace       used 19234K, capacity 19502K, committed 19712K, reserved 1067008K
  class space    used 1874K, capacity 1949K, committed 2048K, reserved 1048576K
Event: 173,875 GC heap after
Heap after GC invocations=641 (full 318):
 PSYoungGen      total 556032K, used 0K [0x000000076cd80000, 0x0000000797880000, 0x00000007c0000000)
  eden space 435200K, 0% used [0x000000076cd80000,0x000000076cd80000,0x0000000787680000)
  from space 120832K, 0% used [0x0000000787680000,0x0000000787680000,0x000000078ec80000)
  to   space 132096K, 0% used [0x000000078f780000,0x000000078f780000,0x0000000797880000)
 ParOldGen       total 243200K, used 109674K [0x00000006c6800000, 0x00000006d5580000, 0x000000076cd80000)
  object space 243200K, 45% used [0x00000006c6800000,0x00000006cd31aa20,0x00000006d5580000)
 Metaspace       used 19234K, capacity 19502K, committed 19712K, reserved 1067008K
  class space    used 1874K, capacity 1949K, committed 2048K, reserved 1048576K
}
Event: 173,914 GC heap before
{Heap before GC invocations=642 (full 318):
 PSYoungGen      total 556032K, used 18624K [0x000000076cd80000, 0x0000000797880000, 0x00000007c0000000)
  eden space 435200K, 4% used [0x000000076cd80000,0x000000076dfb0300,0x0000000787680000)
  from space 120832K, 0% used [0x0000000787680000,0x0000000787680000,0x000000078ec80000)
  to   space 132096K, 0% used [0x000000078f780000,0x000000078f780000,0x0000000797880000)
 ParOldGen       total 243200K, used 109674K [0x00000006c6800000, 0x00000006d5580000, 0x000000076cd80000)
  object space 243200K, 45% used [0x00000006c6800000,0x00000006cd31aa20,0x00000006d5580000)
 Metaspace       used 19234K, capacity 19502K, committed 19712K, reserved 1067008K
  class space    used 1874K, capacity 1949K, committed 2048K, reserved 1048576K
Event: 173,915 GC heap after
Heap after GC invocations=642 (full 318):
 PSYoungGen      total 557056K, used 64K [0x000000076cd80000, 0x0000000796e80000, 0x00000007c0000000)
  eden space 435200K, 0% used [0x000000076cd80000,0x000000076cd80000,0x0000000787680000)
  from space 121856K, 0% used [0x000000078f780000,0x000000078f790000,0x0000000796e80000)
  to   space 126976K, 0% used [0x0000000787680000,0x0000000787680000,0x000000078f280000)
 ParOldGen       total 243200K, used 109674K [0x00000006c6800000, 0x00000006d5580000, 0x000000076cd80000)
  object space 243200K, 45% used [0x00000006c6800000,0x00000006cd31aa20,0x00000006d5580000)
 Metaspace       used 19234K, capacity 19502K, committed 19712K, reserved 1067008K
  class space    used 1874K, capacity 1949K, committed 2048K, reserved 1048576K
}
Event: 173,915 GC heap before
{Heap before GC invocations=643 (full 319):
 PSYoungGen      total 557056K, used 64K [0x000000076cd80000, 0x0000000796e80000, 0x00000007c0000000)
  eden space 435200K, 0% used [0x000000076cd80000,0x000000076cd80000,0x0000000787680000)
  from space 121856K, 0% used [0x000000078f780000,0x000000078f790000,0x0000000796e80000)
  to   space 126976K, 0% used [0x0000000787680000,0x0000000787680000,0x000000078f280000)
 ParOldGen       total 243200K, used 109674K [0x00000006c6800000, 0x00000006d5580000, 0x000000076cd80000)
  object space 243200K, 45% used [0x00000006c6800000,0x00000006cd31aa20,0x00000006d5580000)
 Metaspace       used 19234K, capacity 19502K, committed 19712K, reserved 1067008K
  class space    used 1874K, capacity 1949K, committed 2048K, reserved 1048576K
Event: 174,061 GC heap after
Heap after GC invocations=643 (full 319):
 PSYoungGen      total 557056K, used 0K [0x000000076cd80000, 0x0000000796e80000, 0x00000007c0000000)
  eden space 435200K, 0% used [0x000000076cd80000,0x000000076cd80000,0x0000000787680000)
  from space 121856K, 0% used [0x000000078f780000,0x000000078f780000,0x0000000796e80000)
  to   space 126976K, 0% used [0x0000000787680000,0x0000000787680000,0x000000078f280000)
 ParOldGen       total 243200K, used 81741K [0x00000006c6800000, 0x00000006d5580000, 0x000000076cd80000)
  object space 243200K, 33% used [0x00000006c6800000,0x00000006cb7d3740,0x00000006d5580000)
 Metaspace       used 19234K, capacity 19502K, committed 19712K, reserved 1067008K
  class space    used 1874K, capacity 1949K, committed 2048K, reserved 1048576K
}
Event: 174,068 GC heap before
{Heap before GC invocations=644 (full 319):
 PSYoungGen      total 557056K, used 5577K [0x000000076cd80000, 0x0000000796e80000, 0x00000007c0000000)
  eden space 435200K, 1% used [0x000000076cd80000,0x000000076d2f2758,0x0000000787680000)
  from space 121856K, 0% used [0x000000078f780000,0x000000078f780000,0x0000000796e80000)
  to   space 126976K, 0% used [0x0000000787680000,0x0000000787680000,0x000000078f280000)
 ParOldGen       total 243200K, used 81741K [0x00000006c6800000, 0x00000006d5580000, 0x000000076cd80000)
  object space 243200K, 33% used [0x00000006c6800000,0x00000006cb7d3740,0x00000006d5580000)
 Metaspace       used 19234K, capacity 19502K, committed 19712K, reserved 1067008K
  class space    used 1874K, capacity 1949K, committed 2048K, reserved 1048576K
Event: 174,086 GC heap after
Heap after GC invocations=644 (full 319):
 PSYoungGen      total 435712K, used 64K [0x000000076cd80000, 0x0000000796380000, 0x00000007c0000000)
  eden space 435200K, 0% used [0x000000076cd80000,0x000000076cd80000,0x0000000787680000)
  from space 512K, 12% used [0x0000000787680000,0x0000000787690000,0x0000000787700000)
  to   space 121344K, 0% used [0x000000078ed00000,0x000000078ed00000,0x0000000796380000)
 ParOldGen       total 243200K, used 81741K [0x00000006c6800000, 0x00000006d5580000, 0x000000076cd80000)
  object space 243200K, 33% used [0x00000006c6800000,0x00000006cb7d3740,0x00000006d5580000)
 Metaspace       used 19234K, capacity 19502K, committed 19712K, reserved 1067008K
  class space    used 1874K, capacity 1949K, committed 2048K, reserved 1048576K
}
Event: 174,086 GC heap before
{Heap before GC invocations=645 (full 320):
 PSYoungGen      total 435712K, used 64K [0x000000076cd80000, 0x0000000796380000, 0x00000007c0000000)
  eden space 435200K, 0% used [0x000000076cd80000,0x000000076cd80000,0x0000000787680000)
  from space 512K, 12% used [0x0000000787680000,0x0000000787690000,0x0000000787700000)
  to   space 121344K, 0% used [0x000000078ed00000,0x000000078ed00000,0x0000000796380000)
 ParOldGen       total 243200K, used 81741K [0x00000006c6800000, 0x00000006d5580000, 0x000000076cd80000)
  object space 243200K, 33% used [0x00000006c6800000,0x00000006cb7d3740,0x00000006d5580000)
 Metaspace       used 19234K, capacity 19502K, committed 19712K, reserved 1067008K
  class space    used 1874K, capacity 1949K, committed 2048K, reserved 1048576K
Event: 174,564 GC heap after
Heap after GC invocations=645 (full 320):
 PSYoungGen      total 435712K, used 0K [0x000000076cd80000, 0x0000000796380000, 0x00000007c0000000)
  eden space 435200K, 0% used [0x000000076cd80000,0x000000076cd80000,0x0000000787680000)
  from space 512K, 0% used [0x0000000787680000,0x0000000787680000,0x0000000787700000)
  to   space 121344K, 0% used [0x000000078ed00000,0x000000078ed00000,0x0000000796380000)
 ParOldGen       total 243200K, used 76441K [0x00000006c6800000, 0x00000006d5580000, 0x000000076cd80000)
  object space 243200K, 31% used [0x00000006c6800000,0x00000006cb2a64e0,0x00000006d5580000)
 Metaspace       used 19234K, capacity 19502K, committed 19712K, reserved 1067008K
  class space    used 1874K, capacity 1949K, committed 2048K, reserved 1048576K
}
Event: 175,214 GC heap before
{Heap before GC invocations=646 (full 320):
 PSYoungGen      total 435712K, used 325032K [0x000000076cd80000, 0x0000000796380000, 0x00000007c0000000)
  eden space 435200K, 74% used [0x000000076cd80000,0x0000000780aea3b0,0x0000000787680000)
  from space 512K, 0% used [0x0000000787680000,0x0000000787680000,0x0000000787700000)
  to   space 121344K, 0% used [0x000000078ed00000,0x000000078ed00000,0x0000000796380000)
 ParOldGen       total 243200K, used 76441K [0x00000006c6800000, 0x00000006d5580000, 0x000000076cd80000)
  object space 243200K, 31% used [0x00000006c6800000,0x00000006cb2a64e0,0x00000006d5580000)
 Metaspace       used 19239K, capacity 19502K, committed 19712K, reserved 1067008K
  class space    used 1874K, capacity 1949K, committed 2048K, reserved 1048576K
Event: 175,314 GC heap after
Heap after GC invocations=646 (full 320):
 PSYoungGen      total 545792K, used 79781K [0x000000076cd80000, 0x0000000797880000, 0x00000007c0000000)
  eden space 424448K, 0% used [0x000000076cd80000,0x000000076cd80000,0x0000000786c00000)
  from space 121344K, 65% used [0x000000078ed00000,0x0000000793ae9558,0x0000000796380000)
  to   space 132096K, 0% used [0x0000000786c00000,0x0000000786c00000,0x000000078ed00000)
 ParOldGen       total 243200K, used 76441K [0x00000006c6800000, 0x00000006d5580000, 0x000000076cd80000)
  object space 243200K, 31% used [0x00000006c6800000,0x00000006cb2a64e0,0x00000006d5580000)
 Metaspace       used 19239K, capacity 19502K, committed 19712K, reserved 1067008K
  class space    used 1874K, capacity 1949K, committed 2048K, reserved 1048576K
}
Event: 175,314 GC heap before
{Heap before GC invocations=647 (full 321):
 PSYoungGen      total 545792K, used 79781K [0x000000076cd80000, 0x0000000797880000, 0x00000007c0000000)
  eden space 424448K, 0% used [0x000000076cd80000,0x000000076cd80000,0x0000000786c00000)
  from space 121344K, 65% used [0x000000078ed00000,0x0000000793ae9558,0x0000000796380000)
  to   space 132096K, 0% used [0x0000000786c00000,0x0000000786c00000,0x000000078ed00000)
 ParOldGen       total 243200K, used 76441K [0x00000006c6800000, 0x00000006d5580000, 0x000000076cd80000)
  object space 243200K, 31% used [0x00000006c6800000,0x00000006cb2a64e0,0x00000006d5580000)
 Metaspace       used 19239K, capacity 19502K, committed 19712K, reserved 1067008K
  class space    used 1874K, capacity 1949K, committed 2048K, reserved 1048576K
Event: 175,845 GC heap after
Heap after GC invocations=647 (full 321):
 PSYoungGen      total 545792K, used 0K [0x000000076cd80000, 0x0000000797880000, 0x00000007c0000000)
  eden space 424448K, 0% used [0x000000076cd80000,0x000000076cd80000,0x0000000786c00000)
  from space 121344K, 0% used [0x000000078ed00000,0x000000078ed00000,0x0000000796380000)
  to   space 132096K, 0% used [0x0000000786c00000,0x0000000786c00000,0x000000078ed00000)
 ParOldGen       total 243200K, used 110280K [0x00000006c6800000, 0x00000006d5580000, 0x000000076cd80000)
  object space 243200K, 45% used [0x00000006c6800000,0x00000006cd3b2038,0x00000006d5580000)
 Metaspace       used 19239K, capacity 19502K, committed 19712K, reserved 1067008K
  class space    used 1874K, capacity 1949K, committed 2048K, reserved 1048576K
}
Event: 175,896 GC heap before
{Heap before GC invocations=648 (full 321):
 PSYoungGen      total 545792K, used 18165K [0x000000076cd80000, 0x0000000797880000, 0x00000007c0000000)
  eden space 424448K, 4% used [0x000000076cd80000,0x000000076df3d408,0x0000000786c00000)
  from space 121344K, 0% used [0x000000078ed00000,0x000000078ed00000,0x0000000796380000)
  to   space 132096K, 0% used [0x0000000786c00000,0x0000000786c00000,0x000000078ed00000)
 ParOldGen       total 243200K, used 110280K [0x00000006c6800000, 0x00000006d5580000, 0x000000076cd80000)
  object space 243200K, 45% used [0x00000006c6800000,0x00000006cd3b2038,0x00000006d5580000)
 Metaspace       used 19239K, capacity 19502K, committed 19712K, reserved 1067008K
  class space    used 1874K, capacity 1949K, committed 2048K, reserved 1048576K
Event: 175,899 GC heap after
Heap after GC invocations=648 (full 321):
 PSYoungGen      total 556544K, used 64K [0x000000076cd80000, 0x0000000796e80000, 0x00000007c0000000)
  eden space 424448K, 0% used [0x000000076cd80000,0x000000076cd80000,0x0000000786c00000)
  from space 132096K, 0% used [0x0000000786c00000,0x0000000786c10000,0x000000078ed00000)
  to   space 126976K, 0% used [0x000000078f280000,0x000000078f280000,0x0000000796e80000)
 ParOldGen       total 243200K, used 110280K [0x00000006c6800000, 0x00000006d5580000, 0x000000076cd80000)
  object space 243200K, 45% used [0x00000006c6800000,0x00000006cd3b2038,0x00000006d5580000)
 Metaspace       used 19239K, capacity 19502K, committed 19712K, reserved 1067008K
  class space    used 1874K, capacity 1949K, committed 2048K, reserved 1048576K
}
Event: 175,899 GC heap before
{Heap before GC invocations=649 (full 322):
 PSYoungGen      total 556544K, used 64K [0x000000076cd80000, 0x0000000796e80000, 0x00000007c0000000)
  eden space 424448K, 0% used [0x000000076cd80000,0x000000076cd80000,0x0000000786c00000)
  from space 132096K, 0% used [0x0000000786c00000,0x0000000786c10000,0x000000078ed00000)
  to   space 126976K, 0% used [0x000000078f280000,0x000000078f280000,0x0000000796e80000)
 ParOldGen       total 243200K, used 110280K [0x00000006c6800000, 0x00000006d5580000, 0x000000076cd80000)
  object space 243200K, 45% used [0x00000006c6800000,0x00000006cd3b2038,0x00000006d5580000)
 Metaspace       used 19239K, capacity 19502K, committed 19712K, reserved 1067008K
  class space    used 1874K, capacity 1949K, committed 2048K, reserved 1048576K
Event: 176,063 GC heap after
Heap after GC invocations=649 (full 322):
 PSYoungGen      total 556544K, used 0K [0x000000076cd80000, 0x0000000796e80000, 0x00000007c0000000)
  eden space 424448K, 0% used [0x000000076cd80000,0x000000076cd80000,0x0000000786c00000)
  from space 132096K, 0% used [0x0000000786c00000,0x0000000786c00000,0x000000078ed00000)
  to   space 126976K, 0% used [0x000000078f280000,0x000000078f280000,0x0000000796e80000)
 ParOldGen       total 243200K, used 81728K [0x00000006c6800000, 0x00000006d5580000, 0x000000076cd80000)
  object space 243200K, 33% used [0x00000006c6800000,0x00000006cb7d0010,0x00000006d5580000)
 Metaspace       used 19239K, capacity 19502K, committed 19712K, reserved 1067008K
  class space    used 1874K, capacity 1949K, committed 2048K, reserved 1048576K
}
Event: 176,064 GC heap before
{Heap before GC invocations=650 (full 322):
 PSYoungGen      total 556544K, used 5440K [0x000000076cd80000, 0x0000000796e80000, 0x00000007c0000000)
  eden space 424448K, 1% used [0x000000076cd80000,0x000000076d2d0068,0x0000000786c00000)
  from space 132096K, 0% used [0x0000000786c00000,0x0000000786c00000,0x000000078ed00000)
  to   space 126976K, 0% used [0x000000078f280000,0x000000078f280000,0x0000000796e80000)
 ParOldGen       total 243200K, used 81728K [0x00000006c6800000, 0x00000006d5580000, 0x000000076cd80000)
  object space 243200K, 33% used [0x00000006c6800000,0x00000006cb7d0010,0x00000006d5580000)
 Metaspace       used 19239K, capacity 19502K, committed 19712K, reserved 1067008K
  class space    used 1874K, capacity 1949K, committed 2048K, reserved 1048576K
Event: 176,067 GC heap after
Heap after GC invocations=650 (full 322):
 PSYoungGen      total 550912K, used 32K [0x000000076cd80000, 0x0000000796380000, 0x00000007c0000000)
  eden space 435200K, 0% used [0x000000076cd80000,0x000000076cd80000,0x0000000787680000)
  from space 115712K, 0% used [0x000000078f280000,0x000000078f288000,0x0000000796380000)
  to   space 121344K, 0% used [0x0000000787680000,0x0000000787680000,0x000000078ed00000)
 ParOldGen       total 243200K, used 81728K [0x00000006c6800000, 0x00000006d5580000, 0x000000076cd80000)
  object space 243200K, 33% used [0x00000006c6800000,0x00000006cb7d0010,0x00000006d5580000)
 Metaspace       used 19239K, capacity 19502K, committed 19712K, reserved 1067008K
  class space    used 1874K, capacity 1949K, committed 2048K, reserved 1048576K
}
Event: 176,067 GC heap before
{Heap before GC invocations=651 (full 323):
 PSYoungGen      total 550912K, used 32K [0x000000076cd80000, 0x0000000796380000, 0x00000007c0000000)
  eden space 435200K, 0% used [0x000000076cd80000,0x000000076cd80000,0x0000000787680000)
  from space 115712K, 0% used [0x000000078f280000,0x000000078f288000,0x0000000796380000)
  to   space 121344K, 0% used [0x0000000787680000,0x0000000787680000,0x000000078ed00000)
 ParOldGen       total 243200K, used 81728K [0x00000006c6800000, 0x00000006d5580000, 0x000000076cd80000)
  object space 243200K, 33% used [0x00000006c6800000,0x00000006cb7d0010,0x00000006d5580000)
 Metaspace       used 19239K, capacity 19502K, committed 19712K, reserved 1067008K
  class space    used 1874K, capacity 1949K, committed 2048K, reserved 1048576K
Event: 176,402 GC heap after
Heap after GC invocations=651 (full 323):
 PSYoungGen      total 550912K, used 0K [0x000000076cd80000, 0x0000000796380000, 0x00000007c0000000)
  eden space 435200K, 0% used [0x000000076cd80000,0x000000076cd80000,0x0000000787680000)
  from space 115712K, 0% used [0x000000078f280000,0x000000078f280000,0x0000000796380000)
  to   space 121344K, 0% used [0x0000000787680000,0x0000000787680000,0x000000078ed00000)
 ParOldGen       total 243200K, used 76431K [0x00000006c6800000, 0x00000006d5580000, 0x000000076cd80000)
  object space 243200K, 31% used [0x00000006c6800000,0x00000006cb2a3d08,0x00000006d5580000)
 Metaspace       used 19239K, capacity 19502K, committed 19712K, reserved 1067008K
  class space    used 1874K, capacity 1949K, committed 2048K, reserved 1048576K
}
Event: 177,153 GC heap before
{Heap before GC invocations=652 (full 323):
 PSYoungGen      total 550912K, used 320711K [0x000000076cd80000, 0x0000000796380000, 0x00000007c0000000)
  eden space 435200K, 73% used [0x000000076cd80000,0x00000007806b1dc8,0x0000000787680000)
  from space 115712K, 0% used [0x000000078f280000,0x000000078f280000,0x0000000796380000)
  to   space 121344K, 0% used [0x0000000787680000,0x0000000787680000,0x000000078ed00000)
 ParOldGen       total 243200K, used 76431K [0x00000006c6800000, 0x00000006d5580000, 0x000000076cd80000)
  object space 243200K, 31% used [0x00000006c6800000,0x00000006cb2a3d08,0x00000006d5580000)
 Metaspace       used 19261K, capacity 19566K, committed 19968K, reserved 1067008K
  class space    used 1874K, capacity 1949K, committed 2048K, reserved 1048576K
Event: 177,220 GC heap after
Heap after GC invocations=652 (full 323):
 PSYoungGen      total 556544K, used 79072K [0x000000076cd80000, 0x0000000797880000, 0x00000007c0000000)
  eden space 435200K, 0% used [0x000000076cd80000,0x000000076cd80000,0x0000000787680000)
  from space 121344K, 65% used [0x0000000787680000,0x000000078c3b8170,0x000000078ed00000)
  to   space 132096K, 0% used [0x000000078f780000,0x000000078f780000,0x0000000797880000)
 ParOldGen       total 243200K, used 76439K [0x00000006c6800000, 0x00000006d5580000, 0x000000076cd80000)
  object space 243200K, 31% used [0x00000006c6800000,0x00000006cb2a5d08,0x00000006d5580000)
 Metaspace       used 19261K, capacity 19566K, committed 19968K, reserved 1067008K
  class space    used 1874K, capacity 1949K, committed 2048K, reserved 1048576K
}
Event: 177,220 GC heap before
{Heap before GC invocations=653 (full 324):
 PSYoungGen      total 556544K, used 79072K [0x000000076cd80000, 0x0000000797880000, 0x00000007c0000000)
  eden space 435200K, 0% used [0x000000076cd80000,0x000000076cd80000,0x0000000787680000)
  from space 121344K, 65% used [0x0000000787680000,0x000000078c3b8170,0x000000078ed00000)
  to   space 132096K, 0% used [0x000000078f780000,0x000000078f780000,0x0000000797880000)
 ParOldGen       total 243200K, used 76439K [0x00000006c6800000, 0x00000006d5580000, 0x000000076cd80000)
  object space 243200K, 31% used [0x00000006c6800000,0x00000006cb2a5d08,0x00000006d5580000)
 Metaspace       used 19261K, capacity 19566K, committed 19968K, reserved 1067008K
  class space    used 1874K, capacity 1949K, committed 2048K, reserved 1048576K
Event: 177,745 GC heap after
Heap after GC invocations=653 (full 324):
 PSYoungGen      total 556544K, used 0K [0x000000076cd80000, 0x0000000797880000, 0x00000007c0000000)
  eden space 435200K, 0% used [0x000000076cd80000,0x000000076cd80000,0x0000000787680000)
  from space 121344K, 0% used [0x0000000787680000,0x0000000787680000,0x000000078ed00000)
  to   space 132096K, 0% used [0x000000078f780000,0x000000078f780000,0x0000000797880000)
 ParOldGen       total 243200K, used 155320K [0x00000006c6800000, 0x00000006d5580000, 0x000000076cd80000)
  object space 243200K, 63% used [0x00000006c6800000,0x00000006cffae138,0x00000006d5580000)
 Metaspace       used 19261K, capacity 19566K, committed 19968K, reserved 1067008K
  class space    used 1874K, capacity 1949K, committed 2048K, reserved 1048576K
}
Event: 177,745 GC heap before
{Heap before GC invocations=654 (full 324):
 PSYoungGen      total 556544K, used 12661K [0x000000076cd80000, 0x0000000797880000, 0x00000007c0000000)
  eden space 435200K, 2% used [0x000000076cd80000,0x000000076d9dd790,0x0000000787680000)
  from space 121344K, 0% used [0x0000000787680000,0x0000000787680000,0x000000078ed00000)
  to   space 132096K, 0% used [0x000000078f780000,0x000000078f780000,0x0000000797880000)
 ParOldGen       total 243200K, used 155320K [0x00000006c6800000, 0x00000006d5580000, 0x000000076cd80000)
  object space 243200K, 63% used [0x00000006c6800000,0x00000006cffae138,0x00000006d5580000)
 Metaspace       used 19261K, capacity 19566K, committed 19968K, reserved 1067008K
  class space    used 1874K, capacity 1949K, committed 2048K, reserved 1048576K
Event: 177,749 GC heap after
Heap after GC invocations=654 (full 324):
 PSYoungGen      total 557056K, used 64K [0x000000076cd80000, 0x0000000796e80000, 0x00000007c0000000)
  eden space 435200K, 0% used [0x000000076cd80000,0x000000076cd80000,0x0000000787680000)
  from space 121856K, 0% used [0x000000078f780000,0x000000078f790000,0x0000000796e80000)
  to   space 126976K, 0% used [0x0000000787680000,0x0000000787680000,0x000000078f280000)
 ParOldGen       total 243200K, used 155320K [0x00000006c6800000, 0x00000006d5580000, 0x000000076cd80000)
  object space 243200K, 63% used [0x00000006c6800000,0x00000006cffae138,0x00000006d5580000)
 Metaspace       used 19261K, capacity 19566K, committed 19968K, reserved 1067008K
  class space    used 1874K, capacity 1949K, committed 2048K, reserved 1048576K
}
Event: 177,749 GC heap before
{Heap before GC invocations=655 (full 325):
 PSYoungGen      total 557056K, used 64K [0x000000076cd80000, 0x0000000796e80000, 0x00000007c0000000)
  eden space 435200K, 0% used [0x000000076cd80000,0x000000076cd80000,0x0000000787680000)
  from space 121856K, 0% used [0x000000078f780000,0x000000078f790000,0x0000000796e80000)
  to   space 126976K, 0% used [0x0000000787680000,0x0000000787680000,0x000000078f280000)
 ParOldGen       total 243200K, used 155320K [0x00000006c6800000, 0x00000006d5580000, 0x000000076cd80000)
  object space 243200K, 63% used [0x00000006c6800000,0x00000006cffae138,0x00000006d5580000)
 Metaspace       used 19261K, capacity 19566K, committed 19968K, reserved 1067008K
  class space    used 1874K, capacity 1949K, committed 2048K, reserved 1048576K
Event: 178,078 GC heap after
Heap after GC invocations=655 (full 325):
 PSYoungGen      total 557056K, used 0K [0x000000076cd80000, 0x0000000796e80000, 0x00000007c0000000)
  eden space 435200K, 0% used [0x000000076cd80000,0x000000076cd80000,0x0000000787680000)
  from space 121856K, 0% used [0x000000078f780000,0x000000078f780000,0x0000000796e80000)
  to   space 126976K, 0% used [0x0000000787680000,0x0000000787680000,0x000000078f280000)
 ParOldGen       total 243200K, used 155318K [0x00000006c6800000, 0x00000006d5580000, 0x000000076cd80000)
  object space 243200K, 63% used [0x00000006c6800000,0x00000006cffadbb8,0x00000006d5580000)
 Metaspace       used 19261K, capacity 19566K, committed 19968K, reserved 1067008K
  class space    used 1874K, capacity 1949K, committed 2048K, reserved 1048576K
}
Event: 178,079 GC heap before
{Heap before GC invocations=656 (full 325):
 PSYoungGen      total 557056K, used 6143K [0x000000076cd80000, 0x0000000796e80000, 0x00000007c0000000)
  eden space 435200K, 1% used [0x000000076cd80000,0x000000076d37fd98,0x0000000787680000)
  from space 121856K, 0% used [0x000000078f780000,0x000000078f780000,0x0000000796e80000)
  to   space 126976K, 0% used [0x0000000787680000,0x0000000787680000,0x000000078f280000)
 ParOldGen       total 243200K, used 155318K [0x00000006c6800000, 0x00000006d5580000, 0x000000076cd80000)
  object space 243200K, 63% used [0x00000006c6800000,0x00000006cffadbb8,0x00000006d5580000)
 Metaspace       used 19261K, capacity 19566K, committed 19968K, reserved 1067008K
  class space    used 1874K, capacity 1949K, committed 2048K, reserved 1048576K
Event: 178,083 GC heap after
Heap after GC invocations=656 (full 325):
 PSYoungGen      total 435712K, used 32K [0x000000076cd80000, 0x0000000796380000, 0x00000007c0000000)
  eden space 435200K, 0% used [0x000000076cd80000,0x000000076cd80000,0x0000000787680000)
  from space 512K, 6% used [0x0000000787680000,0x0000000787688000,0x0000000787700000)
  to   space 121344K, 0% used [0x000000078ed00000,0x000000078ed00000,0x0000000796380000)
 ParOldGen       total 243200K, used 155318K [0x00000006c6800000, 0x00000006d5580000, 0x000000076cd80000)
  object space 243200K, 63% used [0x00000006c6800000,0x00000006cffadbb8,0x00000006d5580000)
 Metaspace       used 19261K, capacity 19566K, committed 19968K, reserved 1067008K
  class space    used 1874K, capacity 1949K, committed 2048K, reserved 1048576K
}
Event: 178,083 GC heap before
{Heap before GC invocations=657 (full 326):
 PSYoungGen      total 435712K, used 32K [0x000000076cd80000, 0x0000000796380000, 0x00000007c0000000)
  eden space 435200K, 0% used [0x000000076cd80000,0x000000076cd80000,0x0000000787680000)
  from space 512K, 6% used [0x0000000787680000,0x0000000787688000,0x0000000787700000)
  to   space 121344K, 0% used [0x000000078ed00000,0x000000078ed00000,0x0000000796380000)
 ParOldGen       total 243200K, used 155318K [0x00000006c6800000, 0x00000006d5580000, 0x000000076cd80000)
  object space 243200K, 63% used [0x00000006c6800000,0x00000006cffadbb8,0x00000006d5580000)
 Metaspace       used 19261K, capacity 19566K, committed 19968K, reserved 1067008K
  class space    used 1874K, capacity 1949K, committed 2048K, reserved 1048576K
Event: 178,516 GC heap after
Heap after GC invocations=657 (full 326):
 PSYoungGen      total 435712K, used 0K [0x000000076cd80000, 0x0000000796380000, 0x00000007c0000000)
  eden space 435200K, 0% used [0x000000076cd80000,0x000000076cd80000,0x0000000787680000)
  from space 512K, 0% used [0x0000000787680000,0x0000000787680000,0x0000000787700000)
  to   space 121344K, 0% used [0x000000078ed00000,0x000000078ed00000,0x0000000796380000)
 ParOldGen       total 243200K, used 150115K [0x00000006c6800000, 0x00000006d5580000, 0x000000076cd80000)
  object space 243200K, 61% used [0x00000006c6800000,0x00000006cfa98f30,0x00000006d5580000)
 Metaspace       used 19261K, capacity 19566K, committed 19968K, reserved 1067008K
  class space    used 1874K, capacity 1949K, committed 2048K, reserved 1048576K
}
Event: 179,662 GC heap before
{Heap before GC invocations=658 (full 326):
 PSYoungGen      total 435712K, used 317810K [0x000000076cd80000, 0x0000000796380000, 0x00000007c0000000)
  eden space 435200K, 73% used [0x000000076cd80000,0x00000007803dc858,0x0000000787680000)
  from space 512K, 0% used [0x0000000787680000,0x0000000787680000,0x0000000787700000)
  to   space 121344K, 0% used [0x000000078ed00000,0x000000078ed00000,0x0000000796380000)
 ParOldGen       total 243200K, used 150115K [0x00000006c6800000, 0x00000006d5580000, 0x000000076cd80000)
  object space 243200K, 61% used [0x00000006c6800000,0x00000006cfa98f30,0x00000006d5580000)
 Metaspace       used 19261K, capacity 19566K, committed 19968K, reserved 1067008K
  class space    used 1874K, capacity 1949K, committed 2048K, reserved 1048576K
Event: 179,751 GC heap after
Heap after GC invocations=658 (full 326):
 PSYoungGen      total 545792K, used 79104K [0x000000076cd80000, 0x0000000797880000, 0x00000007c0000000)
  eden space 424448K, 0% used [0x000000076cd80000,0x000000076cd80000,0x0000000786c00000)
  from space 121344K, 65% used [0x000000078ed00000,0x0000000793a40190,0x0000000796380000)
  to   space 132096K, 0% used [0x0000000786c00000,0x0000000786c00000,0x000000078ed00000)
 ParOldGen       total 243200K, used 150115K [0x00000006c6800000, 0x00000006d5580000, 0x000000076cd80000)
  object space 243200K, 61% used [0x00000006c6800000,0x00000006cfa98f30,0x00000006d5580000)
 Metaspace       used 19261K, capacity 19566K, committed 19968K, reserved 1067008K
  class space    used 1874K, capacity 1949K, committed 2048K, reserved 1048576K
}
Event: 179,751 GC heap before
{Heap before GC invocations=659 (full 327):
 PSYoungGen      total 545792K, used 79104K [0x000000076cd80000, 0x0000000797880000, 0x00000007c0000000)
  eden space 424448K, 0% used [0x000000076cd80000,0x000000076cd80000,0x0000000786c00000)
  from space 121344K, 65% used [0x000000078ed00000,0x0000000793a40190,0x0000000796380000)
  to   space 132096K, 0% used [0x0000000786c00000,0x0000000786c00000,0x000000078ed00000)
 ParOldGen       total 243200K, used 150115K [0x00000006c6800000, 0x00000006d5580000, 0x000000076cd80000)
  object space 243200K, 61% used [0x00000006c6800000,0x00000006cfa98f30,0x00000006d5580000)
 Metaspace       used 19261K, capacity 19566K, committed 19968K, reserved 1067008K
  class space    used 1874K, capacity 1949K, committed 2048K, reserved 1048576K
Event: 180,258 GC heap after
Heap after GC invocations=659 (full 327):
 PSYoungGen      total 545792K, used 0K [0x000000076cd80000, 0x0000000797880000, 0x00000007c0000000)
  eden space 424448K, 0% used [0x000000076cd80000,0x000000076cd80000,0x0000000786c00000)
  from space 121344K, 0% used [0x000000078ed00000,0x000000078ed00000,0x0000000796380000)
  to   space 132096K, 0% used [0x0000000786c00000,0x0000000786c00000,0x000000078ed00000)
 ParOldGen       total 243200K, used 154705K [0x00000006c6800000, 0x00000006d5580000, 0x000000076cd80000)
  object space 243200K, 63% used [0x00000006c6800000,0x00000006cff145a0,0x00000006d5580000)
 Metaspace       used 19261K, capacity 19566K, committed 19968K, reserved 1067008K
  class space    used 1874K, capacity 1949K, committed 2048K, reserved 1048576K
}
Event: 180,260 GC heap before
{Heap before GC invocations=660 (full 327):
 PSYoungGen      total 545792K, used 19460K [0x000000076cd80000, 0x0000000797880000, 0x00000007c0000000)
  eden space 424448K, 4% used [0x000000076cd80000,0x000000076e081208,0x0000000786c00000)
  from space 121344K, 0% used [0x000000078ed00000,0x000000078ed00000,0x0000000796380000)
  to   space 132096K, 0% used [0x0000000786c00000,0x0000000786c00000,0x000000078ed00000)
 ParOldGen       total 243200K, used 154705K [0x00000006c6800000, 0x00000006d5580000, 0x000000076cd80000)
  object space 243200K, 63% used [0x00000006c6800000,0x00000006cff145a0,0x00000006d5580000)
 Metaspace       used 19261K, capacity 19566K, committed 19968K, reserved 1067008K
  class space    used 1874K, capacity 1949K, committed 2048K, reserved 1048576K
Event: 180,266 GC heap after
Heap after GC invocations=660 (full 327):
 PSYoungGen      total 556544K, used 96K [0x000000076cd80000, 0x0000000796e80000, 0x00000007c0000000)
  eden space 424448K, 0% used [0x000000076cd80000,0x000000076cd80000,0x0000000786c00000)
  from space 132096K, 0% used [0x0000000786c00000,0x0000000786c18000,0x000000078ed00000)
  to   space 126976K, 0% used [0x000000078f280000,0x000000078f280000,0x0000000796e80000)
 ParOldGen       total 243200K, used 154705K [0x00000006c6800000, 0x00000006d5580000, 0x000000076cd80000)
  object space 243200K, 63% used [0x00000006c6800000,0x00000006cff145a0,0x00000006d5580000)
 Metaspace       used 19261K, capacity 19566K, committed 19968K, reserved 1067008K
  class space    used 1874K, capacity 1949K, committed 2048K, reserved 1048576K
}
Event: 180,266 GC heap before
{Heap before GC invocations=661 (full 328):
 PSYoungGen      total 556544K, used 96K [0x000000076cd80000, 0x0000000796e80000, 0x00000007c0000000)
  eden space 424448K, 0% used [0x000000076cd80000,0x000000076cd80000,0x0000000786c00000)
  from space 132096K, 0% used [0x0000000786c00000,0x0000000786c18000,0x000000078ed00000)
  to   space 126976K, 0% used [0x000000078f280000,0x000000078f280000,0x0000000796e80000)
 ParOldGen       total 243200K, used 154705K [0x00000006c6800000, 0x00000006d5580000, 0x000000076cd80000)
  object space 243200K, 63% used [0x00000006c6800000,0x00000006cff145a0,0x00000006d5580000)
 Metaspace       used 19261K, capacity 19566K, committed 19968K, reserved 1067008K
  class space    used 1874K, capacity 1949K, committed 2048K, reserved 1048576K
Event: 180,408 GC heap after
Heap after GC invocations=661 (full 328):
 PSYoungGen      total 556544K, used 0K [0x000000076cd80000, 0x0000000796e80000, 0x00000007c0000000)
  eden space 424448K, 0% used [0x000000076cd80000,0x000000076cd80000,0x0000000786c00000)
  from space 132096K, 0% used [0x0000000786c00000,0x0000000786c00000,0x000000078ed00000)
  to   space 126976K, 0% used [0x000000078f280000,0x000000078f280000,0x0000000796e80000)
 ParOldGen       total 243200K, used 81023K [0x00000006c6800000, 0x00000006d5580000, 0x000000076cd80000)
  object space 243200K, 33% used [0x00000006c6800000,0x00000006cb71fc38,0x00000006d5580000)
 Metaspace       used 19261K, capacity 19566K, committed 19968K, reserved 1067008K
  class space    used 1874K, capacity 1949K, committed 2048K, reserved 1048576K
}
Event: 180,409 GC heap before
{Heap before GC invocations=662 (full 328):
 PSYoungGen      total 556544K, used 11686K [0x000000076cd80000, 0x0000000796e80000, 0x00000007c0000000)
  eden space 424448K, 2% used [0x000000076cd80000,0x000000076d8e9b18,0x0000000786c00000)
  from space 132096K, 0% used [0x0000000786c00000,0x0000000786c00000,0x000000078ed00000)
  to   space 126976K, 0% used [0x000000078f280000,0x000000078f280000,0x0000000796e80000)
 ParOldGen       total 243200K, used 81023K [0x00000006c6800000, 0x00000006d5580000, 0x000000076cd80000)
  object space 243200K, 33% used [0x00000006c6800000,0x00000006cb71fc38,0x00000006d5580000)
 Metaspace       used 19261K, capacity 19566K, committed 19968K, reserved 1067008K
  class space    used 1874K, capacity 1949K, committed 2048K, reserved 1048576K
Event: 180,412 GC heap after
Heap after GC invocations=662 (full 328):
 PSYoungGen      total 550912K, used 32K [0x000000076cd80000, 0x0000000796380000, 0x00000007c0000000)
  eden space 435200K, 0% used [0x000000076cd80000,0x000000076cd80000,0x0000000787680000)
  from space 115712K, 0% used [0x000000078f280000,0x000000078f288000,0x0000000796380000)
  to   space 121344K, 0% used [0x0000000787680000,0x0000000787680000,0x000000078ed00000)
 ParOldGen       total 243200K, used 81023K [0x00000006c6800000, 0x00000006d5580000, 0x000000076cd80000)
  object space 243200K, 33% used [0x00000006c6800000,0x00000006cb71fc38,0x00000006d5580000)
 Metaspace       used 19261K, capacity 19566K, committed 19968K, reserved 1067008K
  class space    used 1874K, capacity 1949K, committed 2048K, reserved 1048576K
}
Event: 180,412 GC heap before
{Heap before GC invocations=663 (full 329):
 PSYoungGen      total 550912K, used 32K [0x000000076cd80000, 0x0000000796380000, 0x00000007c0000000)
  eden space 435200K, 0% used [0x000000076cd80000,0x000000076cd80000,0x0000000787680000)
  from space 115712K, 0% used [0x000000078f280000,0x000000078f288000,0x0000000796380000)
  to   space 121344K, 0% used [0x0000000787680000,0x0000000787680000,0x000000078ed00000)
 ParOldGen       total 243200K, used 81023K [0x00000006c6800000, 0x00000006d5580000, 0x000000076cd80000)
  object space 243200K, 33% used [0x00000006c6800000,0x00000006cb71fc38,0x00000006d5580000)
 Metaspace       used 19261K, capacity 19566K, committed 19968K, reserved 1067008K
  class space    used 1874K, capacity 1949K, committed 2048K, reserved 1048576K
Event: 180,653 GC heap after
Heap after GC invocations=663 (full 329):
 PSYoungGen      total 550912K, used 0K [0x000000076cd80000, 0x0000000796380000, 0x00000007c0000000)
  eden space 435200K, 0% used [0x000000076cd80000,0x000000076cd80000,0x0000000787680000)
  from space 115712K, 0% used [0x000000078f280000,0x000000078f280000,0x0000000796380000)
  to   space 121344K, 0% used [0x0000000787680000,0x0000000787680000,0x000000078ed00000)
 ParOldGen       total 243200K, used 75819K [0x00000006c6800000, 0x00000006d5580000, 0x000000076cd80000)
  object space 243200K, 31% used [0x00000006c6800000,0x00000006cb20ad78,0x00000006d5580000)
 Metaspace       used 19261K, capacity 19566K, committed 19968K, reserved 1067008K
  class space    used 1874K, capacity 1949K, committed 2048K, reserved 1048576K
}
Event: 180,660 GC heap before
{Heap before GC invocations=664 (full 329):
 PSYoungGen      total 550912K, used 3107K [0x000000076cd80000, 0x0000000796380000, 0x00000007c0000000)
  eden space 435200K, 0% used [0x000000076cd80000,0x000000076d088e60,0x0000000787680000)
  from space 115712K, 0% used [0x000000078f280000,0x000000078f280000,0x0000000796380000)
  to   space 121344K, 0% used [0x0000000787680000,0x0000000787680000,0x000000078ed00000)
 ParOldGen       total 243200K, used 75819K [0x00000006c6800000, 0x00000006d5580000, 0x000000076cd80000)
  object space 243200K, 31% used [0x00000006c6800000,0x00000006cb20ad78,0x00000006d5580000)
 Metaspace       used 19318K, capacity 19630K, committed 19968K, reserved 1067008K
  class space    used 1879K, capacity 1949K, committed 2048K, reserved 1048576K
Event: 180,661 GC heap after
Heap after GC invocations=664 (full 329):
 PSYoungGen      total 435712K, used 96K [0x000000076cd80000, 0x0000000795880000, 0x00000007c0000000)
  eden space 435200K, 0% used [0x000000076cd80000,0x000000076cd80000,0x0000000787680000)
  from space 512K, 18% used [0x0000000787680000,0x0000000787698000,0x0000000787700000)
  to   space 115712K, 0% used [0x000000078e780000,0x000000078e780000,0x0000000795880000)
 ParOldGen       total 243200K, used 75819K [0x00000006c6800000, 0x00000006d5580000, 0x000000076cd80000)
  object space 243200K, 31% used [0x00000006c6800000,0x00000006cb20ad78,0x00000006d5580000)
 Metaspace       used 19318K, capacity 19630K, committed 19968K, reserved 1067008K
  class space    used 1879K, capacity 1949K, committed 2048K, reserved 1048576K
}
Event: 180,661 GC heap before
{Heap before GC invocations=665 (full 330):
 PSYoungGen      total 435712K, used 96K [0x000000076cd80000, 0x0000000795880000, 0x00000007c0000000)
  eden space 435200K, 0% used [0x000000076cd80000,0x000000076cd80000,0x0000000787680000)
  from space 512K, 18% used [0x0000000787680000,0x0000000787698000,0x0000000787700000)
  to   space 115712K, 0% used [0x000000078e780000,0x000000078e780000,0x0000000795880000)
 ParOldGen       total 243200K, used 75819K [0x00000006c6800000, 0x00000006d5580000, 0x000000076cd80000)
  object space 243200K, 31% used [0x00000006c6800000,0x00000006cb20ad78,0x00000006d5580000)
 Metaspace       used 19318K, capacity 19630K, committed 19968K, reserved 1067008K
  class space    used 1879K, capacity 1949K, committed 2048K, reserved 1048576K
Event: 180,837 GC heap after
Heap after GC invocations=665 (full 330):
 PSYoungGen      total 435712K, used 0K [0x000000076cd80000, 0x0000000795880000, 0x00000007c0000000)
  eden space 435200K, 0% used [0x000000076cd80000,0x000000076cd80000,0x0000000787680000)
  from space 512K, 0% used [0x0000000787680000,0x0000000787680000,0x0000000787700000)
  to   space 115712K, 0% used [0x000000078e780000,0x000000078e780000,0x0000000795880000)
 ParOldGen       total 243200K, used 30836K [0x00000006c6800000, 0x00000006d5580000, 0x000000076cd80000)
  object space 243200K, 12% used [0x00000006c6800000,0x00000006c861d138,0x00000006d5580000)
 Metaspace       used 19318K, capacity 19630K, committed 19968K, reserved 1067008K
  class space    used 1879K, capacity 1949K, committed 2048K, reserved 1048576K
}
Event: 181,491 GC heap before
{Heap before GC invocations=666 (full 330):
 PSYoungGen      total 435712K, used 317854K [0x000000076cd80000, 0x0000000795880000, 0x00000007c0000000)
  eden space 435200K, 73% used [0x000000076cd80000,0x00000007803e7b70,0x0000000787680000)
  from space 512K, 0% used [0x0000000787680000,0x0000000787680000,0x0000000787700000)
  to   space 115712K, 0% used [0x000000078e780000,0x000000078e780000,0x0000000795880000)
 ParOldGen       total 243200K, used 30836K [0x00000006c6800000, 0x00000006d5580000, 0x000000076cd80000)
  object space 243200K, 12% used [0x00000006c6800000,0x00000006c861d138,0x00000006d5580000)
 Metaspace       used 19319K, capacity 19630K, committed 19968K, reserved 1067008K
  class space    used 1879K, capacity 1949K, committed 2048K, reserved 1048576K
Event: 181,565 GC heap after
Heap after GC invocations=666 (full 330):
 PSYoungGen      total 539136K, used 79365K [0x000000076cd80000, 0x0000000796f80000, 0x00000007c0000000)
  eden space 423424K, 0% used [0x000000076cd80000,0x000000076cd80000,0x0000000786b00000)
  from space 115712K, 68% used [0x000000078e780000,0x00000007935015f8,0x0000000795880000)
  to   space 127488K, 0% used [0x0000000786b00000,0x0000000786b00000,0x000000078e780000)
 ParOldGen       total 243200K, used 30836K [0x00000006c6800000, 0x00000006d5580000, 0x000000076cd80000)
  object space 243200K, 12% used [0x00000006c6800000,0x00000006c861d138,0x00000006d5580000)
 Metaspace       used 19319K, capacity 19630K, committed 19968K, reserved 1067008K
  class space    used 1879K, capacity 1949K, committed 2048K, reserved 1048576K
}
Event: 181,565 GC heap before
{Heap before GC invocations=667 (full 331):
 PSYoungGen      total 539136K, used 79365K [0x000000076cd80000, 0x0000000796f80000, 0x00000007c0000000)
  eden space 423424K, 0% used [0x000000076cd80000,0x000000076cd80000,0x0000000786b00000)
  from space 115712K, 68% used [0x000000078e780000,0x00000007935015f8,0x0000000795880000)
  to   space 127488K, 0% used [0x0000000786b00000,0x0000000786b00000,0x000000078e780000)
 ParOldGen       total 243200K, used 30836K [0x00000006c6800000, 0x00000006d5580000, 0x000000076cd80000)
  object space 243200K, 12% used [0x00000006c6800000,0x00000006c861d138,0x00000006d5580000)
 Metaspace       used 19319K, capacity 19630K, committed 19968K, reserved 1067008K
  class space    used 1879K, capacity 1949K, committed 2048K, reserved 1048576K
Event: 182,020 GC heap after
Heap after GC invocations=667 (full 331):
 PSYoungGen      total 539136K, used 0K [0x000000076cd80000, 0x0000000796f80000, 0x00000007c0000000)
  eden space 423424K, 0% used [0x000000076cd80000,0x000000076cd80000,0x0000000786b00000)
  from space 115712K, 0% used [0x000000078e780000,0x000000078e780000,0x0000000795880000)
  to   space 127488K, 0% used [0x0000000786b00000,0x0000000786b00000,0x000000078e780000)
 ParOldGen       total 243200K, used 110006K [0x00000006c6800000, 0x00000006d5580000, 0x000000076cd80000)
  object space 243200K, 45% used [0x00000006c6800000,0x00000006cd36d910,0x00000006d5580000)
 Metaspace       used 19319K, capacity 19630K, committed 19968K, reserved 1067008K
  class space    used 1879K, capacity 1949K, committed 2048K, reserved 1048576K
}
Event: 182,021 GC heap before
{Heap before GC invocations=668 (full 331):
 PSYoungGen      total 539136K, used 8119K [0x000000076cd80000, 0x0000000796f80000, 0x00000007c0000000)
  eden space 423424K, 1% used [0x000000076cd80000,0x000000076d56ddb0,0x0000000786b00000)
  from space 115712K, 0% used [0x000000078e780000,0x000000078e780000,0x0000000795880000)
  to   space 127488K, 0% used [0x0000000786b00000,0x0000000786b00000,0x000000078e780000)
 ParOldGen       total 243200K, used 110006K [0x00000006c6800000, 0x00000006d5580000, 0x000000076cd80000)
  object space 243200K, 45% used [0x00000006c6800000,0x00000006cd36d910,0x00000006d5580000)
 Metaspace       used 19319K, capacity 19630K, committed 19968K, reserved 1067008K
  class space    used 1879K, capacity 1949K, committed 2048K, reserved 1048576K
Event: 182,029 GC heap after
Heap after GC invocations=668 (full 331):
 PSYoungGen      total 550912K, used 64K [0x000000076cd80000, 0x0000000796580000, 0x00000007c0000000)
  eden space 423424K, 0% used [0x000000076cd80000,0x000000076cd80000,0x0000000786b00000)
  from space 127488K, 0% used [0x0000000786b00000,0x0000000786b10000,0x000000078e780000)
  to   space 122368K, 0% used [0x000000078ee00000,0x000000078ee00000,0x0000000796580000)
 ParOldGen       total 243200K, used 110006K [0x00000006c6800000, 0x00000006d5580000, 0x000000076cd80000)
  object space 243200K, 45% used [0x00000006c6800000,0x00000006cd36d910,0x00000006d5580000)
 Metaspace       used 19319K, capacity 19630K, committed 19968K, reserved 1067008K
  class space    used 1879K, capacity 1949K, committed 2048K, reserved 1048576K
}
Event: 182,029 GC heap before
{Heap before GC invocations=669 (full 332):
 PSYoungGen      total 550912K, used 64K [0x000000076cd80000, 0x0000000796580000, 0x00000007c0000000)
  eden space 423424K, 0% used [0x000000076cd80000,0x000000076cd80000,0x0000000786b00000)
  from space 127488K, 0% used [0x0000000786b00000,0x0000000786b10000,0x000000078e780000)
  to   space 122368K, 0% used [0x000000078ee00000,0x000000078ee00000,0x0000000796580000)
 ParOldGen       total 243200K, used 110006K [0x00000006c6800000, 0x00000006d5580000, 0x000000076cd80000)
  object space 243200K, 45% used [0x00000006c6800000,0x00000006cd36d910,0x00000006d5580000)
 Metaspace       used 19319K, capacity 19630K, committed 19968K, reserved 1067008K
  class space    used 1879K, capacity 1949K, committed 2048K, reserved 1048576K
Event: 182,283 GC heap after
Heap after GC invocations=669 (full 332):
 PSYoungGen      total 550912K, used 0K [0x000000076cd80000, 0x0000000796580000, 0x00000007c0000000)
  eden space 423424K, 0% used [0x000000076cd80000,0x000000076cd80000,0x0000000786b00000)
  from space 127488K, 0% used [0x0000000786b00000,0x0000000786b00000,0x000000078e780000)
  to   space 122368K, 0% used [0x000000078ee00000,0x000000078ee00000,0x0000000796580000)
 ParOldGen       total 243200K, used 110006K [0x00000006c6800000, 0x00000006d5580000, 0x000000076cd80000)
  object space 243200K, 45% used [0x00000006c6800000,0x00000006cd36d8e8,0x00000006d5580000)
 Metaspace       used 19319K, capacity 19630K, committed 19968K, reserved 1067008K
  class space    used 1879K, capacity 1949K, committed 2048K, reserved 1048576K
}
Event: 182,284 GC heap before
{Heap before GC invocations=670 (full 332):
 PSYoungGen      total 550912K, used 12362K [0x000000076cd80000, 0x0000000796580000, 0x00000007c0000000)
  eden space 423424K, 2% used [0x000000076cd80000,0x000000076d992a90,0x0000000786b00000)
  from space 127488K, 0% used [0x0000000786b00000,0x0000000786b00000,0x000000078e780000)
  to   space 122368K, 0% used [0x000000078ee00000,0x000000078ee00000,0x0000000796580000)
 ParOldGen       total 243200K, used 110006K [0x00000006c6800000, 0x00000006d5580000, 0x000000076cd80000)
  object space 243200K, 45% used [0x00000006c6800000,0x00000006cd36d8e8,0x00000006d5580000)
 Metaspace       used 19319K, capacity 19630K, committed 19968K, reserved 1067008K
  class space    used 1879K, capacity 1949K, committed 2048K, reserved 1048576K
Event: 182,286 GC heap after
Heap after GC invocations=670 (full 332):
 PSYoungGen      total 546304K, used 64K [0x000000076cd80000, 0x0000000795a80000, 0x00000007c0000000)
  eden space 435200K, 0% used [0x000000076cd80000,0x000000076cd80000,0x0000000787680000)
  from space 111104K, 0% used [0x000000078ee00000,0x000000078ee10000,0x0000000795a80000)
  to   space 116736K, 0% used [0x0000000787680000,0x0000000787680000,0x000000078e880000)
 ParOldGen       total 243200K, used 110006K [0x00000006c6800000, 0x00000006d5580000, 0x000000076cd80000)
  object space 243200K, 45% used [0x00000006c6800000,0x00000006cd36d8e8,0x00000006d5580000)
 Metaspace       used 19319K, capacity 19630K, committed 19968K, reserved 1067008K
  class space    used 1879K, capacity 1949K, committed 2048K, reserved 1048576K
}
Event: 182,286 GC heap before
{Heap before GC invocations=671 (full 333):
 PSYoungGen      total 546304K, used 64K [0x000000076cd80000, 0x0000000795a80000, 0x00000007c0000000)
  eden space 435200K, 0% used [0x000000076cd80000,0x000000076cd80000,0x0000000787680000)
  from space 111104K, 0% used [0x000000078ee00000,0x000000078ee10000,0x0000000795a80000)
  to   space 116736K, 0% used [0x0000000787680000,0x0000000787680000,0x000000078e880000)
 ParOldGen       total 243200K, used 110006K [0x00000006c6800000, 0x00000006d5580000, 0x000000076cd80000)
  object space 243200K, 45% used [0x00000006c6800000,0x00000006cd36d8e8,0x00000006d5580000)
 Metaspace       used 19319K, capacity 19630K, committed 19968K, reserved 1067008K
  class space    used 1879K, capacity 1949K, committed 2048K, reserved 1048576K
Event: 182,451 GC heap after
Heap after GC invocations=671 (full 333):
 PSYoungGen      total 546304K, used 0K [0x000000076cd80000, 0x0000000795a80000, 0x00000007c0000000)
  eden space 435200K, 0% used [0x000000076cd80000,0x000000076cd80000,0x0000000787680000)
  from space 111104K, 0% used [0x000000078ee00000,0x000000078ee00000,0x0000000795a80000)
  to   space 116736K, 0% used [0x0000000787680000,0x0000000787680000,0x000000078e880000)
 ParOldGen       total 243200K, used 76476K [0x00000006c6800000, 0x00000006d5580000, 0x000000076cd80000)
  object space 243200K, 31% used [0x00000006c6800000,0x00000006cb2af258,0x00000006d5580000)
 Metaspace       used 19319K, capacity 19630K, committed 19968K, reserved 1067008K
  class space    used 1879K, capacity 1949K, committed 2048K, reserved 1048576K
}
Event: 183,317 GC heap before
{Heap before GC invocations=672 (full 333):
 PSYoungGen      total 546304K, used 327210K [0x000000076cd80000, 0x0000000795a80000, 0x00000007c0000000)
  eden space 435200K, 75% used [0x000000076cd80000,0x0000000780d0a9a0,0x0000000787680000)
  from space 111104K, 0% used [0x000000078ee00000,0x000000078ee00000,0x0000000795a80000)
  to   space 116736K, 0% used [0x0000000787680000,0x0000000787680000,0x000000078e880000)
 ParOldGen       total 243200K, used 76476K [0x00000006c6800000, 0x00000006d5580000, 0x000000076cd80000)
  object space 243200K, 31% used [0x00000006c6800000,0x00000006cb2af258,0x00000006d5580000)
 Metaspace       used 19319K, capacity 19630K, committed 19968K, reserved 1067008K
  class space    used 1879K, capacity 1949K, committed 2048K, reserved 1048576K
Event: 183,418 GC heap after
Heap after GC invocations=672 (full 333):
 PSYoungGen      total 551936K, used 79989K [0x000000076cd80000, 0x0000000797180000, 0x00000007c0000000)
  eden space 435200K, 0% used [0x000000076cd80000,0x000000076cd80000,0x0000000787680000)
  from space 116736K, 68% used [0x0000000787680000,0x000000078c49d588,0x000000078e880000)
  to   space 128512K, 0% used [0x000000078f400000,0x000000078f400000,0x0000000797180000)
 ParOldGen       total 243200K, used 76476K [0x00000006c6800000, 0x00000006d5580000, 0x000000076cd80000)
  object space 243200K, 31% used [0x00000006c6800000,0x00000006cb2af258,0x00000006d5580000)
 Metaspace       used 19319K, capacity 19630K, committed 19968K, reserved 1067008K
  class space    used 1879K, capacity 1949K, committed 2048K, reserved 1048576K
}
Event: 183,418 GC heap before
{Heap before GC invocations=673 (full 334):
 PSYoungGen      total 551936K, used 79989K [0x000000076cd80000, 0x0000000797180000, 0x00000007c0000000)
  eden space 435200K, 0% used [0x000000076cd80000,0x000000076cd80000,0x0000000787680000)
  from space 116736K, 68% used [0x0000000787680000,0x000000078c49d588,0x000000078e880000)
  to   space 128512K, 0% used [0x000000078f400000,0x000000078f400000,0x0000000797180000)
 ParOldGen       total 243200K, used 76476K [0x00000006c6800000, 0x00000006d5580000, 0x000000076cd80000)
  object space 243200K, 31% used [0x00000006c6800000,0x00000006cb2af258,0x00000006d5580000)
 Metaspace       used 19319K, capacity 19630K, committed 19968K, reserved 1067008K
  class space    used 1879K, capacity 1949K, committed 2048K, reserved 1048576K
Event: 184,019 GC heap after
Heap after GC invocations=673 (full 334):
 PSYoungGen      total 551936K, used 0K [0x000000076cd80000, 0x0000000797180000, 0x00000007c0000000)
  eden space 435200K, 0% used [0x000000076cd80000,0x000000076cd80000,0x0000000787680000)
  from space 116736K, 0% used [0x0000000787680000,0x0000000787680000,0x000000078e880000)
  to   space 128512K, 0% used [0x000000078f400000,0x000000078f400000,0x0000000797180000)
 ParOldGen       total 243200K, used 155560K [0x00000006c6800000, 0x00000006d5580000, 0x000000076cd80000)
  object space 243200K, 63% used [0x00000006c6800000,0x00000006cffea198,0x00000006d5580000)
 Metaspace       used 19319K, capacity 19630K, committed 19968K, reserved 1067008K
  class space    used 1879K, capacity 1949K, committed 2048K, reserved 1048576K
}
Event: 184,020 GC heap before
{Heap before GC invocations=674 (full 334):
 PSYoungGen      total 551936K, used 6992K [0x000000076cd80000, 0x0000000797180000, 0x00000007c0000000)
  eden space 435200K, 1% used [0x000000076cd80000,0x000000076d4541f8,0x0000000787680000)
  from space 116736K, 0% used [0x0000000787680000,0x0000000787680000,0x000000078e880000)
  to   space 128512K, 0% used [0x000000078f400000,0x000000078f400000,0x0000000797180000)
 ParOldGen       total 243200K, used 155560K [0x00000006c6800000, 0x00000006d5580000, 0x000000076cd80000)
  object space 243200K, 63% used [0x00000006c6800000,0x00000006cffea198,0x00000006d5580000)
 Metaspace       used 19319K, capacity 19630K, committed 19968K, reserved 1067008K
  class space    used 1879K, capacity 1949K, committed 2048K, reserved 1048576K
Event: 184,025 GC heap after
Heap after GC invocations=674 (full 334):
 PSYoungGen      total 553472K, used 64K [0x000000076cd80000, 0x0000000796780000, 0x00000007c0000000)
  eden space 435200K, 0% used [0x000000076cd80000,0x000000076cd80000,0x0000000787680000)
  from space 118272K, 0% used [0x000000078f400000,0x000000078f410000,0x0000000796780000)
  to   space 123392K, 0% used [0x0000000787680000,0x0000000787680000,0x000000078ef00000)
 ParOldGen       total 243200K, used 155560K [0x00000006c6800000, 0x00000006d5580000, 0x000000076cd80000)
  object space 243200K, 63% used [0x00000006c6800000,0x00000006cffea198,0x00000006d5580000)
 Metaspace       used 19319K, capacity 19630K, committed 19968K, reserved 1067008K
  class space    used 1879K, capacity 1949K, committed 2048K, reserved 1048576K
}
Event: 184,025 GC heap before
{Heap before GC invocations=675 (full 335):
 PSYoungGen      total 553472K, used 64K [0x000000076cd80000, 0x0000000796780000, 0x00000007c0000000)
  eden space 435200K, 0% used [0x000000076cd80000,0x000000076cd80000,0x0000000787680000)
  from space 118272K, 0% used [0x000000078f400000,0x000000078f410000,0x0000000796780000)
  to   space 123392K, 0% used [0x0000000787680000,0x0000000787680000,0x000000078ef00000)
 ParOldGen       total 243200K, used 155560K [0x00000006c6800000, 0x00000006d5580000, 0x000000076cd80000)
  object space 243200K, 63% used [0x00000006c6800000,0x00000006cffea198,0x00000006d5580000)
 Metaspace       used 19319K, capacity 19630K, committed 19968K, reserved 1067008K
  class space    used 1879K, capacity 1949K, committed 2048K, reserved 1048576K
Event: 184,282 GC heap after
Heap after GC invocations=675 (full 335):
 PSYoungGen      total 553472K, used 0K [0x000000076cd80000, 0x0000000796780000, 0x00000007c0000000)
  eden space 435200K, 0% used [0x000000076cd80000,0x000000076cd80000,0x0000000787680000)
  from space 118272K, 0% used [0x000000078f400000,0x000000078f400000,0x0000000796780000)
  to   space 123392K, 0% used [0x0000000787680000,0x0000000787680000,0x000000078ef00000)
 ParOldGen       total 243200K, used 155560K [0x00000006c6800000, 0x00000006d5580000, 0x000000076cd80000)
  object space 243200K, 63% used [0x00000006c6800000,0x00000006cffea170,0x00000006d5580000)
 Metaspace       used 19319K, capacity 19630K, committed 19968K, reserved 1067008K
  class space    used 1879K, capacity 1949K, committed 2048K, reserved 1048576K
}
Event: 184,287 GC heap before
{Heap before GC invocations=676 (full 335):
 PSYoungGen      total 553472K, used 11356K [0x000000076cd80000, 0x0000000796780000, 0x00000007c0000000)
  eden space 435200K, 2% used [0x000000076cd80000,0x000000076d8971d0,0x0000000787680000)
  from space 118272K, 0% used [0x000000078f400000,0x000000078f400000,0x0000000796780000)
  to   space 123392K, 0% used [0x0000000787680000,0x0000000787680000,0x000000078ef00000)
 ParOldGen       total 243200K, used 155560K [0x00000006c6800000, 0x00000006d5580000, 0x000000076cd80000)
  object space 243200K, 63% used [0x00000006c6800000,0x00000006cffea170,0x00000006d5580000)
 Metaspace       used 19319K, capacity 19630K, committed 19968K, reserved 1067008K
  class space    used 1879K, capacity 1949K, committed 2048K, reserved 1048576K
Event: 184,292 GC heap after
Heap after GC invocations=676 (full 335):
 PSYoungGen      total 435712K, used 32K [0x000000076cd80000, 0x0000000795c80000, 0x00000007c0000000)
  eden space 435200K, 0% used [0x000000076cd80000,0x000000076cd80000,0x0000000787680000)
  from space 512K, 6% used [0x0000000787680000,0x0000000787688000,0x0000000787700000)
  to   space 117760K, 0% used [0x000000078e980000,0x000000078e980000,0x0000000795c80000)
 ParOldGen       total 243200K, used 155560K [0x00000006c6800000, 0x00000006d5580000, 0x000000076cd80000)
  object space 243200K, 63% used [0x00000006c6800000,0x00000006cffea170,0x00000006d5580000)
 Metaspace       used 19319K, capacity 19630K, committed 19968K, reserved 1067008K
  class space    used 1879K, capacity 1949K, committed 2048K, reserved 1048576K
}
Event: 184,292 GC heap before
{Heap before GC invocations=677 (full 336):
 PSYoungGen      total 435712K, used 32K [0x000000076cd80000, 0x0000000795c80000, 0x00000007c0000000)
  eden space 435200K, 0% used [0x000000076cd80000,0x000000076cd80000,0x0000000787680000)
  from space 512K, 6% used [0x0000000787680000,0x0000000787688000,0x0000000787700000)
  to   space 117760K, 0% used [0x000000078e980000,0x000000078e980000,0x0000000795c80000)
 ParOldGen       total 243200K, used 155560K [0x00000006c6800000, 0x00000006d5580000, 0x000000076cd80000)
  object space 243200K, 63% used [0x00000006c6800000,0x00000006cffea170,0x00000006d5580000)
 Metaspace       used 19319K, capacity 19630K, committed 19968K, reserved 1067008K
  class space    used 1879K, capacity 1949K, committed 2048K, reserved 1048576K
Event: 184,481 GC heap after
Heap after GC invocations=677 (full 336):
 PSYoungGen      total 435712K, used 0K [0x000000076cd80000, 0x0000000795c80000, 0x00000007c0000000)
  eden space 435200K, 0% used [0x000000076cd80000,0x000000076cd80000,0x0000000787680000)
  from space 512K, 0% used [0x0000000787680000,0x0000000787680000,0x0000000787700000)
  to   space 117760K, 0% used [0x000000078e980000,0x000000078e980000,0x0000000795c80000)
 ParOldGen       total 243200K, used 76512K [0x00000006c6800000, 0x00000006d5580000, 0x000000076cd80000)
  object space 243200K, 31% used [0x00000006c6800000,0x00000006cb2b8390,0x00000006d5580000)
 Metaspace       used 19319K, capacity 19630K, committed 19968K, reserved 1067008K
  class space    used 1879K, capacity 1949K, committed 2048K, reserved 1048576K
}
Event: 185,694 GC heap before
{Heap before GC invocations=678 (full 336):
 PSYoungGen      total 435712K, used 325042K [0x000000076cd80000, 0x0000000795c80000, 0x00000007c0000000)
  eden space 435200K, 74% used [0x000000076cd80000,0x0000000780aecaf0,0x0000000787680000)
  from space 512K, 0% used [0x0000000787680000,0x0000000787680000,0x0000000787700000)
  to   space 117760K, 0% used [0x000000078e980000,0x000000078e980000,0x0000000795c80000)
 ParOldGen       total 243200K, used 76512K [0x00000006c6800000, 0x00000006d5580000, 0x000000076cd80000)
  object space 243200K, 31% used [0x00000006c6800000,0x00000006cb2b8390,0x00000006d5580000)
 Metaspace       used 19325K, capacity 19630K, committed 19968K, reserved 1067008K
  class space    used 1879K, capacity 1949K, committed 2048K, reserved 1048576K
Event: 185,792 GC heap after
Heap after GC invocations=678 (full 336):
 PSYoungGen      total 541184K, used 79813K [0x000000076cd80000, 0x0000000797380000, 0x00000007c0000000)
  eden space 423424K, 0% used [0x000000076cd80000,0x000000076cd80000,0x0000000786b00000)
  from space 117760K, 67% used [0x000000078e980000,0x0000000793771538,0x0000000795c80000)
  to   space 129536K, 0% used [0x0000000786b00000,0x0000000786b00000,0x000000078e980000)
 ParOldGen       total 243200K, used 76520K [0x00000006c6800000, 0x00000006d5580000, 0x000000076cd80000)
  object space 243200K, 31% used [0x00000006c6800000,0x00000006cb2ba390,0x00000006d5580000)
 Metaspace       used 19325K, capacity 19630K, committed 19968K, reserved 1067008K
  class space    used 1879K, capacity 1949K, committed 2048K, reserved 1048576K
}
Event: 185,792 GC heap before
{Heap before GC invocations=679 (full 337):
 PSYoungGen      total 541184K, used 79813K [0x000000076cd80000, 0x0000000797380000, 0x00000007c0000000)
  eden space 423424K, 0% used [0x000000076cd80000,0x000000076cd80000,0x0000000786b00000)
  from space 117760K, 67% used [0x000000078e980000,0x0000000793771538,0x0000000795c80000)
  to   space 129536K, 0% used [0x0000000786b00000,0x0000000786b00000,0x000000078e980000)
 ParOldGen       total 243200K, used 76520K [0x00000006c6800000, 0x00000006d5580000, 0x000000076cd80000)
  object space 243200K, 31% used [0x00000006c6800000,0x00000006cb2ba390,0x00000006d5580000)
 Metaspace       used 19325K, capacity 19630K, committed 19968K, reserved 1067008K
  class space    used 1879K, capacity 1949K, committed 2048K, reserved 1048576K
Event: 186,404 GC heap after
Heap after GC invocations=679 (full 337):
 PSYoungGen      total 541184K, used 0K [0x000000076cd80000, 0x0000000797380000, 0x00000007c0000000)
  eden space 423424K, 0% used [0x000000076cd80000,0x000000076cd80000,0x0000000786b00000)
  from space 117760K, 0% used [0x000000078e980000,0x000000078e980000,0x0000000795c80000)
  to   space 129536K, 0% used [0x0000000786b00000,0x0000000786b00000,0x000000078e980000)
 ParOldGen       total 243200K, used 83196K [0x00000006c6800000, 0x00000006d5580000, 0x000000076cd80000)
  object space 243200K, 34% used [0x00000006c6800000,0x00000006cb93f170,0x00000006d5580000)
 Metaspace       used 19325K, capacity 19630K, committed 19968K, reserved 1067008K
  class space    used 1879K, capacity 1949K, committed 2048K, reserved 1048576K
}
Event: 186,414 GC heap before
{Heap before GC invocations=680 (full 337):
 PSYoungGen      total 541184K, used 15298K [0x000000076cd80000, 0x0000000797380000, 0x00000007c0000000)
  eden space 423424K, 3% used [0x000000076cd80000,0x000000076dc708c8,0x0000000786b00000)
  from space 117760K, 0% used [0x000000078e980000,0x000000078e980000,0x0000000795c80000)
  to   space 129536K, 0% used [0x0000000786b00000,0x0000000786b00000,0x000000078e980000)
 ParOldGen       total 243200K, used 83196K [0x00000006c6800000, 0x00000006d5580000, 0x000000076cd80000)
  object space 243200K, 34% used [0x00000006c6800000,0x00000006cb93f170,0x00000006d5580000)
 Metaspace       used 19325K, capacity 19630K, committed 19968K, reserved 1067008K
  class space    used 1879K, capacity 1949K, committed 2048K, reserved 1048576K
Event: 186,415 GC heap after
Heap after GC invocations=680 (full 337):
 PSYoungGen      total 552960K, used 64K [0x000000076cd80000, 0x0000000796880000, 0x00000007c0000000)
  eden space 423424K, 0% used [0x000000076cd80000,0x000000076cd80000,0x0000000786b00000)
  from space 129536K, 0% used [0x0000000786b00000,0x0000000786b10000,0x000000078e980000)
  to   space 123904K, 0% used [0x000000078ef80000,0x000000078ef80000,0x0000000796880000)
 ParOldGen       total 243200K, used 83196K [0x00000006c6800000, 0x00000006d5580000, 0x000000076cd80000)
  object space 243200K, 34% used [0x00000006c6800000,0x00000006cb93f170,0x00000006d5580000)
 Metaspace       used 19325K, capacity 19630K, committed 19968K, reserved 1067008K
  class space    used 1879K, capacity 1949K, committed 2048K, reserved 1048576K
}
Event: 186,415 GC heap before
{Heap before GC invocations=681 (full 338):
 PSYoungGen      total 552960K, used 64K [0x000000076cd80000, 0x0000000796880000, 0x00000007c0000000)
  eden space 423424K, 0% used [0x000000076cd80000,0x000000076cd80000,0x0000000786b00000)
  from space 129536K, 0% used [0x0000000786b00000,0x0000000786b10000,0x000000078e980000)
  to   space 123904K, 0% used [0x000000078ef80000,0x000000078ef80000,0x0000000796880000)
 ParOldGen       total 243200K, used 83196K [0x00000006c6800000, 0x00000006d5580000, 0x000000076cd80000)
  object space 243200K, 34% used [0x00000006c6800000,0x00000006cb93f170,0x00000006d5580000)
 Metaspace       used 19325K, capacity 19630K, committed 19968K, reserved 1067008K
  class space    used 1879K, capacity 1949K, committed 2048K, reserved 1048576K
Event: 186,767 GC heap after
Heap after GC invocations=681 (full 338):
 PSYoungGen      total 552960K, used 0K [0x000000076cd80000, 0x0000000796880000, 0x00000007c0000000)
  eden space 423424K, 0% used [0x000000076cd80000,0x000000076cd80000,0x0000000786b00000)
  from space 129536K, 0% used [0x0000000786b00000,0x0000000786b00000,0x000000078e980000)
  to   space 123904K, 0% used [0x000000078ef80000,0x000000078ef80000,0x0000000796880000)
 ParOldGen       total 243200K, used 81748K [0x00000006c6800000, 0x00000006d5580000, 0x000000076cd80000)
  object space 243200K, 33% used [0x00000006c6800000,0x00000006cb7d5048,0x00000006d5580000)
 Metaspace       used 19325K, capacity 19630K, committed 19968K, reserved 1067008K
  class space    used 1879K, capacity 1949K, committed 2048K, reserved 1048576K
}
Event: 186,769 GC heap before
{Heap before GC invocations=682 (full 338):
 PSYoungGen      total 552960K, used 13898K [0x000000076cd80000, 0x0000000796880000, 0x00000007c0000000)
  eden space 423424K, 3% used [0x000000076cd80000,0x000000076db12920,0x0000000786b00000)
  from space 129536K, 0% used [0x0000000786b00000,0x0000000786b00000,0x000000078e980000)
  to   space 123904K, 0% used [0x000000078ef80000,0x000000078ef80000,0x0000000796880000)
 ParOldGen       total 243200K, used 81748K [0x00000006c6800000, 0x00000006d5580000, 0x000000076cd80000)
  object space 243200K, 33% used [0x00000006c6800000,0x00000006cb7d5048,0x00000006d5580000)
 Metaspace       used 19325K, capacity 19630K, committed 19968K, reserved 1067008K
  class space    used 1879K, capacity 1949K, committed 2048K, reserved 1048576K
Event: 186,775 GC heap after
Heap after GC invocations=682 (full 338):
 PSYoungGen      total 548864K, used 64K [0x000000076cd80000, 0x0000000795e80000, 0x00000007c0000000)
  eden space 435200K, 0% used [0x000000076cd80000,0x000000076cd80000,0x0000000787680000)
  from space 113664K, 0% used [0x000000078ef80000,0x000000078ef90000,0x0000000795e80000)
  to   space 118784K, 0% used [0x0000000787680000,0x0000000787680000,0x000000078ea80000)
 ParOldGen       total 243200K, used 81748K [0x00000006c6800000, 0x00000006d5580000, 0x000000076cd80000)
  object space 243200K, 33% used [0x00000006c6800000,0x00000006cb7d5048,0x00000006d5580000)
 Metaspace       used 19325K, capacity 19630K, committed 19968K, reserved 1067008K
  class space    used 1879K, capacity 1949K, committed 2048K, reserved 1048576K
}
Event: 186,775 GC heap before
{Heap before GC invocations=683 (full 339):
 PSYoungGen      total 548864K, used 64K [0x000000076cd80000, 0x0000000795e80000, 0x00000007c0000000)
  eden space 435200K, 0% used [0x000000076cd80000,0x000000076cd80000,0x0000000787680000)
  from space 113664K, 0% used [0x000000078ef80000,0x000000078ef90000,0x0000000795e80000)
  to   space 118784K, 0% used [0x0000000787680000,0x0000000787680000,0x000000078ea80000)
 ParOldGen       total 243200K, used 81748K [0x00000006c6800000, 0x00000006d5580000, 0x000000076cd80000)
  object space 243200K, 33% used [0x00000006c6800000,0x00000006cb7d5048,0x00000006d5580000)
 Metaspace       used 19325K, capacity 19630K, committed 19968K, reserved 1067008K
  class space    used 1879K, capacity 1949K, committed 2048K, reserved 1048576K
Event: 187,157 GC heap after
Heap after GC invocations=683 (full 339):
 PSYoungGen      total 548864K, used 0K [0x000000076cd80000, 0x0000000795e80000, 0x00000007c0000000)
  eden space 435200K, 0% used [0x000000076cd80000,0x000000076cd80000,0x0000000787680000)
  from space 113664K, 0% used [0x000000078ef80000,0x000000078ef80000,0x0000000795e80000)
  to   space 118784K, 0% used [0x0000000787680000,0x0000000787680000,0x000000078ea80000)
 ParOldGen       total 243200K, used 76448K [0x00000006c6800000, 0x00000006d5580000, 0x000000076cd80000)
  object space 243200K, 31% used [0x00000006c6800000,0x00000006cb2a8298,0x00000006d5580000)
 Metaspace       used 19325K, capacity 19630K, committed 19968K, reserved 1067008K
  class space    used 1879K, capacity 1949K, committed 2048K, reserved 1048576K
}
Event: 188,702 GC heap before
{Heap before GC invocations=684 (full 339):
 PSYoungGen      total 548864K, used 325036K [0x000000076cd80000, 0x0000000795e80000, 0x00000007c0000000)
  eden space 435200K, 74% used [0x000000076cd80000,0x0000000780aeb0b0,0x0000000787680000)
  from space 113664K, 0% used [0x000000078ef80000,0x000000078ef80000,0x0000000795e80000)
  to   space 118784K, 0% used [0x0000000787680000,0x0000000787680000,0x000000078ea80000)
 ParOldGen       total 243200K, used 76448K [0x00000006c6800000, 0x00000006d5580000, 0x000000076cd80000)
  object space 243200K, 31% used [0x00000006c6800000,0x00000006cb2a8298,0x00000006d5580000)
 Metaspace       used 19325K, capacity 19630K, committed 19968K, reserved 1067008K
  class space    used 1879K, capacity 1949K, committed 2048K, reserved 1048576K
Event: 188,796 GC heap after
Heap after GC invocations=684 (full 339):
 PSYoungGen      total 553984K, used 79781K [0x000000076cd80000, 0x0000000797480000, 0x00000007c0000000)
  eden space 435200K, 0% used [0x000000076cd80000,0x000000076cd80000,0x0000000787680000)
  from space 118784K, 67% used [0x0000000787680000,0x000000078c469578,0x000000078ea80000)
  to   space 130048K, 0% used [0x000000078f580000,0x000000078f580000,0x0000000797480000)
 ParOldGen       total 243200K, used 76448K [0x00000006c6800000, 0x00000006d5580000, 0x000000076cd80000)
  object space 243200K, 31% used [0x00000006c6800000,0x00000006cb2a8298,0x00000006d5580000)
 Metaspace       used 19325K, capacity 19630K, committed 19968K, reserved 1067008K
  class space    used 1879K, capacity 1949K, committed 2048K, reserved 1048576K
}
Event: 188,796 GC heap before
{Heap before GC invocations=685 (full 340):
 PSYoungGen      total 553984K, used 79781K [0x000000076cd80000, 0x0000000797480000, 0x00000007c0000000)
  eden space 435200K, 0% used [0x000000076cd80000,0x000000076cd80000,0x0000000787680000)
  from space 118784K, 67% used [0x0000000787680000,0x000000078c469578,0x000000078ea80000)
  to   space 130048K, 0% used [0x000000078f580000,0x000000078f580000,0x0000000797480000)
 ParOldGen       total 243200K, used 76448K [0x00000006c6800000, 0x00000006d5580000, 0x000000076cd80000)
  object space 243200K, 31% used [0x00000006c6800000,0x00000006cb2a8298,0x00000006d5580000)
 Metaspace       used 19325K, capacity 19630K, committed 19968K, reserved 1067008K
  class space    used 1879K, capacity 1949K, committed 2048K, reserved 1048576K
Event: 189,316 GC heap after
Heap after GC invocations=685 (full 340):
 PSYoungGen      total 553984K, used 0K [0x000000076cd80000, 0x0000000797480000, 0x00000007c0000000)
  eden space 435200K, 0% used [0x000000076cd80000,0x000000076cd80000,0x0000000787680000)
  from space 118784K, 0% used [0x0000000787680000,0x0000000787680000,0x000000078ea80000)
  to   space 130048K, 0% used [0x000000078f580000,0x000000078f580000,0x0000000797480000)
 ParOldGen       total 243200K, used 110316K [0x00000006c6800000, 0x00000006d5580000, 0x000000076cd80000)
  object space 243200K, 45% used [0x00000006c6800000,0x00000006cd3bb090,0x00000006d5580000)
 Metaspace       used 19325K, capacity 19630K, committed 19968K, reserved 1067008K
  class space    used 1879K, capacity 1949K, committed 2048K, reserved 1048576K
}
Event: 189,319 GC heap before
{Heap before GC invocations=686 (full 340):
 PSYoungGen      total 553984K, used 15723K [0x000000076cd80000, 0x0000000797480000, 0x00000007c0000000)
  eden space 435200K, 3% used [0x000000076cd80000,0x000000076dcdaf58,0x0000000787680000)
  from space 118784K, 0% used [0x0000000787680000,0x0000000787680000,0x000000078ea80000)
  to   space 130048K, 0% used [0x000000078f580000,0x000000078f580000,0x0000000797480000)
 ParOldGen       total 243200K, used 110316K [0x00000006c6800000, 0x00000006d5580000, 0x000000076cd80000)
  object space 243200K, 45% used [0x00000006c6800000,0x00000006cd3bb090,0x00000006d5580000)
 Metaspace       used 19325K, capacity 19630K, committed 19968K, reserved 1067008K
  class space    used 1879K, capacity 1949K, committed 2048K, reserved 1048576K
Event: 189,320 GC heap after
Heap after GC invocations=686 (full 340):
 PSYoungGen      total 555008K, used 64K [0x000000076cd80000, 0x0000000796a80000, 0x00000007c0000000)
  eden space 435200K, 0% used [0x000000076cd80000,0x000000076cd80000,0x0000000787680000)
  from space 119808K, 0% used [0x000000078f580000,0x000000078f590000,0x0000000796a80000)
  to   space 124928K, 0% used [0x0000000787680000,0x0000000787680000,0x000000078f080000)
 ParOldGen       total 243200K, used 110316K [0x00000006c6800000, 0x00000006d5580000, 0x000000076cd80000)
  object space 243200K, 45% used [0x00000006c6800000,0x00000006cd3bb090,0x00000006d5580000)
 Metaspace       used 19325K, capacity 19630K, committed 19968K, reserved 1067008K
  class space    used 1879K, capacity 1949K, committed 2048K, reserved 1048576K
}
Event: 189,320 GC heap before
{Heap before GC invocations=687 (full 341):
 PSYoungGen      total 555008K, used 64K [0x000000076cd80000, 0x0000000796a80000, 0x00000007c0000000)
  eden space 435200K, 0% used [0x000000076cd80000,0x000000076cd80000,0x0000000787680000)
  from space 119808K, 0% used [0x000000078f580000,0x000000078f590000,0x0000000796a80000)
  to   space 124928K, 0% used [0x0000000787680000,0x0000000787680000,0x000000078f080000)
 ParOldGen       total 243200K, used 110316K [0x00000006c6800000, 0x00000006d5580000, 0x000000076cd80000)
  object space 243200K, 45% used [0x00000006c6800000,0x00000006cd3bb090,0x00000006d5580000)
 Metaspace       used 19325K, capacity 19630K, committed 19968K, reserved 1067008K
  class space    used 1879K, capacity 1949K, committed 2048K, reserved 1048576K
Event: 189,492 GC heap after
Heap after GC invocations=687 (full 341):
 PSYoungGen      total 555008K, used 0K [0x000000076cd80000, 0x0000000796a80000, 0x00000007c0000000)
  eden space 435200K, 0% used [0x000000076cd80000,0x000000076cd80000,0x0000000787680000)
  from space 119808K, 0% used [0x000000078f580000,0x000000078f580000,0x0000000796a80000)
  to   space 124928K, 0% used [0x0000000787680000,0x0000000787680000,0x000000078f080000)
 ParOldGen       total 243200K, used 81762K [0x00000006c6800000, 0x00000006d5580000, 0x000000076cd80000)
  object space 243200K, 33% used [0x00000006c6800000,0x00000006cb7d8a08,0x00000006d5580000)
 Metaspace       used 19325K, capacity 19630K, committed 19968K, reserved 1067008K
  class space    used 1879K, capacity 1949K, committed 2048K, reserved 1048576K
}
Event: 189,493 GC heap before
{Heap before GC invocations=688 (full 341):
 PSYoungGen      total 555008K, used 7754K [0x000000076cd80000, 0x0000000796a80000, 0x00000007c0000000)
  eden space 435200K, 1% used [0x000000076cd80000,0x000000076d512b80,0x0000000787680000)
  from space 119808K, 0% used [0x000000078f580000,0x000000078f580000,0x0000000796a80000)
  to   space 124928K, 0% used [0x0000000787680000,0x0000000787680000,0x000000078f080000)
 ParOldGen       total 243200K, used 81762K [0x00000006c6800000, 0x00000006d5580000, 0x000000076cd80000)
  object space 243200K, 33% used [0x00000006c6800000,0x00000006cb7d8a08,0x00000006d5580000)
 Metaspace       used 19325K, capacity 19630K, committed 19968K, reserved 1067008K
  class space    used 1879K, capacity 1949K, committed 2048K, reserved 1048576K
Event: 189,499 GC heap after
Heap after GC invocations=688 (full 341):
 PSYoungGen      total 435712K, used 32K [0x000000076cd80000, 0x0000000795f80000, 0x00000007c0000000)
  eden space 435200K, 0% used [0x000000076cd80000,0x000000076cd80000,0x0000000787680000)
  from space 512K, 6% used [0x0000000787680000,0x0000000787688000,0x0000000787700000)
  to   space 119296K, 0% used [0x000000078eb00000,0x000000078eb00000,0x0000000795f80000)
 ParOldGen       total 243200K, used 81762K [0x00000006c6800000, 0x00000006d5580000, 0x000000076cd80000)
  object space 243200K, 33% used [0x00000006c6800000,0x00000006cb7d8a08,0x00000006d5580000)
 Metaspace       used 19325K, capacity 19630K, committed 19968K, reserved 1067008K
  class space    used 1879K, capacity 1949K, committed 2048K, reserved 1048576K
}
Event: 189,499 GC heap before
{Heap before GC invocations=689 (full 342):
 PSYoungGen      total 435712K, used 32K [0x000000076cd80000, 0x0000000795f80000, 0x00000007c0000000)
  eden space 435200K, 0% used [0x000000076cd80000,0x000000076cd80000,0x0000000787680000)
  from space 512K, 6% used [0x0000000787680000,0x0000000787688000,0x0000000787700000)
  to   space 119296K, 0% used [0x000000078eb00000,0x000000078eb00000,0x0000000795f80000)
 ParOldGen       total 243200K, used 81762K [0x00000006c6800000, 0x00000006d5580000, 0x000000076cd80000)
  object space 243200K, 33% used [0x00000006c6800000,0x00000006cb7d8a08,0x00000006d5580000)
 Metaspace       used 19325K, capacity 19630K, committed 19968K, reserved 1067008K
  class space    used 1879K, capacity 1949K, committed 2048K, reserved 1048576K
Event: 190,002 GC heap after
Heap after GC invocations=689 (full 342):
 PSYoungGen      total 435712K, used 0K [0x000000076cd80000, 0x0000000795f80000, 0x00000007c0000000)
  eden space 435200K, 0% used [0x000000076cd80000,0x000000076cd80000,0x0000000787680000)
  from space 512K, 0% used [0x0000000787680000,0x0000000787680000,0x0000000787700000)
  to   space 119296K, 0% used [0x000000078eb00000,0x000000078eb00000,0x0000000795f80000)
 ParOldGen       total 243200K, used 76463K [0x00000006c6800000, 0x00000006d5580000, 0x000000076cd80000)
  object space 243200K, 31% used [0x00000006c6800000,0x00000006cb2abff8,0x00000006d5580000)
 Metaspace       used 19325K, capacity 19630K, committed 19968K, reserved 1067008K
  class space    used 1879K, capacity 1949K, committed 2048K, reserved 1048576K
}
Event: 190,683 GC heap before
{Heap before GC invocations=690 (full 342):
 PSYoungGen      total 435712K, used 310564K [0x000000076cd80000, 0x0000000795f80000, 0x00000007c0000000)
  eden space 435200K, 71% used [0x000000076cd80000,0x000000077fcc9178,0x0000000787680000)
  from space 512K, 0% used [0x0000000787680000,0x0000000787680000,0x0000000787700000)
  to   space 119296K, 0% used [0x000000078eb00000,0x000000078eb00000,0x0000000795f80000)
 ParOldGen       total 243200K, used 76463K [0x00000006c6800000, 0x00000006d5580000, 0x000000076cd80000)
  object space 243200K, 31% used [0x00000006c6800000,0x00000006cb2abff8,0x00000006d5580000)
 Metaspace       used 19326K, capacity 19630K, committed 19968K, reserved 1067008K
  class space    used 1879K, capacity 1949K, committed 2048K, reserved 1048576K
Event: 190,790 GC heap after
Heap after GC invocations=690 (full 342):
 PSYoungGen      total 543232K, used 79077K [0x000000076cd80000, 0x0000000797580000, 0x00000007c0000000)
  eden space 423936K, 0% used [0x000000076cd80000,0x000000076cd80000,0x0000000786b80000)
  from space 119296K, 66% used [0x000000078eb00000,0x0000000793839518,0x0000000795f80000)
  to   space 130560K, 0% used [0x0000000786b80000,0x0000000786b80000,0x000000078eb00000)
 ParOldGen       total 243200K, used 76463K [0x00000006c6800000, 0x00000006d5580000, 0x000000076cd80000)
  object space 243200K, 31% used [0x00000006c6800000,0x00000006cb2abff8,0x00000006d5580000)
 Metaspace       used 19326K, capacity 19630K, committed 19968K, reserved 1067008K
  class space    used 1879K, capacity 1949K, committed 2048K, reserved 1048576K
}
Event: 190,790 GC heap before
{Heap before GC invocations=691 (full 343):
 PSYoungGen      total 543232K, used 79077K [0x000000076cd80000, 0x0000000797580000, 0x00000007c0000000)
  eden space 423936K, 0% used [0x000000076cd80000,0x000000076cd80000,0x0000000786b80000)
  from space 119296K, 66% used [0x000000078eb00000,0x0000000793839518,0x0000000795f80000)
  to   space 130560K, 0% used [0x0000000786b80000,0x0000000786b80000,0x000000078eb00000)
 ParOldGen       total 243200K, used 76463K [0x00000006c6800000, 0x00000006d5580000, 0x000000076cd80000)
  object space 243200K, 31% used [0x00000006c6800000,0x00000006cb2abff8,0x00000006d5580000)
 Metaspace       used 19326K, capacity 19630K, committed 19968K, reserved 1067008K
  class space    used 1879K, capacity 1949K, committed 2048K, reserved 1048576K
Event: 191,397 GC heap after
Heap after GC invocations=691 (full 343):
 PSYoungGen      total 543232K, used 0K [0x000000076cd80000, 0x0000000797580000, 0x00000007c0000000)
  eden space 423936K, 0% used [0x000000076cd80000,0x000000076cd80000,0x0000000786b80000)
  from space 119296K, 0% used [0x000000078eb00000,0x000000078eb00000,0x0000000795f80000)
  to   space 130560K, 0% used [0x0000000786b80000,0x0000000786b80000,0x000000078eb00000)
 ParOldGen       total 243200K, used 109600K [0x00000006c6800000, 0x00000006d5580000, 0x000000076cd80000)
  object space 243200K, 45% used [0x00000006c6800000,0x00000006cd308048,0x00000006d5580000)
 Metaspace       used 19326K, capacity 19630K, committed 19968K, reserved 1067008K
  class space    used 1879K, capacity 1949K, committed 2048K, reserved 1048576K
}
Event: 191,418 GC heap before
{Heap before GC invocations=692 (full 343):
 PSYoungGen      total 543232K, used 18132K [0x000000076cd80000, 0x0000000797580000, 0x00000007c0000000)
  eden space 423936K, 4% used [0x000000076cd80000,0x000000076df35060,0x0000000786b80000)
  from space 119296K, 0% used [0x000000078eb00000,0x000000078eb00000,0x0000000795f80000)
  to   space 130560K, 0% used [0x0000000786b80000,0x0000000786b80000,0x000000078eb00000)
 ParOldGen       total 243200K, used 109600K [0x00000006c6800000, 0x00000006d5580000, 0x000000076cd80000)
  object space 243200K, 45% used [0x00000006c6800000,0x00000006cd308048,0x00000006d5580000)
 Metaspace       used 19326K, capacity 19630K, committed 19968K, reserved 1067008K
  class space    used 1879K, capacity 1949K, committed 2048K, reserved 1048576K
Event: 191,421 GC heap after
Heap after GC invocations=692 (full 343):
 PSYoungGen      total 554496K, used 96K [0x000000076cd80000, 0x0000000796a80000, 0x00000007c0000000)
  eden space 423936K, 0% used [0x000000076cd80000,0x000000076cd80000,0x0000000786b80000)
  from space 130560K, 0% used [0x0000000786b80000,0x0000000786b98000,0x000000078eb00000)
  to   space 124928K, 0% used [0x000000078f080000,0x000000078f080000,0x0000000796a80000)
 ParOldGen       total 243200K, used 109600K [0x00000006c6800000, 0x00000006d5580000, 0x000000076cd80000)
  object space 243200K, 45% used [0x00000006c6800000,0x00000006cd308048,0x00000006d5580000)
 Metaspace       used 19326K, capacity 19630K, committed 19968K, reserved 1067008K
  class space    used 1879K, capacity 1949K, committed 2048K, reserved 1048576K
}
Event: 191,421 GC heap before
{Heap before GC invocations=693 (full 344):
 PSYoungGen      total 554496K, used 96K [0x000000076cd80000, 0x0000000796a80000, 0x00000007c0000000)
  eden space 423936K, 0% used [0x000000076cd80000,0x000000076cd80000,0x0000000786b80000)
  from space 130560K, 0% used [0x0000000786b80000,0x0000000786b98000,0x000000078eb00000)
  to   space 124928K, 0% used [0x000000078f080000,0x000000078f080000,0x0000000796a80000)
 ParOldGen       total 243200K, used 109600K [0x00000006c6800000, 0x00000006d5580000, 0x000000076cd80000)
  object space 243200K, 45% used [0x00000006c6800000,0x00000006cd308048,0x00000006d5580000)
 Metaspace       used 19326K, capacity 19630K, committed 19968K, reserved 1067008K
  class space    used 1879K, capacity 1949K, committed 2048K, reserved 1048576K
Event: 191,650 GC heap after
Heap after GC invocations=693 (full 344):
 PSYoungGen      total 554496K, used 0K [0x000000076cd80000, 0x0000000796a80000, 0x00000007c0000000)
  eden space 423936K, 0% used [0x000000076cd80000,0x000000076cd80000,0x0000000786b80000)
  from space 130560K, 0% used [0x0000000786b80000,0x0000000786b80000,0x000000078eb00000)
  to   space 124928K, 0% used [0x000000078f080000,0x000000078f080000,0x0000000796a80000)
 ParOldGen       total 243200K, used 81045K [0x00000006c6800000, 0x00000006d5580000, 0x000000076cd80000)
  object space 243200K, 33% used [0x00000006c6800000,0x00000006cb725680,0x00000006d5580000)
 Metaspace       used 19326K, capacity 19630K, committed 19968K, reserved 1067008K
  class space    used 1879K, capacity 1949K, committed 2048K, reserved 1048576K
}
Event: 191,651 GC heap before
{Heap before GC invocations=694 (full 344):
 PSYoungGen      total 554496K, used 11076K [0x000000076cd80000, 0x0000000796a80000, 0x00000007c0000000)
  eden space 423936K, 2% used [0x000000076cd80000,0x000000076d851148,0x0000000786b80000)
  from space 130560K, 0% used [0x0000000786b80000,0x0000000786b80000,0x000000078eb00000)
  to   space 124928K, 0% used [0x000000078f080000,0x000000078f080000,0x0000000796a80000)
 ParOldGen       total 243200K, used 81045K [0x00000006c6800000, 0x00000006d5580000, 0x000000076cd80000)
  object space 243200K, 33% used [0x00000006c6800000,0x00000006cb725680,0x00000006d5580000)
 Metaspace       used 19327K, capacity 19630K, committed 19968K, reserved 1067008K
  class space    used 1879K, capacity 1949K, committed 2048K, reserved 1048576K
Event: 191,677 GC heap after
Heap after GC invocations=694 (full 344):
 PSYoungGen      total 549888K, used 32K [0x000000076cd80000, 0x0000000796080000, 0x00000007c0000000)
  eden space 435200K, 0% used [0x000000076cd80000,0x000000076cd80000,0x0000000787680000)
  from space 114688K, 0% used [0x000000078f080000,0x000000078f088000,0x0000000796080000)
  to   space 119808K, 0% used [0x0000000787680000,0x0000000787680000,0x000000078eb80000)
 ParOldGen       total 243200K, used 81045K [0x00000006c6800000, 0x00000006d5580000, 0x000000076cd80000)
  object space 243200K, 33% used [0x00000006c6800000,0x00000006cb725680,0x00000006d5580000)
 Metaspace       used 19327K, capacity 19630K, committed 19968K, reserved 1067008K
  class space    used 1879K, capacity 1949K, committed 2048K, reserved 1048576K
}
Event: 191,677 GC heap before
{Heap before GC invocations=695 (full 345):
 PSYoungGen      total 549888K, used 32K [0x000000076cd80000, 0x0000000796080000, 0x00000007c0000000)
  eden space 435200K, 0% used [0x000000076cd80000,0x000000076cd80000,0x0000000787680000)
  from space 114688K, 0% used [0x000000078f080000,0x000000078f088000,0x0000000796080000)
  to   space 119808K, 0% used [0x0000000787680000,0x0000000787680000,0x000000078eb80000)
 ParOldGen       total 243200K, used 81045K [0x00000006c6800000, 0x00000006d5580000, 0x000000076cd80000)
  object space 243200K, 33% used [0x00000006c6800000,0x00000006cb725680,0x00000006d5580000)
 Metaspace       used 19327K, capacity 19630K, committed 19968K, reserved 1067008K
  class space    used 1879K, capacity 1949K, committed 2048K, reserved 1048576K
Event: 192,071 GC heap after
Heap after GC invocations=695 (full 345):
 PSYoungGen      total 549888K, used 0K [0x000000076cd80000, 0x0000000796080000, 0x00000007c0000000)
  eden space 435200K, 0% used [0x000000076cd80000,0x000000076cd80000,0x0000000787680000)
  from space 114688K, 0% used [0x000000078f080000,0x000000078f080000,0x0000000796080000)
  to   space 119808K, 0% used [0x0000000787680000,0x0000000787680000,0x000000078eb80000)
 ParOldGen       total 243200K, used 75840K [0x00000006c6800000, 0x00000006d5580000, 0x000000076cd80000)
  object space 243200K, 31% used [0x00000006c6800000,0x00000006cb210208,0x00000006d5580000)
 Metaspace       used 19327K, capacity 19630K, committed 19968K, reserved 1067008K
  class space    used 1879K, capacity 1949K, committed 2048K, reserved 1048576K
}
Event: 193,408 GC heap before
{Heap before GC invocations=696 (full 345):
 PSYoungGen      total 549888K, used 313455K [0x000000076cd80000, 0x0000000796080000, 0x00000007c0000000)
  eden space 435200K, 72% used [0x000000076cd80000,0x000000077ff9bd38,0x0000000787680000)
  from space 114688K, 0% used [0x000000078f080000,0x000000078f080000,0x0000000796080000)
  to   space 119808K, 0% used [0x0000000787680000,0x0000000787680000,0x000000078eb80000)
 ParOldGen       total 243200K, used 75840K [0x00000006c6800000, 0x00000006d5580000, 0x000000076cd80000)
  object space 243200K, 31% used [0x00000006c6800000,0x00000006cb210208,0x00000006d5580000)
 Metaspace       used 19327K, capacity 19630K, committed 19968K, reserved 1067008K
  class space    used 1879K, capacity 1949K, committed 2048K, reserved 1048576K
Event: 193,512 GC heap after
Heap after GC invocations=696 (full 345):
 PSYoungGen      total 555008K, used 79088K [0x000000076cd80000, 0x0000000797580000, 0x00000007c0000000)
  eden space 435200K, 0% used [0x000000076cd80000,0x000000076cd80000,0x0000000787680000)
  from space 119808K, 66% used [0x0000000787680000,0x000000078c3bc160,0x000000078eb80000)
  to   space 130560K, 0% used [0x000000078f600000,0x000000078f600000,0x0000000797580000)
 ParOldGen       total 243200K, used 75840K [0x00000006c6800000, 0x00000006d5580000, 0x000000076cd80000)
  object space 243200K, 31% used [0x00000006c6800000,0x00000006cb210208,0x00000006d5580000)
 Metaspace       used 19327K, capacity 19630K, committed 19968K, reserved 1067008K
  class space    used 1879K, capacity 1949K, committed 2048K, reserved 1048576K
}
Event: 193,512 GC heap before
{Heap before GC invocations=697 (full 346):
 PSYoungGen      total 555008K, used 79088K [0x000000076cd80000, 0x0000000797580000, 0x00000007c0000000)
  eden space 435200K, 0% used [0x000000076cd80000,0x000000076cd80000,0x0000000787680000)
  from space 119808K, 66% used [0x0000000787680000,0x000000078c3bc160,0x000000078eb80000)
  to   space 130560K, 0% used [0x000000078f600000,0x000000078f600000,0x0000000797580000)
 ParOldGen       total 243200K, used 75840K [0x00000006c6800000, 0x00000006d5580000, 0x000000076cd80000)
  object space 243200K, 31% used [0x00000006c6800000,0x00000006cb210208,0x00000006d5580000)
 Metaspace       used 19327K, capacity 19630K, committed 19968K, reserved 1067008K
  class space    used 1879K, capacity 1949K, committed 2048K, reserved 1048576K
Event: 194,182 GC heap after
Heap after GC invocations=697 (full 346):
 PSYoungGen      total 555008K, used 0K [0x000000076cd80000, 0x0000000797580000, 0x00000007c0000000)
  eden space 435200K, 0% used [0x000000076cd80000,0x000000076cd80000,0x0000000787680000)
  from space 119808K, 0% used [0x0000000787680000,0x0000000787680000,0x000000078eb80000)
  to   space 130560K, 0% used [0x000000078f600000,0x000000078f600000,0x0000000797580000)
 ParOldGen       total 243200K, used 154760K [0x00000006c6800000, 0x00000006d5580000, 0x000000076cd80000)
  object space 243200K, 63% used [0x00000006c6800000,0x00000006cff220e0,0x00000006d5580000)
 Metaspace       used 19327K, capacity 19630K, committed 19968K, reserved 1067008K
  class space    used 1879K, capacity 1949K, committed 2048K, reserved 1048576K
}
Event: 194,183 GC heap before
{Heap before GC invocations=698 (full 346):
 PSYoungGen      total 555008K, used 6970K [0x000000076cd80000, 0x0000000797580000, 0x00000007c0000000)
  eden space 435200K, 1% used [0x000000076cd80000,0x000000076d44eb68,0x0000000787680000)
  from space 119808K, 0% used [0x0000000787680000,0x0000000787680000,0x000000078eb80000)
  to   space 130560K, 0% used [0x000000078f600000,0x000000078f600000,0x0000000797580000)
 ParOldGen       total 243200K, used 154760K [0x00000006c6800000, 0x00000006d5580000, 0x000000076cd80000)
  object space 243200K, 63% used [0x00000006c6800000,0x00000006cff220e0,0x00000006d5580000)
 Metaspace       used 19327K, capacity 19630K, committed 19968K, reserved 1067008K
  class space    used 1879K, capacity 1949K, committed 2048K, reserved 1048576K
Event: 194,188 GC heap after
Heap after GC invocations=698 (full 346):
 PSYoungGen      total 555520K, used 64K [0x000000076cd80000, 0x0000000796b80000, 0x00000007c0000000)
  eden space 435200K, 0% used [0x000000076cd80000,0x000000076cd80000,0x0000000787680000)
  from space 120320K, 0% used [0x000000078f600000,0x000000078f610000,0x0000000796b80000)
  to   space 125440K, 0% used [0x0000000787680000,0x0000000787680000,0x000000078f100000)
 ParOldGen       total 243200K, used 154760K [0x00000006c6800000, 0x00000006d5580000, 0x000000076cd80000)
  object space 243200K, 63% used [0x00000006c6800000,0x00000006cff220e0,0x00000006d5580000)
 Metaspace       used 19327K, capacity 19630K, committed 19968K, reserved 1067008K
  class space    used 1879K, capacity 1949K, committed 2048K, reserved 1048576K
}
Event: 194,188 GC heap before
{Heap before GC invocations=699 (full 347):
 PSYoungGen      total 555520K, used 64K [0x000000076cd80000, 0x0000000796b80000, 0x00000007c0000000)
  eden space 435200K, 0% used [0x000000076cd80000,0x000000076cd80000,0x0000000787680000)
  from space 120320K, 0% used [0x000000078f600000,0x000000078f610000,0x0000000796b80000)
  to   space 125440K, 0% used [0x0000000787680000,0x0000000787680000,0x000000078f100000)
 ParOldGen       total 243200K, used 154760K [0x00000006c6800000, 0x00000006d5580000, 0x000000076cd80000)
  object space 243200K, 63% used [0x00000006c6800000,0x00000006cff220e0,0x00000006d5580000)
 Metaspace       used 19327K, capacity 19630K, committed 19968K, reserved 1067008K
  class space    used 1879K, capacity 1949K, committed 2048K, reserved 1048576K
Event: 194,503 GC heap after
Heap after GC invocations=699 (full 347):
 PSYoungGen      total 555520K, used 0K [0x000000076cd80000, 0x0000000796b80000, 0x00000007c0000000)
  eden space 435200K, 0% used [0x000000076cd80000,0x000000076cd80000,0x0000000787680000)
  from space 120320K, 0% used [0x000000078f600000,0x000000078f600000,0x0000000796b80000)
  to   space 125440K, 0% used [0x0000000787680000,0x0000000787680000,0x000000078f100000)
 ParOldGen       total 243200K, used 154759K [0x00000006c6800000, 0x00000006d5580000, 0x000000076cd80000)
  object space 243200K, 63% used [0x00000006c6800000,0x00000006cff21fa0,0x00000006d5580000)
 Metaspace       used 19327K, capacity 19630K, committed 19968K, reserved 1067008K
  class space    used 1879K, capacity 1949K, committed 2048K, reserved 1048576K
}
Event: 194,504 GC heap before
{Heap before GC invocations=700 (full 347):
 PSYoungGen      total 555520K, used 5529K [0x000000076cd80000, 0x0000000796b80000, 0x00000007c0000000)
  eden space 435200K, 1% used [0x000000076cd80000,0x000000076d2e67d0,0x0000000787680000)
  from space 120320K, 0% used [0x000000078f600000,0x000000078f600000,0x0000000796b80000)
  to   space 125440K, 0% used [0x0000000787680000,0x0000000787680000,0x000000078f100000)
 ParOldGen       total 243200K, used 154759K [0x00000006c6800000, 0x00000006d5580000, 0x000000076cd80000)
  object space 243200K, 63% used [0x00000006c6800000,0x00000006cff21fa0,0x00000006d5580000)
 Metaspace       used 19327K, capacity 19630K, committed 19968K, reserved 1067008K
  class space    used 1879K, capacity 1949K, committed 2048K, reserved 1048576K
Event: 194,505 GC heap after
Heap after GC invocations=700 (full 347):
 PSYoungGen      total 435712K, used 64K [0x000000076cd80000, 0x0000000796080000, 0x00000007c0000000)
  eden space 435200K, 0% used [0x000000076cd80000,0x000000076cd80000,0x0000000787680000)
  from space 512K, 12% used [0x0000000787680000,0x0000000787690000,0x0000000787700000)
  to   space 119808K, 0% used [0x000000078eb80000,0x000000078eb80000,0x0000000796080000)
 ParOldGen       total 243200K, used 154759K [0x00000006c6800000, 0x00000006d5580000, 0x000000076cd80000)
  object space 243200K, 63% used [0x00000006c6800000,0x00000006cff21fa0,0x00000006d5580000)
 Metaspace       used 19327K, capacity 19630K, committed 19968K, reserved 1067008K
  class space    used 1879K, capacity 1949K, committed 2048K, reserved 1048576K
}
Event: 194,506 GC heap before
{Heap before GC invocations=701 (full 348):
 PSYoungGen      total 435712K, used 64K [0x000000076cd80000, 0x0000000796080000, 0x00000007c0000000)
  eden space 435200K, 0% used [0x000000076cd80000,0x000000076cd80000,0x0000000787680000)
  from space 512K, 12% used [0x0000000787680000,0x0000000787690000,0x0000000787700000)
  to   space 119808K, 0% used [0x000000078eb80000,0x000000078eb80000,0x0000000796080000)
 ParOldGen       total 243200K, used 154759K [0x00000006c6800000, 0x00000006d5580000, 0x000000076cd80000)
  object space 243200K, 63% used [0x00000006c6800000,0x00000006cff21fa0,0x00000006d5580000)
 Metaspace       used 19327K, capacity 19630K, committed 19968K, reserved 1067008K
  class space    used 1879K, capacity 1949K, committed 2048K, reserved 1048576K
Event: 194,944 GC heap after
Heap after GC invocations=701 (full 348):
 PSYoungGen      total 435712K, used 0K [0x000000076cd80000, 0x0000000796080000, 0x00000007c0000000)
  eden space 435200K, 0% used [0x000000076cd80000,0x000000076cd80000,0x0000000787680000)
  from space 512K, 0% used [0x0000000787680000,0x0000000787680000,0x0000000787700000)
  to   space 119808K, 0% used [0x000000078eb80000,0x000000078eb80000,0x0000000796080000)
 ParOldGen       total 243200K, used 149226K [0x00000006c6800000, 0x00000006d5580000, 0x000000076cd80000)
  object space 243200K, 61% used [0x00000006c6800000,0x00000006cf9ba800,0x00000006d5580000)
 Metaspace       used 19327K, capacity 19630K, committed 19968K, reserved 1067008K
  class space    used 1879K, capacity 1949K, committed 2048K, reserved 1048576K
}
Event: 195,585 GC heap before
{Heap before GC invocations=702 (full 348):
 PSYoungGen      total 435712K, used 317813K [0x000000076cd80000, 0x0000000796080000, 0x00000007c0000000)
  eden space 435200K, 73% used [0x000000076cd80000,0x00000007803dd4b0,0x0000000787680000)
  from space 512K, 0% used [0x0000000787680000,0x0000000787680000,0x0000000787700000)
  to   space 119808K, 0% used [0x000000078eb80000,0x000000078eb80000,0x0000000796080000)
 ParOldGen       total 243200K, used 149226K [0x00000006c6800000, 0x00000006d5580000, 0x000000076cd80000)
  object space 243200K, 61% used [0x00000006c6800000,0x00000006cf9ba800,0x00000006d5580000)
 Metaspace       used 19328K, capacity 19630K, committed 19968K, reserved 1067008K
  class space    used 1879K, capacity 1949K, committed 2048K, reserved 1048576K
Event: 195,654 GC heap after
Heap after GC invocations=702 (full 348):
 PSYoungGen      total 543744K, used 79109K [0x000000076cd80000, 0x0000000797680000, 0x00000007c0000000)
  eden space 423936K, 0% used [0x000000076cd80000,0x000000076cd80000,0x0000000786b80000)
  from space 119808K, 66% used [0x000000078eb80000,0x00000007938c1538,0x0000000796080000)
  to   space 131072K, 0% used [0x0000000786b80000,0x0000000786b80000,0x000000078eb80000)
 ParOldGen       total 243200K, used 149226K [0x00000006c6800000, 0x00000006d5580000, 0x000000076cd80000)
  object space 243200K, 61% used [0x00000006c6800000,0x00000006cf9ba800,0x00000006d5580000)
 Metaspace       used 19328K, capacity 19630K, committed 19968K, reserved 1067008K
  class space    used 1879K, capacity 1949K, committed 2048K, reserved 1048576K
}
Event: 195,654 GC heap before
{Heap before GC invocations=703 (full 349):
 PSYoungGen      total 543744K, used 79109K [0x000000076cd80000, 0x0000000797680000, 0x00000007c0000000)
  eden space 423936K, 0% used [0x000000076cd80000,0x000000076cd80000,0x0000000786b80000)
  from space 119808K, 66% used [0x000000078eb80000,0x00000007938c1538,0x0000000796080000)
  to   space 131072K, 0% used [0x0000000786b80000,0x0000000786b80000,0x000000078eb80000)
 ParOldGen       total 243200K, used 149226K [0x00000006c6800000, 0x00000006d5580000, 0x000000076cd80000)
  object space 243200K, 61% used [0x00000006c6800000,0x00000006cf9ba800,0x00000006d5580000)
 Metaspace       used 19328K, capacity 19630K, committed 19968K, reserved 1067008K
  class space    used 1879K, capacity 1949K, committed 2048K, reserved 1048576K
Event: 196,251 GC heap after
Heap after GC invocations=703 (full 349):
 PSYoungGen      total 543744K, used 0K [0x000000076cd80000, 0x0000000797680000, 0x00000007c0000000)
  eden space 423936K, 0% used [0x000000076cd80000,0x000000076cd80000,0x0000000786b80000)
  from space 119808K, 0% used [0x000000078eb80000,0x000000078eb80000,0x0000000796080000)
  to   space 131072K, 0% used [0x0000000786b80000,0x0000000786b80000,0x000000078eb80000)
 ParOldGen       total 243200K, used 154778K [0x00000006c6800000, 0x00000006d5580000, 0x000000076cd80000)
  object space 243200K, 63% used [0x00000006c6800000,0x00000006cff26b58,0x00000006d5580000)
 Metaspace       used 19328K, capacity 19630K, committed 19968K, reserved 1067008K
  class space    used 1879K, capacity 1949K, committed 2048K, reserved 1048576K
}
Event: 196,259 GC heap before
{Heap before GC invocations=704 (full 349):
 PSYoungGen      total 543744K, used 20850K [0x000000076cd80000, 0x0000000797680000, 0x00000007c0000000)
  eden space 423936K, 4% used [0x000000076cd80000,0x000000076e1dc8b0,0x0000000786b80000)
  from space 119808K, 0% used [0x000000078eb80000,0x000000078eb80000,0x0000000796080000)
  to   space 131072K, 0% used [0x0000000786b80000,0x0000000786b80000,0x000000078eb80000)
 ParOldGen       total 243200K, used 154778K [0x00000006c6800000, 0x00000006d5580000, 0x000000076cd80000)
  object space 243200K, 63% used [0x00000006c6800000,0x00000006cff26b58,0x00000006d5580000)
 Metaspace       used 19328K, capacity 19630K, committed 19968K, reserved 1067008K
  class space    used 1879K, capacity 1949K, committed 2048K, reserved 1048576K
Event: 196,261 GC heap after
Heap after GC invocations=704 (full 349):
 PSYoungGen      total 555008K, used 96K [0x000000076cd80000, 0x0000000796b80000, 0x00000007c0000000)
  eden space 423936K, 0% used [0x000000076cd80000,0x000000076cd80000,0x0000000786b80000)
  from space 131072K, 0% used [0x0000000786b80000,0x0000000786b98000,0x000000078eb80000)
  to   space 125440K, 0% used [0x000000078f100000,0x000000078f100000,0x0000000796b80000)
 ParOldGen       total 243200K, used 154778K [0x00000006c6800000, 0x00000006d5580000, 0x000000076cd80000)
  object space 243200K, 63% used [0x00000006c6800000,0x00000006cff26b58,0x00000006d5580000)
 Metaspace       used 19328K, capacity 19630K, committed 19968K, reserved 1067008K
  class space    used 1879K, capacity 1949K, committed 2048K, reserved 1048576K
}
Event: 196,261 GC heap before
{Heap before GC invocations=705 (full 350):
 PSYoungGen      total 555008K, used 96K [0x000000076cd80000, 0x0000000796b80000, 0x00000007c0000000)
  eden space 423936K, 0% used [0x000000076cd80000,0x000000076cd80000,0x0000000786b80000)
  from space 131072K, 0% used [0x0000000786b80000,0x0000000786b98000,0x000000078eb80000)
  to   space 125440K, 0% used [0x000000078f100000,0x000000078f100000,0x0000000796b80000)
 ParOldGen       total 243200K, used 154778K [0x00000006c6800000, 0x00000006d5580000, 0x000000076cd80000)
  object space 243200K, 63% used [0x00000006c6800000,0x00000006cff26b58,0x00000006d5580000)
 Metaspace       used 19328K, capacity 19630K, committed 19968K, reserved 1067008K
  class space    used 1879K, capacity 1949K, committed 2048K, reserved 1048576K
Event: 196,408 GC heap after
Heap after GC invocations=705 (full 350):
 PSYoungGen      total 555008K, used 0K [0x000000076cd80000, 0x0000000796b80000, 0x00000007c0000000)
  eden space 423936K, 0% used [0x000000076cd80000,0x000000076cd80000,0x0000000786b80000)
  from space 131072K, 0% used [0x0000000786b80000,0x0000000786b80000,0x000000078eb80000)
  to   space 125440K, 0% used [0x000000078f100000,0x000000078f100000,0x0000000796b80000)
 ParOldGen       total 243200K, used 81064K [0x00000006c6800000, 0x00000006d5580000, 0x000000076cd80000)
  object space 243200K, 33% used [0x00000006c6800000,0x00000006cb72a3c0,0x00000006d5580000)
 Metaspace       used 19328K, capacity 19630K, committed 19968K, reserved 1067008K
  class space    used 1879K, capacity 1949K, committed 2048K, reserved 1048576K
}
Event: 196,412 GC heap before
{Heap before GC invocations=706 (full 350):
 PSYoungGen      total 555008K, used 8138K [0x000000076cd80000, 0x0000000796b80000, 0x00000007c0000000)
  eden space 423936K, 1% used [0x000000076cd80000,0x000000076d572b90,0x0000000786b80000)
  from space 131072K, 0% used [0x0000000786b80000,0x0000000786b80000,0x000000078eb80000)
  to   space 125440K, 0% used [0x000000078f100000,0x000000078f100000,0x0000000796b80000)
 ParOldGen       total 243200K, used 81064K [0x00000006c6800000, 0x00000006d5580000, 0x000000076cd80000)
  object space 243200K, 33% used [0x00000006c6800000,0x00000006cb72a3c0,0x00000006d5580000)
 Metaspace       used 19328K, capacity 19630K, committed 19968K, reserved 1067008K
  class space    used 1879K, capacity 1949K, committed 2048K, reserved 1048576K
Event: 196,413 GC heap after
Heap after GC invocations=706 (full 350):
 PSYoungGen      total 550400K, used 32K [0x000000076cd80000, 0x0000000796180000, 0x00000007c0000000)
  eden space 435200K, 0% used [0x000000076cd80000,0x000000076cd80000,0x0000000787680000)
  from space 115200K, 0% used [0x000000078f100000,0x000000078f108000,0x0000000796180000)
  to   space 120320K, 0% used [0x0000000787680000,0x0000000787680000,0x000000078ec00000)
 ParOldGen       total 243200K, used 81064K [0x00000006c6800000, 0x00000006d5580000, 0x000000076cd80000)
  object space 243200K, 33% used [0x00000006c6800000,0x00000006cb72a3c0,0x00000006d5580000)
 Metaspace       used 19328K, capacity 19630K, committed 19968K, reserved 1067008K
  class space    used 1879K, capacity 1949K, committed 2048K, reserved 1048576K
}
Event: 196,413 GC heap before
{Heap before GC invocations=707 (full 351):
 PSYoungGen      total 550400K, used 32K [0x000000076cd80000, 0x0000000796180000, 0x00000007c0000000)
  eden space 435200K, 0% used [0x000000076cd80000,0x000000076cd80000,0x0000000787680000)
  from space 115200K, 0% used [0x000000078f100000,0x000000078f108000,0x0000000796180000)
  to   space 120320K, 0% used [0x0000000787680000,0x0000000787680000,0x000000078ec00000)
 ParOldGen       total 243200K, used 81064K [0x00000006c6800000, 0x00000006d5580000, 0x000000076cd80000)
  object space 243200K, 33% used [0x00000006c6800000,0x00000006cb72a3c0,0x00000006d5580000)
 Metaspace       used 19328K, capacity 19630K, committed 19968K, reserved 1067008K
  class space    used 1879K, capacity 1949K, committed 2048K, reserved 1048576K
Event: 196,662 GC heap after
Heap after GC invocations=707 (full 351):
 PSYoungGen      total 550400K, used 0K [0x000000076cd80000, 0x0000000796180000, 0x00000007c0000000)
  eden space 435200K, 0% used [0x000000076cd80000,0x000000076cd80000,0x0000000787680000)
  from space 115200K, 0% used [0x000000078f100000,0x000000078f100000,0x0000000796180000)
  to   space 120320K, 0% used [0x0000000787680000,0x0000000787680000,0x000000078ec00000)
 ParOldGen       total 243200K, used 75860K [0x00000006c6800000, 0x00000006d5580000, 0x000000076cd80000)
  object space 243200K, 31% used [0x00000006c6800000,0x00000006cb2152f8,0x00000006d5580000)
 Metaspace       used 19328K, capacity 19630K, committed 19968K, reserved 1067008K
  class space    used 1879K, capacity 1949K, committed 2048K, reserved 1048576K
}
Event: 197,192 GC heap before
{Heap before GC invocations=708 (full 351):
 PSYoungGen      total 550400K, used 310559K [0x000000076cd80000, 0x0000000796180000, 0x00000007c0000000)
  eden space 435200K, 71% used [0x000000076cd80000,0x000000077fcc7f08,0x0000000787680000)
  from space 115200K, 0% used [0x000000078f100000,0x000000078f100000,0x0000000796180000)
  to   space 120320K, 0% used [0x0000000787680000,0x0000000787680000,0x000000078ec00000)
 ParOldGen       total 243200K, used 75860K [0x00000006c6800000, 0x00000006d5580000, 0x000000076cd80000)
  object space 243200K, 31% used [0x00000006c6800000,0x00000006cb2152f8,0x00000006d5580000)
 Metaspace       used 19346K, capacity 19630K, committed 19968K, reserved 1067008K
  class space    used 1879K, capacity 1949K, committed 2048K, reserved 1048576K
Event: 197,255 GC heap after
Heap after GC invocations=708 (full 351):
 PSYoungGen      total 555520K, used 79104K [0x000000076cd80000, 0x0000000797680000, 0x00000007c0000000)
  eden space 435200K, 0% used [0x000000076cd80000,0x000000076cd80000,0x0000000787680000)
  from space 120320K, 65% used [0x0000000787680000,0x000000078c3c0170,0x000000078ec00000)
  to   space 131072K, 0% used [0x000000078f680000,0x000000078f680000,0x0000000797680000)
 ParOldGen       total 243200K, used 75868K [0x00000006c6800000, 0x00000006d5580000, 0x000000076cd80000)
  object space 243200K, 31% used [0x00000006c6800000,0x00000006cb2172f8,0x00000006d5580000)
 Metaspace       used 19346K, capacity 19630K, committed 19968K, reserved 1067008K
  class space    used 1879K, capacity 1949K, committed 2048K, reserved 1048576K
}
Event: 197,255 GC heap before
{Heap before GC invocations=709 (full 352):
 PSYoungGen      total 555520K, used 79104K [0x000000076cd80000, 0x0000000797680000, 0x00000007c0000000)
  eden space 435200K, 0% used [0x000000076cd80000,0x000000076cd80000,0x0000000787680000)
  from space 120320K, 65% used [0x0000000787680000,0x000000078c3c0170,0x000000078ec00000)
  to   space 131072K, 0% used [0x000000078f680000,0x000000078f680000,0x0000000797680000)
 ParOldGen       total 243200K, used 75868K [0x00000006c6800000, 0x00000006d5580000, 0x000000076cd80000)
  object space 243200K, 31% used [0x00000006c6800000,0x00000006cb2172f8,0x00000006d5580000)
 Metaspace       used 19346K, capacity 19630K, committed 19968K, reserved 1067008K
  class space    used 1879K, capacity 1949K, committed 2048K, reserved 1048576K
Event: 197,884 GC heap after
Heap after GC invocations=709 (full 352):
 PSYoungGen      total 555520K, used 0K [0x000000076cd80000, 0x0000000797680000, 0x00000007c0000000)
  eden space 435200K, 0% used [0x000000076cd80000,0x000000076cd80000,0x0000000787680000)
  from space 120320K, 0% used [0x0000000787680000,0x0000000787680000,0x000000078ec00000)
  to   space 131072K, 0% used [0x000000078f680000,0x000000078f680000,0x0000000797680000)
 ParOldGen       total 243200K, used 154753K [0x00000006c6800000, 0x00000006d5580000, 0x000000076cd80000)
  object space 243200K, 63% used [0x00000006c6800000,0x00000006cff20480,0x00000006d5580000)
 Metaspace       used 19346K, capacity 19630K, committed 19968K, reserved 1067008K
  class space    used 1879K, capacity 1949K, committed 2048K, reserved 1048576K
}
Event: 197,887 GC heap before
{Heap before GC invocations=710 (full 352):
 PSYoungGen      total 555520K, used 15714K [0x000000076cd80000, 0x0000000797680000, 0x00000007c0000000)
  eden space 435200K, 3% used [0x000000076cd80000,0x000000076dcd8af0,0x0000000787680000)
  from space 120320K, 0% used [0x0000000787680000,0x0000000787680000,0x000000078ec00000)
  to   space 131072K, 0% used [0x000000078f680000,0x000000078f680000,0x0000000797680000)
 ParOldGen       total 243200K, used 154753K [0x00000006c6800000, 0x00000006d5580000, 0x000000076cd80000)
  object space 243200K, 63% used [0x00000006c6800000,0x00000006cff20480,0x00000006d5580000)
 Metaspace       used 19346K, capacity 19630K, committed 19968K, reserved 1067008K
  class space    used 1879K, capacity 1949K, committed 2048K, reserved 1048576K
Event: 197,893 GC heap after
Heap after GC invocations=710 (full 352):
 PSYoungGen      total 556032K, used 32K [0x000000076cd80000, 0x0000000796c80000, 0x00000007c0000000)
  eden space 435200K, 0% used [0x000000076cd80000,0x000000076cd80000,0x0000000787680000)
  from space 120832K, 0% used [0x000000078f680000,0x000000078f688000,0x0000000796c80000)
  to   space 125952K, 0% used [0x0000000787680000,0x0000000787680000,0x000000078f180000)
 ParOldGen       total 243200K, used 154753K [0x00000006c6800000, 0x00000006d5580000, 0x000000076cd80000)
  object space 243200K, 63% used [0x00000006c6800000,0x00000006cff20480,0x00000006d5580000)
 Metaspace       used 19346K, capacity 19630K, committed 19968K, reserved 1067008K
  class space    used 1879K, capacity 1949K, committed 2048K, reserved 1048576K
}
Event: 197,893 GC heap before
{Heap before GC invocations=711 (full 353):
 PSYoungGen      total 556032K, used 32K [0x000000076cd80000, 0x0000000796c80000, 0x00000007c0000000)
  eden space 435200K, 0% used [0x000000076cd80000,0x000000076cd80000,0x0000000787680000)
  from space 120832K, 0% used [0x000000078f680000,0x000000078f688000,0x0000000796c80000)
  to   space 125952K, 0% used [0x0000000787680000,0x0000000787680000,0x000000078f180000)
 ParOldGen       total 243200K, used 154753K [0x00000006c6800000, 0x00000006d5580000, 0x000000076cd80000)
  object space 243200K, 63% used [0x00000006c6800000,0x00000006cff20480,0x00000006d5580000)
 Metaspace       used 19346K, capacity 19630K, committed 19968K, reserved 1067008K
  class space    used 1879K, capacity 1949K, committed 2048K, reserved 1048576K
Event: 198,051 GC heap after
Heap after GC invocations=711 (full 353):
 PSYoungGen      total 556032K, used 0K [0x000000076cd80000, 0x0000000796c80000, 0x00000007c0000000)
  eden space 435200K, 0% used [0x000000076cd80000,0x000000076cd80000,0x0000000787680000)
  from space 120832K, 0% used [0x000000078f680000,0x000000078f680000,0x0000000796c80000)
  to   space 125952K, 0% used [0x0000000787680000,0x0000000787680000,0x000000078f180000)
 ParOldGen       total 243200K, used 81029K [0x00000006c6800000, 0x00000006d5580000, 0x000000076cd80000)
  object space 243200K, 33% used [0x00000006c6800000,0x00000006cb7215f8,0x00000006d5580000)
 Metaspace       used 19346K, capacity 19630K, committed 19968K, reserved 1067008K
  class space    used 1879K, capacity 1949K, committed 2048K, reserved 1048576K
}
Event: 198,052 GC heap before
{Heap before GC invocations=712 (full 353):
 PSYoungGen      total 556032K, used 14272K [0x000000076cd80000, 0x0000000796c80000, 0x00000007c0000000)
  eden space 435200K, 3% used [0x000000076cd80000,0x000000076db703b8,0x0000000787680000)
  from space 120832K, 0% used [0x000000078f680000,0x000000078f680000,0x0000000796c80000)
  to   space 125952K, 0% used [0x0000000787680000,0x0000000787680000,0x000000078f180000)
 ParOldGen       total 243200K, used 81029K [0x00000006c6800000, 0x00000006d5580000, 0x000000076cd80000)
  object space 243200K, 33% used [0x00000006c6800000,0x00000006cb7215f8,0x00000006d5580000)
 Metaspace       used 19346K, capacity 19630K, committed 19968K, reserved 1067008K
  class space    used 1879K, capacity 1949K, committed 2048K, reserved 1048576K
Event: 198,053 GC heap after
Heap after GC invocations=712 (full 353):
 PSYoungGen      total 435712K, used 32K [0x000000076cd80000, 0x0000000796180000, 0x00000007c0000000)
  eden space 435200K, 0% used [0x000000076cd80000,0x000000076cd80000,0x0000000787680000)
  from space 512K, 6% used [0x0000000787680000,0x0000000787688000,0x0000000787700000)
  to   space 120320K, 0% used [0x000000078ec00000,0x000000078ec00000,0x0000000796180000)
 ParOldGen       total 243200K, used 81029K [0x00000006c6800000, 0x00000006d5580000, 0x000000076cd80000)
  object space 243200K, 33% used [0x00000006c6800000,0x00000006cb7215f8,0x00000006d5580000)
 Metaspace       used 19346K, capacity 19630K, committed 19968K, reserved 1067008K
  class space    used 1879K, capacity 1949K, committed 2048K, reserved 1048576K
}
Event: 198,053 GC heap before
{Heap before GC invocations=713 (full 354):
 PSYoungGen      total 435712K, used 32K [0x000000076cd80000, 0x0000000796180000, 0x00000007c0000000)
  eden space 435200K, 0% used [0x000000076cd80000,0x000000076cd80000,0x0000000787680000)
  from space 512K, 6% used [0x0000000787680000,0x0000000787688000,0x0000000787700000)
  to   space 120320K, 0% used [0x000000078ec00000,0x000000078ec00000,0x0000000796180000)
 ParOldGen       total 243200K, used 81029K [0x00000006c6800000, 0x00000006d5580000, 0x000000076cd80000)
  object space 243200K, 33% used [0x00000006c6800000,0x00000006cb7215f8,0x00000006d5580000)
 Metaspace       used 19346K, capacity 19630K, committed 19968K, reserved 1067008K
  class space    used 1879K, capacity 1949K, committed 2048K, reserved 1048576K
Event: 198,604 GC heap after
Heap after GC invocations=713 (full 354):
 PSYoungGen      total 435712K, used 0K [0x000000076cd80000, 0x0000000796180000, 0x00000007c0000000)
  eden space 435200K, 0% used [0x000000076cd80000,0x000000076cd80000,0x0000000787680000)
  from space 512K, 0% used [0x0000000787680000,0x0000000787680000,0x0000000787700000)
  to   space 120320K, 0% used [0x000000078ec00000,0x000000078ec00000,0x0000000796180000)
 ParOldGen       total 243200K, used 75823K [0x00000006c6800000, 0x00000006d5580000, 0x000000076cd80000)
  object space 243200K, 31% used [0x00000006c6800000,0x00000006cb20bd60,0x00000006d5580000)
 Metaspace       used 19346K, capacity 19630K, committed 19968K, reserved 1067008K
  class space    used 1879K, capacity 1949K, committed 2048K, reserved 1048576K
}
Event: 199,844 GC heap before
{Heap before GC invocations=714 (full 354):
 PSYoungGen      total 435712K, used 310524K [0x000000076cd80000, 0x0000000796180000, 0x00000007c0000000)
  eden space 435200K, 71% used [0x000000076cd80000,0x000000077fcbf268,0x0000000787680000)
  from space 512K, 0% used [0x0000000787680000,0x0000000787680000,0x0000000787700000)
  to   space 120320K, 0% used [0x000000078ec00000,0x000000078ec00000,0x0000000796180000)
 ParOldGen       total 243200K, used 75823K [0x00000006c6800000, 0x00000006d5580000, 0x000000076cd80000)
  object space 243200K, 31% used [0x00000006c6800000,0x00000006cb20bd60,0x00000006d5580000)
 Metaspace       used 19348K, capacity 19630K, committed 19968K, reserved 1067008K
  class space    used 1879K, capacity 1949K, committed 2048K, reserved 1048576K
Event: 199,933 GC heap after
Heap after GC invocations=714 (full 354):
 PSYoungGen      total 544768K, used 79221K [0x000000076cd80000, 0x0000000797680000, 0x00000007c0000000)
  eden space 424448K, 0% used [0x000000076cd80000,0x000000076cd80000,0x0000000786c00000)
  from space 120320K, 65% used [0x000000078ec00000,0x000000079395d508,0x0000000796180000)
  to   space 131072K, 0% used [0x0000000786c00000,0x0000000786c00000,0x000000078ec00000)
 ParOldGen       total 243200K, used 75823K [0x00000006c6800000, 0x00000006d5580000, 0x000000076cd80000)
  object space 243200K, 31% used [0x00000006c6800000,0x00000006cb20bd60,0x00000006d5580000)
 Metaspace       used 19348K, capacity 19630K, committed 19968K, reserved 1067008K
  class space    used 1879K, capacity 1949K, committed 2048K, reserved 1048576K
}
Event: 199,934 GC heap before
{Heap before GC invocations=715 (full 355):
 PSYoungGen      total 544768K, used 79221K [0x000000076cd80000, 0x0000000797680000, 0x00000007c0000000)
  eden space 424448K, 0% used [0x000000076cd80000,0x000000076cd80000,0x0000000786c00000)
  from space 120320K, 65% used [0x000000078ec00000,0x000000079395d508,0x0000000796180000)
  to   space 131072K, 0% used [0x0000000786c00000,0x0000000786c00000,0x000000078ec00000)
 ParOldGen       total 243200K, used 75823K [0x00000006c6800000, 0x00000006d5580000, 0x000000076cd80000)
  object space 243200K, 31% used [0x00000006c6800000,0x00000006cb20bd60,0x00000006d5580000)
 Metaspace       used 19348K, capacity 19630K, committed 19968K, reserved 1067008K
  class space    used 1879K, capacity 1949K, committed 2048K, reserved 1048576K
Event: 200,466 GC heap after
Heap after GC invocations=715 (full 355):
 PSYoungGen      total 544768K, used 0K [0x000000076cd80000, 0x0000000797680000, 0x00000007c0000000)
  eden space 424448K, 0% used [0x000000076cd80000,0x000000076cd80000,0x0000000786c00000)
  from space 120320K, 0% used [0x000000078ec00000,0x000000078ec00000,0x0000000796180000)
  to   space 131072K, 0% used [0x0000000786c00000,0x0000000786c00000,0x000000078ec00000)
 ParOldGen       total 243200K, used 109119K [0x00000006c6800000, 0x00000006d5580000, 0x000000076cd80000)
  object space 243200K, 44% used [0x00000006c6800000,0x00000006cd28fd90,0x00000006d5580000)
 Metaspace       used 19348K, capacity 19630K, committed 19968K, reserved 1067008K
  class space    used 1879K, capacity 1949K, committed 2048K, reserved 1048576K
}
Event: 200,469 GC heap before
{Heap before GC invocations=716 (full 355):
 PSYoungGen      total 544768K, used 15324K [0x000000076cd80000, 0x0000000797680000, 0x00000007c0000000)
  eden space 424448K, 3% used [0x000000076cd80000,0x000000076dc77318,0x0000000786c00000)
  from space 120320K, 0% used [0x000000078ec00000,0x000000078ec00000,0x0000000796180000)
  to   space 131072K, 0% used [0x0000000786c00000,0x0000000786c00000,0x000000078ec00000)
 ParOldGen       total 243200K, used 109119K [0x00000006c6800000, 0x00000006d5580000, 0x000000076cd80000)
  object space 243200K, 44% used [0x00000006c6800000,0x00000006cd28fd90,0x00000006d5580000)
 Metaspace       used 19348K, capacity 19630K, committed 19968K, reserved 1067008K
  class space    used 1879K, capacity 1949K, committed 2048K, reserved 1048576K
Event: 200,479 GC heap after
Heap after GC invocations=716 (full 355):
 PSYoungGen      total 555520K, used 64K [0x000000076cd80000, 0x0000000796c80000, 0x00000007c0000000)
  eden space 424448K, 0% used [0x000000076cd80000,0x000000076cd80000,0x0000000786c00000)
  from space 131072K, 0% used [0x0000000786c00000,0x0000000786c10000,0x000000078ec00000)
  to   space 125952K, 0% used [0x000000078f180000,0x000000078f180000,0x0000000796c80000)
 ParOldGen       total 243200K, used 109119K [0x00000006c6800000, 0x00000006d5580000, 0x000000076cd80000)
  object space 243200K, 44% used [0x00000006c6800000,0x00000006cd28fd90,0x00000006d5580000)
 Metaspace       used 19348K, capacity 19630K, committed 19968K, reserved 1067008K
  class space    used 1879K, capacity 1949K, committed 2048K, reserved 1048576K
}
Event: 200,479 GC heap before
{Heap before GC invocations=717 (full 356):
 PSYoungGen      total 555520K, used 64K [0x000000076cd80000, 0x0000000796c80000, 0x00000007c0000000)
  eden space 424448K, 0% used [0x000000076cd80000,0x000000076cd80000,0x0000000786c00000)
  from space 131072K, 0% used [0x0000000786c00000,0x0000000786c10000,0x000000078ec00000)
  to   space 125952K, 0% used [0x000000078f180000,0x000000078f180000,0x0000000796c80000)
 ParOldGen       total 243200K, used 109119K [0x00000006c6800000, 0x00000006d5580000, 0x000000076cd80000)
  object space 243200K, 44% used [0x00000006c6800000,0x00000006cd28fd90,0x00000006d5580000)
 Metaspace       used 19348K, capacity 19630K, committed 19968K, reserved 1067008K
  class space    used 1879K, capacity 1949K, committed 2048K, reserved 1048576K
Event: 200,585 GC heap after
Heap after GC invocations=717 (full 356):
 PSYoungGen      total 555520K, used 0K [0x000000076cd80000, 0x0000000796c80000, 0x00000007c0000000)
  eden space 424448K, 0% used [0x000000076cd80000,0x000000076cd80000,0x0000000786c00000)
  from space 131072K, 0% used [0x0000000786c00000,0x0000000786c00000,0x000000078ec00000)
  to   space 125952K, 0% used [0x000000078f180000,0x000000078f180000,0x0000000796c80000)
 ParOldGen       total 243200K, used 81193K [0x00000006c6800000, 0x00000006d5580000, 0x000000076cd80000)
  object space 243200K, 33% used [0x00000006c6800000,0x00000006cb74a508,0x00000006d5580000)
 Metaspace       used 19348K, capacity 19630K, committed 19968K, reserved 1067008K
  class space    used 1879K, capacity 1949K, committed 2048K, reserved 1048576K
}
Event: 200,586 GC heap before
{Heap before GC invocations=718 (full 356):
 PSYoungGen      total 555520K, used 5434K [0x000000076cd80000, 0x0000000796c80000, 0x00000007c0000000)
  eden space 424448K, 1% used [0x000000076cd80000,0x000000076d2ce910,0x0000000786c00000)
  from space 131072K, 0% used [0x0000000786c00000,0x0000000786c00000,0x000000078ec00000)
  to   space 125952K, 0% used [0x000000078f180000,0x000000078f180000,0x0000000796c80000)
 ParOldGen       total 243200K, used 81193K [0x00000006c6800000, 0x00000006d5580000, 0x000000076cd80000)
  object space 243200K, 33% used [0x00000006c6800000,0x00000006cb74a508,0x00000006d5580000)
 Metaspace       used 19348K, capacity 19630K, committed 19968K, reserved 1067008K
  class space    used 1879K, capacity 1949K, committed 2048K, reserved 1048576K
Event: 200,587 GC heap after
Heap after GC invocations=718 (full 356):
 PSYoungGen      total 549888K, used 32K [0x000000076cd80000, 0x0000000796180000, 0x00000007c0000000)
  eden space 435200K, 0% used [0x000000076cd80000,0x000000076cd80000,0x0000000787680000)
  from space 114688K, 0% used [0x000000078f180000,0x000000078f188000,0x0000000796180000)
  to   space 120320K, 0% used [0x0000000787680000,0x0000000787680000,0x000000078ec00000)
 ParOldGen       total 243200K, used 81193K [0x00000006c6800000, 0x00000006d5580000, 0x000000076cd80000)
  object space 243200K, 33% used [0x00000006c6800000,0x00000006cb74a508,0x00000006d5580000)
 Metaspace       used 19348K, capacity 19630K, committed 19968K, reserved 1067008K
  class space    used 1879K, capacity 1949K, committed 2048K, reserved 1048576K
}
Event: 200,587 GC heap before
{Heap before GC invocations=719 (full 357):
 PSYoungGen      total 549888K, used 32K [0x000000076cd80000, 0x0000000796180000, 0x00000007c0000000)
  eden space 435200K, 0% used [0x000000076cd80000,0x000000076cd80000,0x0000000787680000)
  from space 114688K, 0% used [0x000000078f180000,0x000000078f188000,0x0000000796180000)
  to   space 120320K, 0% used [0x0000000787680000,0x0000000787680000,0x000000078ec00000)
 ParOldGen       total 243200K, used 81193K [0x00000006c6800000, 0x00000006d5580000, 0x000000076cd80000)
  object space 243200K, 33% used [0x00000006c6800000,0x00000006cb74a508,0x00000006d5580000)
 Metaspace       used 19348K, capacity 19630K, committed 19968K, reserved 1067008K
  class space    used 1879K, capacity 1949K, committed 2048K, reserved 1048576K
Event: 201,102 GC heap after
Heap after GC invocations=719 (full 357):
 PSYoungGen      total 549888K, used 0K [0x000000076cd80000, 0x0000000796180000, 0x00000007c0000000)
  eden space 435200K, 0% used [0x000000076cd80000,0x000000076cd80000,0x0000000787680000)
  from space 114688K, 0% used [0x000000078f180000,0x000000078f180000,0x0000000796180000)
  to   space 120320K, 0% used [0x0000000787680000,0x0000000787680000,0x000000078ec00000)
 ParOldGen       total 243200K, used 75986K [0x00000006c6800000, 0x00000006d5580000, 0x000000076cd80000)
  object space 243200K, 31% used [0x00000006c6800000,0x00000006cb234958,0x00000006d5580000)
 Metaspace       used 19348K, capacity 19630K, committed 19968K, reserved 1067008K
  class space    used 1879K, capacity 1949K, committed 2048K, reserved 1048576K
}
Event: 201,713 GC heap before
{Heap before GC invocations=720 (full 357):
 PSYoungGen      total 549888K, used 310538K [0x000000076cd80000, 0x0000000796180000, 0x00000007c0000000)
  eden space 435200K, 71% used [0x000000076cd80000,0x000000077fcc2b08,0x0000000787680000)
  from space 114688K, 0% used [0x000000078f180000,0x000000078f180000,0x0000000796180000)
  to   space 120320K, 0% used [0x0000000787680000,0x0000000787680000,0x000000078ec00000)
 ParOldGen       total 243200K, used 75986K [0x00000006c6800000, 0x00000006d5580000, 0x000000076cd80000)
  object space 243200K, 31% used [0x00000006c6800000,0x00000006cb234958,0x00000006d5580000)
 Metaspace       used 19355K, capacity 19630K, committed 19968K, reserved 1067008K
  class space    used 1879K, capacity 1949K, committed 2048K, reserved 1048576K
Event: 201,786 GC heap after
Heap after GC invocations=720 (full 357):
 PSYoungGen      total 555520K, used 79045K [0x000000076cd80000, 0x0000000797780000, 0x00000007c0000000)
  eden space 435200K, 0% used [0x000000076cd80000,0x000000076cd80000,0x0000000787680000)
  from space 120320K, 65% used [0x0000000787680000,0x000000078c3b1558,0x000000078ec00000)
  to   space 131584K, 0% used [0x000000078f700000,0x000000078f700000,0x0000000797780000)
 ParOldGen       total 243200K, used 75986K [0x00000006c6800000, 0x00000006d5580000, 0x000000076cd80000)
  object space 243200K, 31% used [0x00000006c6800000,0x00000006cb234958,0x00000006d5580000)
 Metaspace       used 19355K, capacity 19630K, committed 19968K, reserved 1067008K
  class space    used 1879K, capacity 1949K, committed 2048K, reserved 1048576K
}
Event: 201,786 GC heap before
{Heap before GC invocations=721 (full 358):
 PSYoungGen      total 555520K, used 79045K [0x000000076cd80000, 0x0000000797780000, 0x00000007c0000000)
  eden space 435200K, 0% used [0x000000076cd80000,0x000000076cd80000,0x0000000787680000)
  from space 120320K, 65% used [0x0000000787680000,0x000000078c3b1558,0x000000078ec00000)
  to   space 131584K, 0% used [0x000000078f700000,0x000000078f700000,0x0000000797780000)
 ParOldGen       total 243200K, used 75986K [0x00000006c6800000, 0x00000006d5580000, 0x000000076cd80000)
  object space 243200K, 31% used [0x00000006c6800000,0x00000006cb234958,0x00000006d5580000)
 Metaspace       used 19355K, capacity 19630K, committed 19968K, reserved 1067008K
  class space    used 1879K, capacity 1949K, committed 2048K, reserved 1048576K
Event: 202,221 GC heap after
Heap after GC invocations=721 (full 358):
 PSYoungGen      total 555520K, used 0K [0x000000076cd80000, 0x0000000797780000, 0x00000007c0000000)
  eden space 435200K, 0% used [0x000000076cd80000,0x000000076cd80000,0x0000000787680000)
  from space 120320K, 0% used [0x0000000787680000,0x0000000787680000,0x000000078ec00000)
  to   space 131584K, 0% used [0x000000078f700000,0x000000078f700000,0x0000000797780000)
 ParOldGen       total 243200K, used 108962K [0x00000006c6800000, 0x00000006d5580000, 0x000000076cd80000)
  object space 243200K, 44% used [0x00000006c6800000,0x00000006cd268bb8,0x00000006d5580000)
 Metaspace       used 19355K, capacity 19630K, committed 19968K, reserved 1067008K
  class space    used 1879K, capacity 1949K, committed 2048K, reserved 1048576K
}
Event: 202,230 GC heap before
{Heap before GC invocations=722 (full 358):
 PSYoungGen      total 555520K, used 19774K [0x000000076cd80000, 0x0000000797780000, 0x00000007c0000000)
  eden space 435200K, 4% used [0x000000076cd80000,0x000000076e0cfb80,0x0000000787680000)
  from space 120320K, 0% used [0x0000000787680000,0x0000000787680000,0x000000078ec00000)
  to   space 131584K, 0% used [0x000000078f700000,0x000000078f700000,0x0000000797780000)
 ParOldGen       total 243200K, used 108962K [0x00000006c6800000, 0x00000006d5580000, 0x000000076cd80000)
  object space 243200K, 44% used [0x00000006c6800000,0x00000006cd268bb8,0x00000006d5580000)
 Metaspace       used 19355K, capacity 19630K, committed 19968K, reserved 1067008K
  class space    used 1879K, capacity 1949K, committed 2048K, reserved 1048576K
Event: 202,233 GC heap after
Heap after GC invocations=722 (full 358):
 PSYoungGen      total 555520K, used 64K [0x000000076cd80000, 0x0000000796c80000, 0x00000007c0000000)
  eden space 435200K, 0% used [0x000000076cd80000,0x000000076cd80000,0x0000000787680000)
  from space 120320K, 0% used [0x000000078f700000,0x000000078f710000,0x0000000796c80000)
  to   space 125952K, 0% used [0x0000000787680000,0x0000000787680000,0x000000078f180000)
 ParOldGen       total 243200K, used 108962K [0x00000006c6800000, 0x00000006d5580000, 0x000000076cd80000)
  object space 243200K, 44% used [0x00000006c6800000,0x00000006cd268bb8,0x00000006d5580000)
 Metaspace       used 19355K, capacity 19630K, committed 19968K, reserved 1067008K
  class space    used 1879K, capacity 1949K, committed 2048K, reserved 1048576K
}
Event: 202,233 GC heap before
{Heap before GC invocations=723 (full 359):
 PSYoungGen      total 555520K, used 64K [0x000000076cd80000, 0x0000000796c80000, 0x00000007c0000000)
  eden space 435200K, 0% used [0x000000076cd80000,0x000000076cd80000,0x0000000787680000)
  from space 120320K, 0% used [0x000000078f700000,0x000000078f710000,0x0000000796c80000)
  to   space 125952K, 0% used [0x0000000787680000,0x0000000787680000,0x000000078f180000)
 ParOldGen       total 243200K, used 108962K [0x00000006c6800000, 0x00000006d5580000, 0x000000076cd80000)
  object space 243200K, 44% used [0x00000006c6800000,0x00000006cd268bb8,0x00000006d5580000)
 Metaspace       used 19355K, capacity 19630K, committed 19968K, reserved 1067008K
  class space    used 1879K, capacity 1949K, committed 2048K, reserved 1048576K
Event: 202,357 GC heap after
Heap after GC invocations=723 (full 359):
 PSYoungGen      total 555520K, used 0K [0x000000076cd80000, 0x0000000796c80000, 0x00000007c0000000)
  eden space 435200K, 0% used [0x000000076cd80000,0x000000076cd80000,0x0000000787680000)
  from space 120320K, 0% used [0x000000078f700000,0x000000078f700000,0x0000000796c80000)
  to   space 125952K, 0% used [0x0000000787680000,0x0000000787680000,0x000000078f180000)
 ParOldGen       total 243200K, used 81037K [0x00000006c6800000, 0x00000006d5580000, 0x000000076cd80000)
  object space 243200K, 33% used [0x00000006c6800000,0x00000006cb723658,0x00000006d5580000)
 Metaspace       used 19355K, capacity 19630K, committed 19968K, reserved 1067008K
  class space    used 1879K, capacity 1949K, committed 2048K, reserved 1048576K
}
Event: 202,358 GC heap before
{Heap before GC invocations=724 (full 359):
 PSYoungGen      total 555520K, used 7308K [0x000000076cd80000, 0x0000000796c80000, 0x00000007c0000000)
  eden space 435200K, 1% used [0x000000076cd80000,0x000000076d4a33e0,0x0000000787680000)
  from space 120320K, 0% used [0x000000078f700000,0x000000078f700000,0x0000000796c80000)
  to   space 125952K, 0% used [0x0000000787680000,0x0000000787680000,0x000000078f180000)
 ParOldGen       total 243200K, used 81037K [0x00000006c6800000, 0x00000006d5580000, 0x000000076cd80000)
  object space 243200K, 33% used [0x00000006c6800000,0x00000006cb723658,0x00000006d5580000)
 Metaspace       used 19355K, capacity 19630K, committed 19968K, reserved 1067008K
  class space    used 1879K, capacity 1949K, committed 2048K, reserved 1048576K
Event: 202,360 GC heap after
Heap after GC invocations=724 (full 359):
 PSYoungGen      total 435712K, used 32K [0x000000076cd80000, 0x0000000796280000, 0x00000007c0000000)
  eden space 435200K, 0% used [0x000000076cd80000,0x000000076cd80000,0x0000000787680000)
  from space 512K, 6% used [0x0000000787680000,0x0000000787688000,0x0000000787700000)
  to   space 120832K, 0% used [0x000000078ec80000,0x000000078ec80000,0x0000000796280000)
 ParOldGen       total 243200K, used 81037K [0x00000006c6800000, 0x00000006d5580000, 0x000000076cd80000)
  object space 243200K, 33% used [0x00000006c6800000,0x00000006cb723658,0x00000006d5580000)
 Metaspace       used 19355K, capacity 19630K, committed 19968K, reserved 1067008K
  class space    used 1879K, capacity 1949K, committed 2048K, reserved 1048576K
}
Event: 202,361 GC heap before
{Heap before GC invocations=725 (full 360):
 PSYoungGen      total 435712K, used 32K [0x000000076cd80000, 0x0000000796280000, 0x00000007c0000000)
  eden space 435200K, 0% used [0x000000076cd80000,0x000000076cd80000,0x0000000787680000)
  from space 512K, 6% used [0x0000000787680000,0x0000000787688000,0x0000000787700000)
  to   space 120832K, 0% used [0x000000078ec80000,0x000000078ec80000,0x0000000796280000)
 ParOldGen       total 243200K, used 81037K [0x00000006c6800000, 0x00000006d5580000, 0x000000076cd80000)
  object space 243200K, 33% used [0x00000006c6800000,0x00000006cb723658,0x00000006d5580000)
 Metaspace       used 19355K, capacity 19630K, committed 19968K, reserved 1067008K
  class space    used 1879K, capacity 1949K, committed 2048K, reserved 1048576K
Event: 202,653 GC heap after
Heap after GC invocations=725 (full 360):
 PSYoungGen      total 435712K, used 0K [0x000000076cd80000, 0x0000000796280000, 0x00000007c0000000)
  eden space 435200K, 0% used [0x000000076cd80000,0x000000076cd80000,0x0000000787680000)
  from space 512K, 0% used [0x0000000787680000,0x0000000787680000,0x0000000787700000)
  to   space 120832K, 0% used [0x000000078ec80000,0x000000078ec80000,0x0000000796280000)
 ParOldGen       total 243200K, used 75830K [0x00000006c6800000, 0x00000006d5580000, 0x000000076cd80000)
  object space 243200K, 31% used [0x00000006c6800000,0x00000006cb20d858,0x00000006d5580000)
 Metaspace       used 19355K, capacity 19630K, committed 19968K, reserved 1067008K
  class space    used 1879K, capacity 1949K, committed 2048K, reserved 1048576K
}
Event: 203,191 GC heap before
{Heap before GC invocations=726 (full 360):
 PSYoungGen      total 435712K, used 312282K [0x000000076cd80000, 0x0000000796280000, 0x00000007c0000000)
  eden space 435200K, 71% used [0x000000076cd80000,0x000000077fe768f0,0x0000000787680000)
  from space 512K, 0% used [0x0000000787680000,0x0000000787680000,0x0000000787700000)
  to   space 120832K, 0% used [0x000000078ec80000,0x000000078ec80000,0x0000000796280000)
 ParOldGen       total 243200K, used 75830K [0x00000006c6800000, 0x00000006d5580000, 0x000000076cd80000)
  object space 243200K, 31% used [0x00000006c6800000,0x00000006cb20d858,0x00000006d5580000)
 Metaspace       used 19356K, capacity 19630K, committed 19968K, reserved 1067008K
  class space    used 1879K, capacity 1949K, committed 2048K, reserved 1048576K
Event: 203,261 GC heap after
Heap after GC invocations=726 (full 360):
 PSYoungGen      total 545280K, used 79061K [0x000000076cd80000, 0x0000000797780000, 0x00000007c0000000)
  eden space 424448K, 0% used [0x000000076cd80000,0x000000076cd80000,0x0000000786c00000)
  from space 120832K, 65% used [0x000000078ec80000,0x00000007939b5528,0x0000000796280000)
  to   space 131584K, 0% used [0x0000000786c00000,0x0000000786c00000,0x000000078ec80000)
 ParOldGen       total 243200K, used 75830K [0x00000006c6800000, 0x00000006d5580000, 0x000000076cd80000)
  object space 243200K, 31% used [0x00000006c6800000,0x00000006cb20d858,0x00000006d5580000)
 Metaspace       used 19356K, capacity 19630K, committed 19968K, reserved 1067008K
  class space    used 1879K, capacity 1949K, committed 2048K, reserved 1048576K
}
Event: 203,261 GC heap before
{Heap before GC invocations=727 (full 361):
 PSYoungGen      total 545280K, used 79061K [0x000000076cd80000, 0x0000000797780000, 0x00000007c0000000)
  eden space 424448K, 0% used [0x000000076cd80000,0x000000076cd80000,0x0000000786c00000)
  from space 120832K, 65% used [0x000000078ec80000,0x00000007939b5528,0x0000000796280000)
  to   space 131584K, 0% used [0x0000000786c00000,0x0000000786c00000,0x000000078ec80000)
 ParOldGen       total 243200K, used 75830K [0x00000006c6800000, 0x00000006d5580000, 0x000000076cd80000)
  object space 243200K, 31% used [0x00000006c6800000,0x00000006cb20d858,0x00000006d5580000)
 Metaspace       used 19356K, capacity 19630K, committed 19968K, reserved 1067008K
  class space    used 1879K, capacity 1949K, committed 2048K, reserved 1048576K
Event: 203,827 GC heap after
Heap after GC invocations=727 (full 361):
 PSYoungGen      total 545280K, used 0K [0x000000076cd80000, 0x0000000797780000, 0x00000007c0000000)
  eden space 424448K, 0% used [0x000000076cd80000,0x000000076cd80000,0x0000000786c00000)
  from space 120832K, 0% used [0x000000078ec80000,0x000000078ec80000,0x0000000796280000)
  to   space 131584K, 0% used [0x0000000786c00000,0x0000000786c00000,0x000000078ec80000)
 ParOldGen       total 243200K, used 154710K [0x00000006c6800000, 0x00000006d5580000, 0x000000076cd80000)
  object space 243200K, 63% used [0x00000006c6800000,0x00000006cff15a50,0x00000006d5580000)
 Metaspace       used 19356K, capacity 19630K, committed 19968K, reserved 1067008K
  class space    used 1879K, capacity 1949K, committed 2048K, reserved 1048576K
}
Event: 203,835 GC heap before
{Heap before GC invocations=728 (full 361):
 PSYoungGen      total 545280K, used 19548K [0x000000076cd80000, 0x0000000797780000, 0x00000007c0000000)
  eden space 424448K, 4% used [0x000000076cd80000,0x000000076e097350,0x0000000786c00000)
  from space 120832K, 0% used [0x000000078ec80000,0x000000078ec80000,0x0000000796280000)
  to   space 131584K, 0% used [0x0000000786c00000,0x0000000786c00000,0x000000078ec80000)
 ParOldGen       total 243200K, used 154710K [0x00000006c6800000, 0x00000006d5580000, 0x000000076cd80000)
  object space 243200K, 63% used [0x00000006c6800000,0x00000006cff15a50,0x00000006d5580000)
 Metaspace       used 19356K, capacity 19630K, committed 19968K, reserved 1067008K
  class space    used 1879K, capacity 1949K, committed 2048K, reserved 1048576K
Event: 203,853 GC heap after
Heap after GC invocations=728 (full 361):
 PSYoungGen      total 556032K, used 64K [0x000000076cd80000, 0x0000000796c80000, 0x00000007c0000000)
  eden space 424448K, 0% used [0x000000076cd80000,0x000000076cd80000,0x0000000786c00000)
  from space 131584K, 0% used [0x0000000786c00000,0x0000000786c10000,0x000000078ec80000)
  to   space 125952K, 0% used [0x000000078f180000,0x000000078f180000,0x0000000796c80000)
 ParOldGen       total 243200K, used 154710K [0x00000006c6800000, 0x00000006d5580000, 0x000000076cd80000)
  object space 243200K, 63% used [0x00000006c6800000,0x00000006cff15a50,0x00000006d5580000)
 Metaspace       used 19356K, capacity 19630K, committed 19968K, reserved 1067008K
  class space    used 1879K, capacity 1949K, committed 2048K, reserved 1048576K
}
Event: 203,853 GC heap before
{Heap before GC invocations=729 (full 362):
 PSYoungGen      total 556032K, used 64K [0x000000076cd80000, 0x0000000796c80000, 0x00000007c0000000)
  eden space 424448K, 0% used [0x000000076cd80000,0x000000076cd80000,0x0000000786c00000)
  from space 131584K, 0% used [0x0000000786c00000,0x0000000786c10000,0x000000078ec80000)
  to   space 125952K, 0% used [0x000000078f180000,0x000000078f180000,0x0000000796c80000)
 ParOldGen       total 243200K, used 154710K [0x00000006c6800000, 0x00000006d5580000, 0x000000076cd80000)
  object space 243200K, 63% used [0x00000006c6800000,0x00000006cff15a50,0x00000006d5580000)
 Metaspace       used 19356K, capacity 19630K, committed 19968K, reserved 1067008K
  class space    used 1879K, capacity 1949K, committed 2048K, reserved 1048576K
Event: 204,092 GC heap after
Heap after GC invocations=729 (full 362):
 PSYoungGen      total 556032K, used 0K [0x000000076cd80000, 0x0000000796c80000, 0x00000007c0000000)
  eden space 424448K, 0% used [0x000000076cd80000,0x000000076cd80000,0x0000000786c00000)
  from space 131584K, 0% used [0x0000000786c00000,0x0000000786c00000,0x000000078ec80000)
  to   space 125952K, 0% used [0x000000078f180000,0x000000078f180000,0x0000000796c80000)
 ParOldGen       total 243200K, used 81018K [0x00000006c6800000, 0x00000006d5580000, 0x000000076cd80000)
  object space 243200K, 33% used [0x00000006c6800000,0x00000006cb71eac0,0x00000006d5580000)
 Metaspace       used 19356K, capacity 19630K, committed 19968K, reserved 1067008K
  class space    used 1879K, capacity 1949K, committed 2048K, reserved 1048576K
}
Event: 204,100 GC heap before
{Heap before GC invocations=730 (full 362):
 PSYoungGen      total 556032K, used 16727K [0x000000076cd80000, 0x0000000796c80000, 0x00000007c0000000)
  eden space 424448K, 3% used [0x000000076cd80000,0x000000076ddd5cd8,0x0000000786c00000)
  from space 131584K, 0% used [0x0000000786c00000,0x0000000786c00000,0x000000078ec80000)
  to   space 125952K, 0% used [0x000000078f180000,0x000000078f180000,0x0000000796c80000)
 ParOldGen       total 243200K, used 81018K [0x00000006c6800000, 0x00000006d5580000, 0x000000076cd80000)
  object space 243200K, 33% used [0x00000006c6800000,0x00000006cb71eac0,0x00000006d5580000)
 Metaspace       used 19356K, capacity 19630K, committed 19968K, reserved 1067008K
  class space    used 1879K, capacity 1949K, committed 2048K, reserved 1048576K
Event: 204,103 GC heap after
Heap after GC invocations=730 (full 362):
 PSYoungGen      total 550912K, used 64K [0x000000076cd80000, 0x0000000796280000, 0x00000007c0000000)
  eden space 435200K, 0% used [0x000000076cd80000,0x000000076cd80000,0x0000000787680000)
  from space 115712K, 0% used [0x000000078f180000,0x000000078f190000,0x0000000796280000)
  to   space 120832K, 0% used [0x0000000787680000,0x0000000787680000,0x000000078ec80000)
 ParOldGen       total 243200K, used 81018K [0x00000006c6800000, 0x00000006d5580000, 0x000000076cd80000)
  object space 243200K, 33% used [0x00000006c6800000,0x00000006cb71eac0,0x00000006d5580000)
 Metaspace       used 19356K, capacity 19630K, committed 19968K, reserved 1067008K
  class space    used 1879K, capacity 1949K, committed 2048K, reserved 1048576K
}
Event: 204,103 GC heap before
{Heap before GC invocations=731 (full 363):
 PSYoungGen      total 550912K, used 64K [0x000000076cd80000, 0x0000000796280000, 0x00000007c0000000)
  eden space 435200K, 0% used [0x000000076cd80000,0x000000076cd80000,0x0000000787680000)
  from space 115712K, 0% used [0x000000078f180000,0x000000078f190000,0x0000000796280000)
  to   space 120832K, 0% used [0x0000000787680000,0x0000000787680000,0x000000078ec80000)
 ParOldGen       total 243200K, used 81018K [0x00000006c6800000, 0x00000006d5580000, 0x000000076cd80000)
  object space 243200K, 33% used [0x00000006c6800000,0x00000006cb71eac0,0x00000006d5580000)
 Metaspace       used 19356K, capacity 19630K, committed 19968K, reserved 1067008K
  class space    used 1879K, capacity 1949K, committed 2048K, reserved 1048576K
Event: 204,335 GC heap after
Heap after GC invocations=731 (full 363):
 PSYoungGen      total 550912K, used 0K [0x000000076cd80000, 0x0000000796280000, 0x00000007c0000000)
  eden space 435200K, 0% used [0x000000076cd80000,0x000000076cd80000,0x0000000787680000)
  from space 115712K, 0% used [0x000000078f180000,0x000000078f180000,0x0000000796280000)
  to   space 120832K, 0% used [0x0000000787680000,0x0000000787680000,0x000000078ec80000)
 ParOldGen       total 243200K, used 75814K [0x00000006c6800000, 0x00000006d5580000, 0x000000076cd80000)
  object space 243200K, 31% used [0x00000006c6800000,0x00000006cb209bf0,0x00000006d5580000)
 Metaspace       used 19356K, capacity 19630K, committed 19968K, reserved 1067008K
  class space    used 1879K, capacity 1949K, committed 2048K, reserved 1048576K
}
Event: 205,162 GC heap before
{Heap before GC invocations=732 (full 363):
 PSYoungGen      total 550912K, used 374531K [0x000000076cd80000, 0x0000000796280000, 0x00000007c0000000)
  eden space 435200K, 86% used [0x000000076cd80000,0x0000000783b40f38,0x0000000787680000)
  from space 115712K, 0% used [0x000000078f180000,0x000000078f180000,0x0000000796280000)
  to   space 120832K, 0% used [0x0000000787680000,0x0000000787680000,0x000000078ec80000)
 ParOldGen       total 243200K, used 75814K [0x00000006c6800000, 0x00000006d5580000, 0x000000076cd80000)
  object space 243200K, 31% used [0x00000006c6800000,0x00000006cb209bf0,0x00000006d5580000)
 Metaspace       used 19360K, capacity 19630K, committed 19968K, reserved 1067008K
  class space    used 1879K, capacity 1949K, committed 2048K, reserved 1048576K
Event: 205,250 GC heap after
Heap after GC invocations=732 (full 363):
 PSYoungGen      total 556032K, used 82060K [0x000000076cd80000, 0x0000000797980000, 0x00000007c0000000)
  eden space 435200K, 0% used [0x000000076cd80000,0x000000076cd80000,0x0000000787680000)
  from space 120832K, 67% used [0x0000000787680000,0x000000078c6a3040,0x000000078ec80000)
  to   space 132608K, 0% used [0x000000078f800000,0x000000078f800000,0x0000000797980000)
 ParOldGen       total 243200K, used 75814K [0x00000006c6800000, 0x00000006d5580000, 0x000000076cd80000)
  object space 243200K, 31% used [0x00000006c6800000,0x00000006cb209bf0,0x00000006d5580000)
 Metaspace       used 19360K, capacity 19630K, committed 19968K, reserved 1067008K
  class space    used 1879K, capacity 1949K, committed 2048K, reserved 1048576K
}
Event: 205,250 GC heap before
{Heap before GC invocations=733 (full 364):
 PSYoungGen      total 556032K, used 82060K [0x000000076cd80000, 0x0000000797980000, 0x00000007c0000000)
  eden space 435200K, 0% used [0x000000076cd80000,0x000000076cd80000,0x0000000787680000)
  from space 120832K, 67% used [0x0000000787680000,0x000000078c6a3040,0x000000078ec80000)
  to   space 132608K, 0% used [0x000000078f800000,0x000000078f800000,0x0000000797980000)
 ParOldGen       total 243200K, used 75814K [0x00000006c6800000, 0x00000006d5580000, 0x000000076cd80000)
  object space 243200K, 31% used [0x00000006c6800000,0x00000006cb209bf0,0x00000006d5580000)
 Metaspace       used 19360K, capacity 19630K, committed 19968K, reserved 1067008K
  class space    used 1879K, capacity 1949K, committed 2048K, reserved 1048576K
Event: 205,674 GC heap after
Heap after GC invocations=733 (full 364):
 PSYoungGen      total 556032K, used 0K [0x000000076cd80000, 0x0000000797980000, 0x00000007c0000000)
  eden space 435200K, 0% used [0x000000076cd80000,0x000000076cd80000,0x0000000787680000)
  from space 120832K, 0% used [0x0000000787680000,0x0000000787680000,0x000000078ec80000)
  to   space 132608K, 0% used [0x000000078f800000,0x000000078f800000,0x0000000797980000)
 ParOldGen       total 243200K, used 111901K [0x00000006c6800000, 0x00000006d5580000, 0x000000076cd80000)
  object space 243200K, 46% used [0x00000006c6800000,0x00000006cd5476c0,0x00000006d5580000)
 Metaspace       used 19360K, capacity 19630K, committed 19968K, reserved 1067008K
  class space    used 1879K, capacity 1949K, committed 2048K, reserved 1048576K
}
Event: 205,676 GC heap before
{Heap before GC invocations=734 (full 364):
 PSYoungGen      total 556032K, used 15079K [0x000000076cd80000, 0x0000000797980000, 0x00000007c0000000)
  eden space 435200K, 3% used [0x000000076cd80000,0x000000076dc39c50,0x0000000787680000)
  from space 120832K, 0% used [0x0000000787680000,0x0000000787680000,0x000000078ec80000)
  to   space 132608K, 0% used [0x000000078f800000,0x000000078f800000,0x0000000797980000)
 ParOldGen       total 243200K, used 111901K [0x00000006c6800000, 0x00000006d5580000, 0x000000076cd80000)
  object space 243200K, 46% used [0x00000006c6800000,0x00000006cd5476c0,0x00000006d5580000)
 Metaspace       used 19360K, capacity 19630K, committed 19968K, reserved 1067008K
  class space    used 1879K, capacity 1949K, committed 2048K, reserved 1048576K
Event: 205,677 GC heap after
Heap after GC invocations=734 (full 364):
 PSYoungGen      total 557568K, used 96K [0x000000076cd80000, 0x0000000796f80000, 0x00000007c0000000)
  eden space 435200K, 0% used [0x000000076cd80000,0x000000076cd80000,0x0000000787680000)
  from space 122368K, 0% used [0x000000078f800000,0x000000078f818000,0x0000000796f80000)
  to   space 127488K, 0% used [0x0000000787680000,0x0000000787680000,0x000000078f300000)
 ParOldGen       total 243200K, used 111901K [0x00000006c6800000, 0x00000006d5580000, 0x000000076cd80000)
  object space 243200K, 46% used [0x00000006c6800000,0x00000006cd5476c0,0x00000006d5580000)
 Metaspace       used 19360K, capacity 19630K, committed 19968K, reserved 1067008K
  class space    used 1879K, capacity 1949K, committed 2048K, reserved 1048576K
}
Event: 205,677 GC heap before
{Heap before GC invocations=735 (full 365):
 PSYoungGen      total 557568K, used 96K [0x000000076cd80000, 0x0000000796f80000, 0x00000007c0000000)
  eden space 435200K, 0% used [0x000000076cd80000,0x000000076cd80000,0x0000000787680000)
  from space 122368K, 0% used [0x000000078f800000,0x000000078f818000,0x0000000796f80000)
  to   space 127488K, 0% used [0x0000000787680000,0x0000000787680000,0x000000078f300000)
 ParOldGen       total 243200K, used 111901K [0x00000006c6800000, 0x00000006d5580000, 0x000000076cd80000)
  object space 243200K, 46% used [0x00000006c6800000,0x00000006cd5476c0,0x00000006d5580000)
 Metaspace       used 19360K, capacity 19630K, committed 19968K, reserved 1067008K
  class space    used 1879K, capacity 1949K, committed 2048K, reserved 1048576K
Event: 206,003 GC heap after
Heap after GC invocations=735 (full 365):
 PSYoungGen      total 557568K, used 0K [0x000000076cd80000, 0x0000000796f80000, 0x00000007c0000000)
  eden space 435200K, 0% used [0x000000076cd80000,0x000000076cd80000,0x0000000787680000)
  from space 122368K, 0% used [0x000000078f800000,0x000000078f800000,0x0000000796f80000)
  to   space 127488K, 0% used [0x0000000787680000,0x0000000787680000,0x000000078f300000)
 ParOldGen       total 243200K, used 111489K [0x00000006c6800000, 0x00000006d5580000, 0x000000076cd80000)
  object space 243200K, 45% used [0x00000006c6800000,0x00000006cd4e0628,0x00000006d5580000)
 Metaspace       used 19360K, capacity 19630K, committed 19968K, reserved 1067008K
  class space    used 1879K, capacity 1949K, committed 2048K, reserved 1048576K
}
Event: 206,006 GC heap before
{Heap before GC invocations=736 (full 365):
 PSYoungGen      total 557568K, used 9650K [0x000000076cd80000, 0x0000000796f80000, 0x00000007c0000000)
  eden space 435200K, 2% used [0x000000076cd80000,0x000000076d6ec918,0x0000000787680000)
  from space 122368K, 0% used [0x000000078f800000,0x000000078f800000,0x0000000796f80000)
  to   space 127488K, 0% used [0x0000000787680000,0x0000000787680000,0x000000078f300000)
 ParOldGen       total 243200K, used 111489K [0x00000006c6800000, 0x00000006d5580000, 0x000000076cd80000)
  object space 243200K, 45% used [0x00000006c6800000,0x00000006cd4e0628,0x00000006d5580000)
 Metaspace       used 19361K, capacity 19630K, committed 19968K, reserved 1067008K
  class space    used 1879K, capacity 1949K, committed 2048K, reserved 1048576K
Event: 206,011 GC heap after
Heap after GC invocations=736 (full 365):
 PSYoungGen      total 435712K, used 32K [0x000000076cd80000, 0x0000000796480000, 0x00000007c0000000)
  eden space 435200K, 0% used [0x000000076cd80000,0x000000076cd80000,0x0000000787680000)
  from space 512K, 6% used [0x0000000787680000,0x0000000787688000,0x0000000787700000)
  to   space 121856K, 0% used [0x000000078ed80000,0x000000078ed80000,0x0000000796480000)
 ParOldGen       total 243200K, used 111489K [0x00000006c6800000, 0x00000006d5580000, 0x000000076cd80000)
  object space 243200K, 45% used [0x00000006c6800000,0x00000006cd4e0628,0x00000006d5580000)
 Metaspace       used 19361K, capacity 19630K, committed 19968K, reserved 1067008K
  class space    used 1879K, capacity 1949K, committed 2048K, reserved 1048576K
}
Event: 206,011 GC heap before
{Heap before GC invocations=737 (full 366):
 PSYoungGen      total 435712K, used 32K [0x000000076cd80000, 0x0000000796480000, 0x00000007c0000000)
  eden space 435200K, 0% used [0x000000076cd80000,0x000000076cd80000,0x0000000787680000)
  from space 512K, 6% used [0x0000000787680000,0x0000000787688000,0x0000000787700000)
  to   space 121856K, 0% used [0x000000078ed80000,0x000000078ed80000,0x0000000796480000)
 ParOldGen       total 243200K, used 111489K [0x00000006c6800000, 0x00000006d5580000, 0x000000076cd80000)
  object space 243200K, 45% used [0x00000006c6800000,0x00000006cd4e0628,0x00000006d5580000)
 Metaspace       used 19361K, capacity 19630K, committed 19968K, reserved 1067008K
  class space    used 1879K, capacity 1949K, committed 2048K, reserved 1048576K
Event: 206,229 GC heap after
Heap after GC invocations=737 (full 366):
 PSYoungGen      total 435712K, used 0K [0x000000076cd80000, 0x0000000796480000, 0x00000007c0000000)
  eden space 435200K, 0% used [0x000000076cd80000,0x000000076cd80000,0x0000000787680000)
  from space 512K, 0% used [0x0000000787680000,0x0000000787680000,0x0000000787700000)
  to   space 121856K, 0% used [0x000000078ed80000,0x000000078ed80000,0x0000000796480000)
 ParOldGen       total 243200K, used 78457K [0x00000006c6800000, 0x00000006d5580000, 0x000000076cd80000)
  object space 243200K, 32% used [0x00000006c6800000,0x00000006cb49e708,0x00000006d5580000)
 Metaspace       used 19361K, capacity 19630K, committed 19968K, reserved 1067008K
  class space    used 1879K, capacity 1949K, committed 2048K, reserved 1048576K
}
Event: 206,852 GC heap before
{Heap before GC invocations=738 (full 366):
 PSYoungGen      total 435712K, used 310543K [0x000000076cd80000, 0x0000000796480000, 0x00000007c0000000)
  eden space 435200K, 71% used [0x000000076cd80000,0x000000077fcc3f58,0x0000000787680000)
  from space 512K, 0% used [0x0000000787680000,0x0000000787680000,0x0000000787700000)
  to   space 121856K, 0% used [0x000000078ed80000,0x000000078ed80000,0x0000000796480000)
 ParOldGen       total 243200K, used 78457K [0x00000006c6800000, 0x00000006d5580000, 0x000000076cd80000)
  object space 243200K, 32% used [0x00000006c6800000,0x00000006cb49e708,0x00000006d5580000)
 Metaspace       used 19367K, capacity 19630K, committed 19968K, reserved 1067008K
  class space    used 1879K, capacity 1949K, committed 2048K, reserved 1048576K
Event: 206,925 GC heap after
Heap after GC invocations=738 (full 366):
 PSYoungGen      total 546304K, used 79088K [0x000000076cd80000, 0x0000000797980000, 0x00000007c0000000)
  eden space 424448K, 0% used [0x000000076cd80000,0x000000076cd80000,0x0000000786c00000)
  from space 121856K, 64% used [0x000000078ed80000,0x0000000793abc180,0x0000000796480000)
  to   space 132608K, 0% used [0x0000000786c00000,0x0000000786c00000,0x000000078ed80000)
 ParOldGen       total 243200K, used 78457K [0x00000006c6800000, 0x00000006d5580000, 0x000000076cd80000)
  object space 243200K, 32% used [0x00000006c6800000,0x00000006cb49e708,0x00000006d5580000)
 Metaspace       used 19367K, capacity 19630K, committed 19968K, reserved 1067008K
  class space    used 1879K, capacity 1949K, committed 2048K, reserved 1048576K
}
Event: 206,925 GC heap before
{Heap before GC invocations=739 (full 367):
 PSYoungGen      total 546304K, used 79088K [0x000000076cd80000, 0x0000000797980000, 0x00000007c0000000)
  eden space 424448K, 0% used [0x000000076cd80000,0x000000076cd80000,0x0000000786c00000)
  from space 121856K, 64% used [0x000000078ed80000,0x0000000793abc180,0x0000000796480000)
  to   space 132608K, 0% used [0x0000000786c00000,0x0000000786c00000,0x000000078ed80000)
 ParOldGen       total 243200K, used 78457K [0x00000006c6800000, 0x00000006d5580000, 0x000000076cd80000)
  object space 243200K, 32% used [0x00000006c6800000,0x00000006cb49e708,0x00000006d5580000)
 Metaspace       used 19367K, capacity 19630K, committed 19968K, reserved 1067008K
  class space    used 1879K, capacity 1949K, committed 2048K, reserved 1048576K
Event: 207,298 GC heap after
Heap after GC invocations=739 (full 367):
 PSYoungGen      total 546304K, used 0K [0x000000076cd80000, 0x0000000797980000, 0x00000007c0000000)
  eden space 424448K, 0% used [0x000000076cd80000,0x000000076cd80000,0x0000000786c00000)
  from space 121856K, 0% used [0x000000078ed80000,0x000000078ed80000,0x0000000796480000)
  to   space 132608K, 0% used [0x0000000786c00000,0x0000000786c00000,0x000000078ed80000)
 ParOldGen       total 243200K, used 110744K [0x00000006c6800000, 0x00000006d5580000, 0x000000076cd80000)
  object space 243200K, 45% used [0x00000006c6800000,0x00000006cd426358,0x00000006d5580000)
 Metaspace       used 19367K, capacity 19630K, committed 19968K, reserved 1067008K
  class space    used 1879K, capacity 1949K, committed 2048K, reserved 1048576K
}
Event: 207,300 GC heap before
{Heap before GC invocations=740 (full 367):
 PSYoungGen      total 546304K, used 16739K [0x000000076cd80000, 0x0000000797980000, 0x00000007c0000000)
  eden space 424448K, 3% used [0x000000076cd80000,0x000000076ddd8e18,0x0000000786c00000)
  from space 121856K, 0% used [0x000000078ed80000,0x000000078ed80000,0x0000000796480000)
  to   space 132608K, 0% used [0x0000000786c00000,0x0000000786c00000,0x000000078ed80000)
 ParOldGen       total 243200K, used 110744K [0x00000006c6800000, 0x00000006d5580000, 0x000000076cd80000)
  object space 243200K, 45% used [0x00000006c6800000,0x00000006cd426358,0x00000006d5580000)
 Metaspace       used 19367K, capacity 19630K, committed 19968K, reserved 1067008K
  class space    used 1879K, capacity 1949K, committed 2048K, reserved 1048576K
Event: 207,301 GC heap after
Heap after GC invocations=740 (full 367):
 PSYoungGen      total 557056K, used 128K [0x000000076cd80000, 0x0000000796e80000, 0x00000007c0000000)
  eden space 424448K, 0% used [0x000000076cd80000,0x000000076cd80000,0x0000000786c00000)
  from space 132608K, 0% used [0x0000000786c00000,0x0000000786c20000,0x000000078ed80000)
  to   space 126976K, 0% used [0x000000078f280000,0x000000078f280000,0x0000000796e80000)
 ParOldGen       total 243200K, used 110744K [0x00000006c6800000, 0x00000006d5580000, 0x000000076cd80000)
  object space 243200K, 45% used [0x00000006c6800000,0x00000006cd426358,0x00000006d5580000)
 Metaspace       used 19367K, capacity 19630K, committed 19968K, reserved 1067008K
  class space    used 1879K, capacity 1949K, committed 2048K, reserved 1048576K
}
Event: 207,301 GC heap before
{Heap before GC invocations=741 (full 368):
 PSYoungGen      total 557056K, used 128K [0x000000076cd80000, 0x0000000796e80000, 0x00000007c0000000)
  eden space 424448K, 0% used [0x000000076cd80000,0x000000076cd80000,0x0000000786c00000)
  from space 132608K, 0% used [0x0000000786c00000,0x0000000786c20000,0x000000078ed80000)
  to   space 126976K, 0% used [0x000000078f280000,0x000000078f280000,0x0000000796e80000)
 ParOldGen       total 243200K, used 110744K [0x00000006c6800000, 0x00000006d5580000, 0x000000076cd80000)
  object space 243200K, 45% used [0x00000006c6800000,0x00000006cd426358,0x00000006d5580000)
 Metaspace       used 19367K, capacity 19630K, committed 19968K, reserved 1067008K
  class space    used 1879K, capacity 1949K, committed 2048K, reserved 1048576K
Event: 207,456 GC heap after
Heap after GC invocations=741 (full 368):
 PSYoungGen      total 557056K, used 0K [0x000000076cd80000, 0x0000000796e80000, 0x00000007c0000000)
  eden space 424448K, 0% used [0x000000076cd80000,0x000000076cd80000,0x0000000786c00000)
  from space 132608K, 0% used [0x0000000786c00000,0x0000000786c00000,0x000000078ed80000)
  to   space 126976K, 0% used [0x000000078f280000,0x000000078f280000,0x0000000796e80000)
 ParOldGen       total 243200K, used 81032K [0x00000006c6800000, 0x00000006d5580000, 0x000000076cd80000)
  object space 243200K, 33% used [0x00000006c6800000,0x00000006cb7223c8,0x00000006d5580000)
 Metaspace       used 19367K, capacity 19630K, committed 19968K, reserved 1067008K
  class space    used 1879K, capacity 1949K, committed 2048K, reserved 1048576K
}
Event: 207,458 GC heap before
{Heap before GC invocations=742 (full 368):
 PSYoungGen      total 557056K, used 11796K [0x000000076cd80000, 0x0000000796e80000, 0x00000007c0000000)
  eden space 424448K, 2% used [0x000000076cd80000,0x000000076d9051d8,0x0000000786c00000)
  from space 132608K, 0% used [0x0000000786c00000,0x0000000786c00000,0x000000078ed80000)
  to   space 126976K, 0% used [0x000000078f280000,0x000000078f280000,0x0000000796e80000)
 ParOldGen       total 243200K, used 81032K [0x00000006c6800000, 0x00000006d5580000, 0x000000076cd80000)
  object space 243200K, 33% used [0x00000006c6800000,0x00000006cb7223c8,0x00000006d5580000)
 Metaspace       used 19369K, capacity 19630K, committed 19968K, reserved 1067008K
  class space    used 1879K, capacity 1949K, committed 2048K, reserved 1048576K
Event: 207,460 GC heap after
Heap after GC invocations=742 (full 368):
 PSYoungGen      total 550912K, used 32K [0x000000076cd80000, 0x0000000796380000, 0x00000007c0000000)
  eden space 435200K, 0% used [0x000000076cd80000,0x000000076cd80000,0x0000000787680000)
  from space 115712K, 0% used [0x000000078f280000,0x000000078f288000,0x0000000796380000)
  to   space 121344K, 0% used [0x0000000787680000,0x0000000787680000,0x000000078ed00000)
 ParOldGen       total 243200K, used 81032K [0x00000006c6800000, 0x00000006d5580000, 0x000000076cd80000)
  object space 243200K, 33% used [0x00000006c6800000,0x00000006cb7223c8,0x00000006d5580000)
 Metaspace       used 19369K, capacity 19630K, committed 19968K, reserved 1067008K
  class space    used 1879K, capacity 1949K, committed 2048K, reserved 1048576K
}
Event: 207,460 GC heap before
{Heap before GC invocations=743 (full 369):
 PSYoungGen      total 550912K, used 32K [0x000000076cd80000, 0x0000000796380000, 0x00000007c0000000)
  eden space 435200K, 0% used [0x000000076cd80000,0x000000076cd80000,0x0000000787680000)
  from space 115712K, 0% used [0x000000078f280000,0x000000078f288000,0x0000000796380000)
  to   space 121344K, 0% used [0x0000000787680000,0x0000000787680000,0x000000078ed00000)
 ParOldGen       total 243200K, used 81032K [0x00000006c6800000, 0x00000006d5580000, 0x000000076cd80000)
  object space 243200K, 33% used [0x00000006c6800000,0x00000006cb7223c8,0x00000006d5580000)
 Metaspace       used 19369K, capacity 19630K, committed 19968K, reserved 1067008K
  class space    used 1879K, capacity 1949K, committed 2048K, reserved 1048576K
Event: 207,817 GC heap after
Heap after GC invocations=743 (full 369):
 PSYoungGen      total 550912K, used 0K [0x000000076cd80000, 0x0000000796380000, 0x00000007c0000000)
  eden space 435200K, 0% used [0x000000076cd80000,0x000000076cd80000,0x0000000787680000)
  from space 115712K, 0% used [0x000000078f280000,0x000000078f280000,0x0000000796380000)
  to   space 121344K, 0% used [0x0000000787680000,0x0000000787680000,0x000000078ed00000)
 ParOldGen       total 243200K, used 75828K [0x00000006c6800000, 0x00000006d5580000, 0x000000076cd80000)
  object space 243200K, 31% used [0x00000006c6800000,0x00000006cb20d0b8,0x00000006d5580000)
 Metaspace       used 19369K, capacity 19630K, committed 19968K, reserved 1067008K
  class space    used 1879K, capacity 1949K, committed 2048K, reserved 1048576K
}
Event: 208,359 GC heap before
{Heap before GC invocations=744 (full 369):
 PSYoungGen      total 550912K, used 310552K [0x000000076cd80000, 0x0000000796380000, 0x00000007c0000000)
  eden space 435200K, 71% used [0x000000076cd80000,0x000000077fcc6118,0x0000000787680000)
  from space 115712K, 0% used [0x000000078f280000,0x000000078f280000,0x0000000796380000)
  to   space 121344K, 0% used [0x0000000787680000,0x0000000787680000,0x000000078ed00000)
 ParOldGen       total 243200K, used 75828K [0x00000006c6800000, 0x00000006d5580000, 0x000000076cd80000)
  object space 243200K, 31% used [0x00000006c6800000,0x00000006cb20d0b8,0x00000006d5580000)
 Metaspace       used 19376K, capacity 19630K, committed 19968K, reserved 1067008K
  class space    used 1879K, capacity 1949K, committed 2048K, reserved 1048576K
Event: 208,424 GC heap after
Heap after GC invocations=744 (full 369):
 PSYoungGen      total 556544K, used 79061K [0x000000076cd80000, 0x0000000797880000, 0x00000007c0000000)
  eden space 435200K, 0% used [0x000000076cd80000,0x000000076cd80000,0x0000000787680000)
  from space 121344K, 65% used [0x0000000787680000,0x000000078c3b5588,0x000000078ed00000)
  to   space 132096K, 0% used [0x000000078f780000,0x000000078f780000,0x0000000797880000)
 ParOldGen       total 243200K, used 75828K [0x00000006c6800000, 0x00000006d5580000, 0x000000076cd80000)
  object space 243200K, 31% used [0x00000006c6800000,0x00000006cb20d0b8,0x00000006d5580000)
 Metaspace       used 19376K, capacity 19630K, committed 19968K, reserved 1067008K
  class space    used 1879K, capacity 1949K, committed 2048K, reserved 1048576K
}
Event: 208,424 GC heap before
{Heap before GC invocations=745 (full 370):
 PSYoungGen      total 556544K, used 79061K [0x000000076cd80000, 0x0000000797880000, 0x00000007c0000000)
  eden space 435200K, 0% used [0x000000076cd80000,0x000000076cd80000,0x0000000787680000)
  from space 121344K, 65% used [0x0000000787680000,0x000000078c3b5588,0x000000078ed00000)
  to   space 132096K, 0% used [0x000000078f780000,0x000000078f780000,0x0000000797880000)
 ParOldGen       total 243200K, used 75828K [0x00000006c6800000, 0x00000006d5580000, 0x000000076cd80000)
  object space 243200K, 31% used [0x00000006c6800000,0x00000006cb20d0b8,0x00000006d5580000)
 Metaspace       used 19376K, capacity 19630K, committed 19968K, reserved 1067008K
  class space    used 1879K, capacity 1949K, committed 2048K, reserved 1048576K
Event: 208,852 GC heap after
Heap after GC invocations=745 (full 370):
 PSYoungGen      total 556544K, used 0K [0x000000076cd80000, 0x0000000797880000, 0x00000007c0000000)
  eden space 435200K, 0% used [0x000000076cd80000,0x000000076cd80000,0x0000000787680000)
  from space 121344K, 0% used [0x0000000787680000,0x0000000787680000,0x000000078ed00000)
  to   space 132096K, 0% used [0x000000078f780000,0x000000078f780000,0x0000000797880000)
 ParOldGen       total 243200K, used 108947K [0x00000006c6800000, 0x00000006d5580000, 0x000000076cd80000)
  object space 243200K, 44% used [0x00000006c6800000,0x00000006cd264d10,0x00000006d5580000)
 Metaspace       used 19376K, capacity 19630K, committed 19968K, reserved 1067008K
  class space    used 1879K, capacity 1949K, committed 2048K, reserved 1048576K
}
Event: 208,853 GC heap before
{Heap before GC invocations=746 (full 370):
 PSYoungGen      total 556544K, used 12811K [0x000000076cd80000, 0x0000000797880000, 0x00000007c0000000)
  eden space 435200K, 2% used [0x000000076cd80000,0x000000076da02e00,0x0000000787680000)
  from space 121344K, 0% used [0x0000000787680000,0x0000000787680000,0x000000078ed00000)
  to   space 132096K, 0% used [0x000000078f780000,0x000000078f780000,0x0000000797880000)
 ParOldGen       total 243200K, used 108947K [0x00000006c6800000, 0x00000006d5580000, 0x000000076cd80000)
  object space 243200K, 44% used [0x00000006c6800000,0x00000006cd264d10,0x00000006d5580000)
 Metaspace       used 19376K, capacity 19630K, committed 19968K, reserved 1067008K
  class space    used 1879K, capacity 1949K, committed 2048K, reserved 1048576K
Event: 208,868 GC heap after
Heap after GC invocations=746 (full 370):
 PSYoungGen      total 557056K, used 64K [0x000000076cd80000, 0x0000000796e80000, 0x00000007c0000000)
  eden space 435200K, 0% used [0x000000076cd80000,0x000000076cd80000,0x0000000787680000)
  from space 121856K, 0% used [0x000000078f780000,0x000000078f790000,0x0000000796e80000)
  to   space 126976K, 0% used [0x0000000787680000,0x0000000787680000,0x000000078f280000)
 ParOldGen       total 243200K, used 108947K [0x00000006c6800000, 0x00000006d5580000, 0x000000076cd80000)
  object space 243200K, 44% used [0x00000006c6800000,0x00000006cd264d10,0x00000006d5580000)
 Metaspace       used 19376K, capacity 19630K, committed 19968K, reserved 1067008K
  class space    used 1879K, capacity 1949K, committed 2048K, reserved 1048576K
}
Event: 208,868 GC heap before
{Heap before GC invocations=747 (full 371):
 PSYoungGen      total 557056K, used 64K [0x000000076cd80000, 0x0000000796e80000, 0x00000007c0000000)
  eden space 435200K, 0% used [0x000000076cd80000,0x000000076cd80000,0x0000000787680000)
  from space 121856K, 0% used [0x000000078f780000,0x000000078f790000,0x0000000796e80000)
  to   space 126976K, 0% used [0x0000000787680000,0x0000000787680000,0x000000078f280000)
 ParOldGen       total 243200K, used 108947K [0x00000006c6800000, 0x00000006d5580000, 0x000000076cd80000)
  object space 243200K, 44% used [0x00000006c6800000,0x00000006cd264d10,0x00000006d5580000)
 Metaspace       used 19376K, capacity 19630K, committed 19968K, reserved 1067008K
  class space    used 1879K, capacity 1949K, committed 2048K, reserved 1048576K
Event: 209,015 GC heap after
Heap after GC invocations=747 (full 371):
 PSYoungGen      total 557056K, used 0K [0x000000076cd80000, 0x0000000796e80000, 0x00000007c0000000)
  eden space 435200K, 0% used [0x000000076cd80000,0x000000076cd80000,0x0000000787680000)
  from space 121856K, 0% used [0x000000078f780000,0x000000078f780000,0x0000000796e80000)
  to   space 126976K, 0% used [0x0000000787680000,0x0000000787680000,0x000000078f280000)
 ParOldGen       total 243200K, used 82336K [0x00000006c6800000, 0x00000006d5580000, 0x000000076cd80000)
  object space 243200K, 33% used [0x00000006c6800000,0x00000006cb868140,0x00000006d5580000)
 Metaspace       used 19376K, capacity 19630K, committed 19968K, reserved 1067008K
  class space    used 1879K, capacity 1949K, committed 2048K, reserved 1048576K
}
Event: 209,016 GC heap before
{Heap before GC invocations=748 (full 371):
 PSYoungGen      total 557056K, used 5568K [0x000000076cd80000, 0x0000000796e80000, 0x00000007c0000000)
  eden space 435200K, 1% used [0x000000076cd80000,0x000000076d2f0198,0x0000000787680000)
  from space 121856K, 0% used [0x000000078f780000,0x000000078f780000,0x0000000796e80000)
  to   space 126976K, 0% used [0x0000000787680000,0x0000000787680000,0x000000078f280000)
 ParOldGen       total 243200K, used 82336K [0x00000006c6800000, 0x00000006d5580000, 0x000000076cd80000)
  object space 243200K, 33% used [0x00000006c6800000,0x00000006cb868140,0x00000006d5580000)
 Metaspace       used 19376K, capacity 19630K, committed 19968K, reserved 1067008K
  class space    used 1879K, capacity 1949K, committed 2048K, reserved 1048576K
Event: 209,017 GC heap after
Heap after GC invocations=748 (full 371):
 PSYoungGen      total 435712K, used 64K [0x000000076cd80000, 0x0000000796380000, 0x00000007c0000000)
  eden space 435200K, 0% used [0x000000076cd80000,0x000000076cd80000,0x0000000787680000)
  from space 512K, 12% used [0x0000000787680000,0x0000000787690000,0x0000000787700000)
  to   space 121344K, 0% used [0x000000078ed00000,0x000000078ed00000,0x0000000796380000)
 ParOldGen       total 243200K, used 82336K [0x00000006c6800000, 0x00000006d5580000, 0x000000076cd80000)
  object space 243200K, 33% used [0x00000006c6800000,0x00000006cb868140,0x00000006d5580000)
 Metaspace       used 19376K, capacity 19630K, committed 19968K, reserved 1067008K
  class space    used 1879K, capacity 1949K, committed 2048K, reserved 1048576K
}
Event: 209,017 GC heap before
{Heap before GC invocations=749 (full 372):
 PSYoungGen      total 435712K, used 64K [0x000000076cd80000, 0x0000000796380000, 0x00000007c0000000)
  eden space 435200K, 0% used [0x000000076cd80000,0x000000076cd80000,0x0000000787680000)
  from space 512K, 12% used [0x0000000787680000,0x0000000787690000,0x0000000787700000)
  to   space 121344K, 0% used [0x000000078ed00000,0x000000078ed00000,0x0000000796380000)
 ParOldGen       total 243200K, used 82336K [0x00000006c6800000, 0x00000006d5580000, 0x000000076cd80000)
  object space 243200K, 33% used [0x00000006c6800000,0x00000006cb868140,0x00000006d5580000)
 Metaspace       used 19376K, capacity 19630K, committed 19968K, reserved 1067008K
  class space    used 1879K, capacity 1949K, committed 2048K, reserved 1048576K
Event: 209,247 GC heap after
Heap after GC invocations=749 (full 372):
 PSYoungGen      total 435712K, used 0K [0x000000076cd80000, 0x0000000796380000, 0x00000007c0000000)
  eden space 435200K, 0% used [0x000000076cd80000,0x000000076cd80000,0x0000000787680000)
  from space 512K, 0% used [0x0000000787680000,0x0000000787680000,0x0000000787700000)
  to   space 121344K, 0% used [0x000000078ed00000,0x000000078ed00000,0x0000000796380000)
 ParOldGen       total 243200K, used 77125K [0x00000006c6800000, 0x00000006d5580000, 0x000000076cd80000)
  object space 243200K, 31% used [0x00000006c6800000,0x00000006cb351738,0x00000006d5580000)
 Metaspace       used 19376K, capacity 19630K, committed 19968K, reserved 1067008K
  class space    used 1879K, capacity 1949K, committed 2048K, reserved 1048576K
}
Event: 209,799 GC heap before
{Heap before GC invocations=750 (full 372):
 PSYoungGen      total 435712K, used 310548K [0x000000076cd80000, 0x0000000796380000, 0x00000007c0000000)
  eden space 435200K, 71% used [0x000000076cd80000,0x000000077fcc51a0,0x0000000787680000)
  from space 512K, 0% used [0x0000000787680000,0x0000000787680000,0x0000000787700000)
  to   space 121344K, 0% used [0x000000078ed00000,0x000000078ed00000,0x0000000796380000)
 ParOldGen       total 243200K, used 77125K [0x00000006c6800000, 0x00000006d5580000, 0x000000076cd80000)
  object space 243200K, 31% used [0x00000006c6800000,0x00000006cb351738,0x00000006d5580000)
 Metaspace       used 19377K, capacity 19630K, committed 19968K, reserved 1067008K
  class space    used 1879K, capacity 1949K, committed 2048K, reserved 1048576K
Event: 209,895 GC heap after
Heap after GC invocations=750 (full 372):
 PSYoungGen      total 545792K, used 79109K [0x000000076cd80000, 0x0000000797880000, 0x00000007c0000000)
  eden space 424448K, 0% used [0x000000076cd80000,0x000000076cd80000,0x0000000786c00000)
  from space 121344K, 65% used [0x000000078ed00000,0x0000000793a41518,0x0000000796380000)
  to   space 132096K, 0% used [0x0000000786c00000,0x0000000786c00000,0x000000078ed00000)
 ParOldGen       total 243200K, used 77125K [0x00000006c6800000, 0x00000006d5580000, 0x000000076cd80000)
  object space 243200K, 31% used [0x00000006c6800000,0x00000006cb351738,0x00000006d5580000)
 Metaspace       used 19377K, capacity 19630K, committed 19968K, reserved 1067008K
  class space    used 1879K, capacity 1949K, committed 2048K, reserved 1048576K
}
Event: 209,895 GC heap before
{Heap before GC invocations=751 (full 373):
 PSYoungGen      total 545792K, used 79109K [0x000000076cd80000, 0x0000000797880000, 0x00000007c0000000)
  eden space 424448K, 0% used [0x000000076cd80000,0x000000076cd80000,0x0000000786c00000)
  from space 121344K, 65% used [0x000000078ed00000,0x0000000793a41518,0x0000000796380000)
  to   space 132096K, 0% used [0x0000000786c00000,0x0000000786c00000,0x000000078ed00000)
 ParOldGen       total 243200K, used 77125K [0x00000006c6800000, 0x00000006d5580000, 0x000000076cd80000)
  object space 243200K, 31% used [0x00000006c6800000,0x00000006cb351738,0x00000006d5580000)
 Metaspace       used 19377K, capacity 19630K, committed 19968K, reserved 1067008K
  class space    used 1879K, capacity 1949K, committed 2048K, reserved 1048576K
Event: 210,336 GC heap after
Heap after GC invocations=751 (full 373):
 PSYoungGen      total 545792K, used 0K [0x000000076cd80000, 0x0000000797880000, 0x00000007c0000000)
  eden space 424448K, 0% used [0x000000076cd80000,0x000000076cd80000,0x0000000786c00000)
  from space 121344K, 0% used [0x000000078ed00000,0x000000078ed00000,0x0000000796380000)
  to   space 132096K, 0% used [0x0000000786c00000,0x0000000786c00000,0x000000078ed00000)
 ParOldGen       total 243200K, used 154735K [0x00000006c6800000, 0x00000006d5580000, 0x000000076cd80000)
  object space 243200K, 63% used [0x00000006c6800000,0x00000006cff1bdf8,0x00000006d5580000)
 Metaspace       used 19377K, capacity 19630K, committed 19968K, reserved 1067008K
  class space    used 1879K, capacity 1949K, committed 2048K, reserved 1048576K
}
Event: 210,341 GC heap before
{Heap before GC invocations=752 (full 373):
 PSYoungGen      total 545792K, used 18156K [0x000000076cd80000, 0x0000000797880000, 0x00000007c0000000)
  eden space 424448K, 4% used [0x000000076cd80000,0x000000076df3b1f0,0x0000000786c00000)
  from space 121344K, 0% used [0x000000078ed00000,0x000000078ed00000,0x0000000796380000)
  to   space 132096K, 0% used [0x0000000786c00000,0x0000000786c00000,0x000000078ed00000)
 ParOldGen       total 243200K, used 154735K [0x00000006c6800000, 0x00000006d5580000, 0x000000076cd80000)
  object space 243200K, 63% used [0x00000006c6800000,0x00000006cff1bdf8,0x00000006d5580000)
 Metaspace       used 19377K, capacity 19630K, committed 19968K, reserved 1067008K
  class space    used 1879K, capacity 1949K, committed 2048K, reserved 1048576K
Event: 210,349 GC heap after
Heap after GC invocations=752 (full 373):
 PSYoungGen      total 556544K, used 32K [0x000000076cd80000, 0x0000000796e80000, 0x00000007c0000000)
  eden space 424448K, 0% used [0x000000076cd80000,0x000000076cd80000,0x0000000786c00000)
  from space 132096K, 0% used [0x0000000786c00000,0x0000000786c08000,0x000000078ed00000)
  to   space 126976K, 0% used [0x000000078f280000,0x000000078f280000,0x0000000796e80000)
 ParOldGen       total 243200K, used 154735K [0x00000006c6800000, 0x00000006d5580000, 0x000000076cd80000)
  object space 243200K, 63% used [0x00000006c6800000,0x00000006cff1bdf8,0x00000006d5580000)
 Metaspace       used 19377K, capacity 19630K, committed 19968K, reserved 1067008K
  class space    used 1879K, capacity 1949K, committed 2048K, reserved 1048576K
}
Event: 210,349 GC heap before
{Heap before GC invocations=753 (full 374):
 PSYoungGen      total 556544K, used 32K [0x000000076cd80000, 0x0000000796e80000, 0x00000007c0000000)
  eden space 424448K, 0% used [0x000000076cd80000,0x000000076cd80000,0x0000000786c00000)
  from space 132096K, 0% used [0x0000000786c00000,0x0000000786c08000,0x000000078ed00000)
  to   space 126976K, 0% used [0x000000078f280000,0x000000078f280000,0x0000000796e80000)
 ParOldGen       total 243200K, used 154735K [0x00000006c6800000, 0x00000006d5580000, 0x000000076cd80000)
  object space 243200K, 63% used [0x00000006c6800000,0x00000006cff1bdf8,0x00000006d5580000)
 Metaspace       used 19377K, capacity 19630K, committed 19968K, reserved 1067008K
  class space    used 1879K, capacity 1949K, committed 2048K, reserved 1048576K
Event: 210,463 GC heap after
Heap after GC invocations=753 (full 374):
 PSYoungGen      total 556544K, used 0K [0x000000076cd80000, 0x0000000796e80000, 0x00000007c0000000)
  eden space 424448K, 0% used [0x000000076cd80000,0x000000076cd80000,0x0000000786c00000)
  from space 132096K, 0% used [0x0000000786c00000,0x0000000786c00000,0x000000078ed00000)
  to   space 126976K, 0% used [0x000000078f280000,0x000000078f280000,0x0000000796e80000)
 ParOldGen       total 243200K, used 81060K [0x00000006c6800000, 0x00000006d5580000, 0x000000076cd80000)
  object space 243200K, 33% used [0x00000006c6800000,0x00000006cb7291c8,0x00000006d5580000)
 Metaspace       used 19377K, capacity 19630K, committed 19968K, reserved 1067008K
  class space    used 1879K, capacity 1949K, committed 2048K, reserved 1048576K
}
Event: 210,463 GC heap before
{Heap before GC invocations=754 (full 374):
 PSYoungGen      total 556544K, used 5430K [0x000000076cd80000, 0x0000000796e80000, 0x00000007c0000000)
  eden space 424448K, 1% used [0x000000076cd80000,0x000000076d2cdb48,0x0000000786c00000)
  from space 132096K, 0% used [0x0000000786c00000,0x0000000786c00000,0x000000078ed00000)
  to   space 126976K, 0% used [0x000000078f280000,0x000000078f280000,0x0000000796e80000)
 ParOldGen       total 243200K, used 81060K [0x00000006c6800000, 0x00000006d5580000, 0x000000076cd80000)
  object space 243200K, 33% used [0x00000006c6800000,0x00000006cb7291c8,0x00000006d5580000)
 Metaspace       used 19377K, capacity 19630K, committed 19968K, reserved 1067008K
  class space    used 1879K, capacity 1949K, committed 2048K, reserved 1048576K
Event: 210,467 GC heap after
Heap after GC invocations=754 (full 374):
 PSYoungGen      total 550912K, used 64K [0x000000076cd80000, 0x0000000796380000, 0x00000007c0000000)
  eden space 435200K, 0% used [0x000000076cd80000,0x000000076cd80000,0x0000000787680000)
  from space 115712K, 0% used [0x000000078f280000,0x000000078f290000,0x0000000796380000)
  to   space 121344K, 0% used [0x0000000787680000,0x0000000787680000,0x000000078ed00000)
 ParOldGen       total 243200K, used 81060K [0x00000006c6800000, 0x00000006d5580000, 0x000000076cd80000)
  object space 243200K, 33% used [0x00000006c6800000,0x00000006cb7291c8,0x00000006d5580000)
 Metaspace       used 19377K, capacity 19630K, committed 19968K, reserved 1067008K
  class space    used 1879K, capacity 1949K, committed 2048K, reserved 1048576K
}
Event: 210,467 GC heap before
{Heap before GC invocations=755 (full 375):
 PSYoungGen      total 550912K, used 64K [0x000000076cd80000, 0x0000000796380000, 0x00000007c0000000)
  eden space 435200K, 0% used [0x000000076cd80000,0x000000076cd80000,0x0000000787680000)
  from space 115712K, 0% used [0x000000078f280000,0x000000078f290000,0x0000000796380000)
  to   space 121344K, 0% used [0x0000000787680000,0x0000000787680000,0x000000078ed00000)
 ParOldGen       total 243200K, used 81060K [0x00000006c6800000, 0x00000006d5580000, 0x000000076cd80000)
  object space 243200K, 33% used [0x00000006c6800000,0x00000006cb7291c8,0x00000006d5580000)
 Metaspace       used 19377K, capacity 19630K, committed 19968K, reserved 1067008K
  class space    used 1879K, capacity 1949K, committed 2048K, reserved 1048576K
Event: 210,711 GC heap after
Heap after GC invocations=755 (full 375):
 PSYoungGen      total 550912K, used 0K [0x000000076cd80000, 0x0000000796380000, 0x00000007c0000000)
  eden space 435200K, 0% used [0x000000076cd80000,0x000000076cd80000,0x0000000787680000)
  from space 115712K, 0% used [0x000000078f280000,0x000000078f280000,0x0000000796380000)
  to   space 121344K, 0% used [0x0000000787680000,0x0000000787680000,0x000000078ed00000)
 ParOldGen       total 243200K, used 75854K [0x00000006c6800000, 0x00000006d5580000, 0x000000076cd80000)
  object space 243200K, 31% used [0x00000006c6800000,0x00000006cb213830,0x00000006d5580000)
 Metaspace       used 19377K, capacity 19630K, committed 19968K, reserved 1067008K
  class space    used 1879K, capacity 1949K, committed 2048K, reserved 1048576K
}
Event: 211,261 GC heap before
{Heap before GC invocations=756 (full 375):
 PSYoungGen      total 550912K, used 310560K [0x000000076cd80000, 0x0000000796380000, 0x00000007c0000000)
  eden space 435200K, 71% used [0x000000076cd80000,0x000000077fcc83e0,0x0000000787680000)
  from space 115712K, 0% used [0x000000078f280000,0x000000078f280000,0x0000000796380000)
  to   space 121344K, 0% used [0x0000000787680000,0x0000000787680000,0x000000078ed00000)
 ParOldGen       total 243200K, used 75854K [0x00000006c6800000, 0x00000006d5580000, 0x000000076cd80000)
  object space 243200K, 31% used [0x00000006c6800000,0x00000006cb213830,0x00000006d5580000)
 Metaspace       used 19377K, capacity 19630K, committed 19968K, reserved 1067008K
  class space    used 1879K, capacity 1949K, committed 2048K, reserved 1048576K
Event: 211,322 GC heap after
Heap after GC invocations=756 (full 375):
 PSYoungGen      total 556544K, used 79077K [0x000000076cd80000, 0x0000000797880000, 0x00000007c0000000)
  eden space 435200K, 0% used [0x000000076cd80000,0x000000076cd80000,0x0000000787680000)
  from space 121344K, 65% used [0x0000000787680000,0x000000078c3b9558,0x000000078ed00000)
  to   space 132096K, 0% used [0x000000078f780000,0x000000078f780000,0x0000000797880000)
 ParOldGen       total 243200K, used 75854K [0x00000006c6800000, 0x00000006d5580000, 0x000000076cd80000)
  object space 243200K, 31% used [0x00000006c6800000,0x00000006cb213830,0x00000006d5580000)
 Metaspace       used 19377K, capacity 19630K, committed 19968K, reserved 1067008K
  class space    used 1879K, capacity 1949K, committed 2048K, reserved 1048576K
}
Event: 211,322 GC heap before
{Heap before GC invocations=757 (full 376):
 PSYoungGen      total 556544K, used 79077K [0x000000076cd80000, 0x0000000797880000, 0x00000007c0000000)
  eden space 435200K, 0% used [0x000000076cd80000,0x000000076cd80000,0x0000000787680000)
  from space 121344K, 65% used [0x0000000787680000,0x000000078c3b9558,0x000000078ed00000)
  to   space 132096K, 0% used [0x000000078f780000,0x000000078f780000,0x0000000797880000)
 ParOldGen       total 243200K, used 75854K [0x00000006c6800000, 0x00000006d5580000, 0x000000076cd80000)
  object space 243200K, 31% used [0x00000006c6800000,0x00000006cb213830,0x00000006d5580000)
 Metaspace       used 19377K, capacity 19630K, committed 19968K, reserved 1067008K
  class space    used 1879K, capacity 1949K, committed 2048K, reserved 1048576K
Event: 211,713 GC heap after
Heap after GC invocations=757 (full 376):
 PSYoungGen      total 556544K, used 0K [0x000000076cd80000, 0x0000000797880000, 0x00000007c0000000)
  eden space 435200K, 0% used [0x000000076cd80000,0x000000076cd80000,0x0000000787680000)
  from space 121344K, 0% used [0x0000000787680000,0x0000000787680000,0x000000078ed00000)
  to   space 132096K, 0% used [0x000000078f780000,0x000000078f780000,0x0000000797880000)
 ParOldGen       total 243200K, used 108964K [0x00000006c6800000, 0x00000006d5580000, 0x000000076cd80000)
  object space 243200K, 44% used [0x00000006c6800000,0x00000006cd2693f0,0x00000006d5580000)
 Metaspace       used 19377K, capacity 19630K, committed 19968K, reserved 1067008K
  class space    used 1879K, capacity 1949K, committed 2048K, reserved 1048576K
}
Event: 211,714 GC heap before
{Heap before GC invocations=758 (full 376):
 PSYoungGen      total 556544K, used 15712K [0x000000076cd80000, 0x0000000797880000, 0x00000007c0000000)
  eden space 435200K, 3% used [0x000000076cd80000,0x000000076dcd8328,0x0000000787680000)
  from space 121344K, 0% used [0x0000000787680000,0x0000000787680000,0x000000078ed00000)
  to   space 132096K, 0% used [0x000000078f780000,0x000000078f780000,0x0000000797880000)
 ParOldGen       total 243200K, used 108964K [0x00000006c6800000, 0x00000006d5580000, 0x000000076cd80000)
  object space 243200K, 44% used [0x00000006c6800000,0x00000006cd2693f0,0x00000006d5580000)
 Metaspace       used 19377K, capacity 19630K, committed 19968K, reserved 1067008K
  class space    used 1879K, capacity 1949K, committed 2048K, reserved 1048576K
Event: 211,716 GC heap after
Heap after GC invocations=758 (full 376):
 PSYoungGen      total 557056K, used 64K [0x000000076cd80000, 0x0000000796e80000, 0x00000007c0000000)
  eden space 435200K, 0% used [0x000000076cd80000,0x000000076cd80000,0x0000000787680000)
  from space 121856K, 0% used [0x000000078f780000,0x000000078f790000,0x0000000796e80000)
  to   space 126976K, 0% used [0x0000000787680000,0x0000000787680000,0x000000078f280000)
 ParOldGen       total 243200K, used 108964K [0x00000006c6800000, 0x00000006d5580000, 0x000000076cd80000)
  object space 243200K, 44% used [0x00000006c6800000,0x00000006cd2693f0,0x00000006d5580000)
 Metaspace       used 19377K, capacity 19630K, committed 19968K, reserved 1067008K
  class space    used 1879K, capacity 1949K, committed 2048K, reserved 1048576K
}
Event: 211,716 GC heap before
{Heap before GC invocations=759 (full 377):
 PSYoungGen      total 557056K, used 64K [0x000000076cd80000, 0x0000000796e80000, 0x00000007c0000000)
  eden space 435200K, 0% used [0x000000076cd80000,0x000000076cd80000,0x0000000787680000)
  from space 121856K, 0% used [0x000000078f780000,0x000000078f790000,0x0000000796e80000)
  to   space 126976K, 0% used [0x0000000787680000,0x0000000787680000,0x000000078f280000)
 ParOldGen       total 243200K, used 108964K [0x00000006c6800000, 0x00000006d5580000, 0x000000076cd80000)
  object space 243200K, 44% used [0x00000006c6800000,0x00000006cd2693f0,0x00000006d5580000)
 Metaspace       used 19377K, capacity 19630K, committed 19968K, reserved 1067008K
  class space    used 1879K, capacity 1949K, committed 2048K, reserved 1048576K
Event: 211,942 GC heap after
Heap after GC invocations=759 (full 377):
 PSYoungGen      total 557056K, used 0K [0x000000076cd80000, 0x0000000796e80000, 0x00000007c0000000)
  eden space 435200K, 0% used [0x000000076cd80000,0x000000076cd80000,0x0000000787680000)
  from space 121856K, 0% used [0x000000078f780000,0x000000078f780000,0x0000000796e80000)
  to   space 126976K, 0% used [0x0000000787680000,0x0000000787680000,0x000000078f280000)
 ParOldGen       total 243200K, used 108872K [0x00000006c6800000, 0x00000006d5580000, 0x000000076cd80000)
  object space 243200K, 44% used [0x00000006c6800000,0x00000006cd2523b8,0x00000006d5580000)
 Metaspace       used 19377K, capacity 19630K, committed 19968K, reserved 1067008K
  class space    used 1879K, capacity 1949K, committed 2048K, reserved 1048576K
}
Event: 211,943 GC heap before
{Heap before GC invocations=760 (full 377):
 PSYoungGen      total 557056K, used 9919K [0x000000076cd80000, 0x0000000796e80000, 0x00000007c0000000)
  eden space 435200K, 2% used [0x000000076cd80000,0x000000076d72ffc0,0x0000000787680000)
  from space 121856K, 0% used [0x000000078f780000,0x000000078f780000,0x0000000796e80000)
  to   space 126976K, 0% used [0x0000000787680000,0x0000000787680000,0x000000078f280000)
 ParOldGen       total 243200K, used 108872K [0x00000006c6800000, 0x00000006d5580000, 0x000000076cd80000)
  object space 243200K, 44% used [0x00000006c6800000,0x00000006cd2523b8,0x00000006d5580000)
 Metaspace       used 19377K, capacity 19630K, committed 19968K, reserved 1067008K
  class space    used 1879K, capacity 1949K, committed 2048K, reserved 1048576K
Event: 211,946 GC heap after
Heap after GC invocations=760 (full 377):
 PSYoungGen      total 435712K, used 64K [0x000000076cd80000, 0x0000000796380000, 0x00000007c0000000)
  eden space 435200K, 0% used [0x000000076cd80000,0x000000076cd80000,0x0000000787680000)
  from space 512K, 12% used [0x0000000787680000,0x0000000787690000,0x0000000787700000)
  to   space 121344K, 0% used [0x000000078ed00000,0x000000078ed00000,0x0000000796380000)
 ParOldGen       total 243200K, used 108872K [0x00000006c6800000, 0x00000006d5580000, 0x000000076cd80000)
  object space 243200K, 44% used [0x00000006c6800000,0x00000006cd2523b8,0x00000006d5580000)
 Metaspace       used 19377K, capacity 19630K, committed 19968K, reserved 1067008K
  class space    used 1879K, capacity 1949K, committed 2048K, reserved 1048576K
}
Event: 211,946 GC heap before
{Heap before GC invocations=761 (full 378):
 PSYoungGen      total 435712K, used 64K [0x000000076cd80000, 0x0000000796380000, 0x00000007c0000000)
  eden space 435200K, 0% used [0x000000076cd80000,0x000000076cd80000,0x0000000787680000)
  from space 512K, 12% used [0x0000000787680000,0x0000000787690000,0x0000000787700000)
  to   space 121344K, 0% used [0x000000078ed00000,0x000000078ed00000,0x0000000796380000)
 ParOldGen       total 243200K, used 108872K [0x00000006c6800000, 0x00000006d5580000, 0x000000076cd80000)
  object space 243200K, 44% used [0x00000006c6800000,0x00000006cd2523b8,0x00000006d5580000)
 Metaspace       used 19377K, capacity 19630K, committed 19968K, reserved 1067008K
  class space    used 1879K, capacity 1949K, committed 2048K, reserved 1048576K
Event: 212,148 GC heap after
Heap after GC invocations=761 (full 378):
 PSYoungGen      total 435712K, used 0K [0x000000076cd80000, 0x0000000796380000, 0x00000007c0000000)
  eden space 435200K, 0% used [0x000000076cd80000,0x000000076cd80000,0x0000000787680000)
  from space 512K, 0% used [0x0000000787680000,0x0000000787680000,0x0000000787700000)
  to   space 121344K, 0% used [0x000000078ed00000,0x000000078ed00000,0x0000000796380000)
 ParOldGen       total 243200K, used 75835K [0x00000006c6800000, 0x00000006d5580000, 0x000000076cd80000)
  object space 243200K, 31% used [0x00000006c6800000,0x00000006cb20ee10,0x00000006d5580000)
 Metaspace       used 19377K, capacity 19630K, committed 19968K, reserved 1067008K
  class space    used 1879K, capacity 1949K, committed 2048K, reserved 1048576K
}
Event: 212,673 GC heap before
{Heap before GC invocations=762 (full 378):
 PSYoungGen      total 435712K, used 310528K [0x000000076cd80000, 0x0000000796380000, 0x00000007c0000000)
  eden space 435200K, 71% used [0x000000076cd80000,0x000000077fcc01d0,0x0000000787680000)
  from space 512K, 0% used [0x0000000787680000,0x0000000787680000,0x0000000787700000)
  to   space 121344K, 0% used [0x000000078ed00000,0x000000078ed00000,0x0000000796380000)
 ParOldGen       total 243200K, used 75835K [0x00000006c6800000, 0x00000006d5580000, 0x000000076cd80000)
  object space 243200K, 31% used [0x00000006c6800000,0x00000006cb20ee10,0x00000006d5580000)
 Metaspace       used 19377K, capacity 19630K, committed 19968K, reserved 1067008K
  class space    used 1879K, capacity 1949K, committed 2048K, reserved 1048576K
Event: 212,735 GC heap after
Heap after GC invocations=762 (full 378):
 PSYoungGen      total 545792K, used 79125K [0x000000076cd80000, 0x0000000797880000, 0x00000007c0000000)
  eden space 424448K, 0% used [0x000000076cd80000,0x000000076cd80000,0x0000000786c00000)
  from space 121344K, 65% used [0x000000078ed00000,0x0000000793a45568,0x0000000796380000)
  to   space 132096K, 0% used [0x0000000786c00000,0x0000000786c00000,0x000000078ed00000)
 ParOldGen       total 243200K, used 75835K [0x00000006c6800000, 0x00000006d5580000, 0x000000076cd80000)
  object space 243200K, 31% used [0x00000006c6800000,0x00000006cb20ee10,0x00000006d5580000)
 Metaspace       used 19377K, capacity 19630K, committed 19968K, reserved 1067008K
  class space    used 1879K, capacity 1949K, committed 2048K, reserved 1048576K
}
Event: 212,735 GC heap before
{Heap before GC invocations=763 (full 379):
 PSYoungGen      total 545792K, used 79125K [0x000000076cd80000, 0x0000000797880000, 0x00000007c0000000)
  eden space 424448K, 0% used [0x000000076cd80000,0x000000076cd80000,0x0000000786c00000)
  from space 121344K, 65% used [0x000000078ed00000,0x0000000793a45568,0x0000000796380000)
  to   space 132096K, 0% used [0x0000000786c00000,0x0000000786c00000,0x000000078ed00000)
 ParOldGen       total 243200K, used 75835K [0x00000006c6800000, 0x00000006d5580000, 0x000000076cd80000)
  object space 243200K, 31% used [0x00000006c6800000,0x00000006cb20ee10,0x00000006d5580000)
 Metaspace       used 19377K, capacity 19630K, committed 19968K, reserved 1067008K
  class space    used 1879K, capacity 1949K, committed 2048K, reserved 1048576K
Event: 213,123 GC heap after
Heap after GC invocations=763 (full 379):
 PSYoungGen      total 545792K, used 0K [0x000000076cd80000, 0x0000000797880000, 0x00000007c0000000)
  eden space 424448K, 0% used [0x000000076cd80000,0x000000076cd80000,0x0000000786c00000)
  from space 121344K, 0% used [0x000000078ed00000,0x000000078ed00000,0x0000000796380000)
  to   space 132096K, 0% used [0x0000000786c00000,0x0000000786c00000,0x000000078ed00000)
 ParOldGen       total 243200K, used 108985K [0x00000006c6800000, 0x00000006d5580000, 0x000000076cd80000)
  object space 243200K, 44% used [0x00000006c6800000,0x00000006cd26e5d0,0x00000006d5580000)
 Metaspace       used 19377K, capacity 19630K, committed 19968K, reserved 1067008K
  class space    used 1879K, capacity 1949K, committed 2048K, reserved 1048576K
}
Event: 213,129 GC heap before
{Heap before GC invocations=764 (full 379):
 PSYoungGen      total 545792K, used 15324K [0x000000076cd80000, 0x0000000797880000, 0x00000007c0000000)
  eden space 424448K, 3% used [0x000000076cd80000,0x000000076dc772d0,0x0000000786c00000)
  from space 121344K, 0% used [0x000000078ed00000,0x000000078ed00000,0x0000000796380000)
  to   space 132096K, 0% used [0x0000000786c00000,0x0000000786c00000,0x000000078ed00000)
 ParOldGen       total 243200K, used 108985K [0x00000006c6800000, 0x00000006d5580000, 0x000000076cd80000)
  object space 243200K, 44% used [0x00000006c6800000,0x00000006cd26e5d0,0x00000006d5580000)
 Metaspace       used 19377K, capacity 19630K, committed 19968K, reserved 1067008K
  class space    used 1879K, capacity 1949K, committed 2048K, reserved 1048576K
Event: 213,131 GC heap after
Heap after GC invocations=764 (full 379):
 PSYoungGen      total 556544K, used 32K [0x000000076cd80000, 0x0000000796e80000, 0x00000007c0000000)
  eden space 424448K, 0% used [0x000000076cd80000,0x000000076cd80000,0x0000000786c00000)
  from space 132096K, 0% used [0x0000000786c00000,0x0000000786c08000,0x000000078ed00000)
  to   space 126976K, 0% used [0x000000078f280000,0x000000078f280000,0x0000000796e80000)
 ParOldGen       total 243200K, used 108985K [0x00000006c6800000, 0x00000006d5580000, 0x000000076cd80000)
  object space 243200K, 44% used [0x00000006c6800000,0x00000006cd26e5d0,0x00000006d5580000)
 Metaspace       used 19377K, capacity 19630K, committed 19968K, reserved 1067008K
  class space    used 1879K, capacity 1949K, committed 2048K, reserved 1048576K
}
Event: 213,131 GC heap before
{Heap before GC invocations=765 (full 380):
 PSYoungGen      total 556544K, used 32K [0x000000076cd80000, 0x0000000796e80000, 0x00000007c0000000)
  eden space 424448K, 0% used [0x000000076cd80000,0x000000076cd80000,0x0000000786c00000)
  from space 132096K, 0% used [0x0000000786c00000,0x0000000786c08000,0x000000078ed00000)
  to   space 126976K, 0% used [0x000000078f280000,0x000000078f280000,0x0000000796e80000)
 ParOldGen       total 243200K, used 108985K [0x00000006c6800000, 0x00000006d5580000, 0x000000076cd80000)
  object space 243200K, 44% used [0x00000006c6800000,0x00000006cd26e5d0,0x00000006d5580000)
 Metaspace       used 19377K, capacity 19630K, committed 19968K, reserved 1067008K
  class space    used 1879K, capacity 1949K, committed 2048K, reserved 1048576K

